#
# There is insufficient memory for the Java Runtime Environment to continue.
# Native memory allocation (malloc) failed to allocate 1286896 bytes for Chunk::new
# Possible reasons:
#   The system is out of physical RAM or swap space
#   The process is running with CompressedOops enabled, and the Java Heap may be blocking the growth of the native heap
# Possible solutions:
#   Reduce memory load on the system
#   Increase physical memory or swap space
#   Check if swap backing store is full
#   Decrease Java heap size (-Xmx/-Xms)
#   Decrease number of Java threads
#   Decrease Java thread stack sizes (-Xss)
#   Set larger code cache with -XX:ReservedCodeCacheSize=
#   JVM is running with Unscaled Compressed Oops mode in which the Java heap is
#     placed in the first 4GB address space. The Java Heap base address is the
#     maximum limit for the native heap growth. Please use -XX:HeapBaseMinAddress
#     to set the Java Heap base and to place the Java Heap above 4GB virtual address.
# This output file may be truncated or incomplete.
#
#  Out of Memory Error (./src/hotspot/share/memory/arena.cpp:197), pid=14956, tid=17824
#
# JRE version: OpenJDK Runtime Environment (11.0.10) (build 11.0.10+0-b96-7249189)
# Java VM: OpenJDK 64-Bit Server VM (11.0.10+0-b96-7249189, mixed mode, tiered, compressed oops, g1 gc, windows-amd64)
# No core dump will be written. Minidumps are not enabled by default on client versions of Windows
#

---------------  S U M M A R Y ------------

Command Line: --add-opens=java.base/java.util=ALL-UNNAMED --add-opens=java.base/java.lang=ALL-UNNAMED --add-opens=java.base/java.lang.invoke=ALL-UNNAMED --add-opens=java.base/java.util=ALL-UNNAMED --add-opens=java.prefs/java.util.prefs=ALL-UNNAMED --add-opens=java.prefs/java.util.prefs=ALL-UNNAMED --add-opens=java.base/java.nio.charset=ALL-UNNAMED --add-opens=java.base/java.net=ALL-UNNAMED --add-opens=java.base/java.util.concurrent.atomic=ALL-UNNAMED -Xmx2048m -Dfile.encoding=UTF-8 -Duser.country=US -Duser.language=en -Duser.variant org.gradle.launcher.daemon.bootstrap.GradleDaemon 7.0.2

Host: Intel(R) Core(TM) i5-1035G1 CPU @ 1.00GHz, 8 cores, 15G,  Windows 10 , 64 bit Build 19041 (10.0.19041.1348)
Time: Fri Dec  3 17:18:37 2021 SA Pacific Standard Time elapsed time: 24.722458 seconds (0d 0h 0m 24s)

---------------  T H R E A D  ---------------

Current thread (0x000001f79c703800):  JavaThread "C2 CompilerThread1" daemon [_thread_in_native, id=17824, stack(0x0000001cfc300000,0x0000001cfc400000)]


Current CompileTask:
C2:  24722 13572       4       com.android.tools.r8.internal.Nv::a (455 bytes)

Stack: [0x0000001cfc300000,0x0000001cfc400000]
Native frames: (J=compiled Java code, j=interpreted, Vv=VM code, C=native code)
V  [jvm.dll+0x5ecfaa]
V  [jvm.dll+0x722bd5]
V  [jvm.dll+0x72412d]
V  [jvm.dll+0x7247e3]
V  [jvm.dll+0x242928]
V  [jvm.dll+0xbc4fc]
V  [jvm.dll+0xbca0c]
V  [jvm.dll+0x2b4fd4]
V  [jvm.dll+0x506028]
V  [jvm.dll+0x1fcdfd]
V  [jvm.dll+0x1fa77f]
V  [jvm.dll+0x18354c]
V  [jvm.dll+0x208ee7]
V  [jvm.dll+0x207731]
V  [jvm.dll+0x6eb1cf]
V  [jvm.dll+0x6e3d45]
V  [jvm.dll+0x5ebe96]
C  [ucrtbase.dll+0x21bb2]
C  [KERNEL32.DLL+0x17034]
C  [ntdll.dll+0x52651]


---------------  P R O C E S S  ---------------

Threads class SMR info:
_java_thread_list=0x000001f79f8831f0, length=68, elements={
0x000001f7f9be0000, 0x000001f7ff8c3000, 0x000001f7ff8cc800, 0x000001f7ff8bb800,
0x000001f7ff921800, 0x000001f7ff922800, 0x000001f7ff92c800, 0x000001f7ff92e800,
0x000001f7ff933000, 0x000001f7ffaa3800, 0x000001f79736e800, 0x000001f7ffaf1000,
0x000001f795513800, 0x000001f7967da800, 0x000001f796e0c800, 0x000001f796fe6000,
0x000001f796fe2000, 0x000001f796fe3000, 0x000001f796fe7000, 0x000001f796fe1000,
0x000001f796fe3800, 0x000001f796fe4800, 0x000001f796fe7800, 0x000001f796fe5800,
0x000001f7970e3800, 0x000001f7970e4000, 0x000001f7970e5000, 0x000001f7970e2800,
0x000001f7970e5800, 0x000001f7970e6800, 0x000001f7970e8000, 0x000001f7970e9000,
0x000001f7973fc000, 0x000001f7973fe000, 0x000001f7973fa800, 0x000001f7973fd000,
0x000001f7973ff800, 0x000001f7973f9800, 0x000001f797400000, 0x000001f797401000,
0x000001f7973fb800, 0x000001f797407000, 0x000001f797402000, 0x000001f797405000,
0x000001f797402800, 0x000001f797407800, 0x000001f797403800, 0x000001f797404800,
0x000001f797406000, 0x000001f79c701000, 0x000001f79c700800, 0x000001f79c705800,
0x000001f79c703000, 0x000001f79c6ff800, 0x000001f79c70c000, 0x000001f79c70b000,
0x000001f79c709800, 0x000001f79c708800, 0x000001f79c706000, 0x000001f79c70c800,
0x000001f79c707000, 0x000001f79c70a000, 0x000001f79c70d800, 0x000001f79c703800,
0x000001f79c704800, 0x000001f79c70e800, 0x000001f79bea8800, 0x000001f79bea9800
}

Java Threads: ( => current thread )
  0x000001f7f9be0000 JavaThread "main" [_thread_blocked, id=14476, stack(0x0000001cfa600000,0x0000001cfa700000)]
  0x000001f7ff8c3000 JavaThread "Reference Handler" daemon [_thread_blocked, id=20912, stack(0x0000001cfad00000,0x0000001cfae00000)]
  0x000001f7ff8cc800 JavaThread "Finalizer" daemon [_thread_blocked, id=2944, stack(0x0000001cfae00000,0x0000001cfaf00000)]
  0x000001f7ff8bb800 JavaThread "Signal Dispatcher" daemon [_thread_blocked, id=16204, stack(0x0000001cfaf00000,0x0000001cfb000000)]
  0x000001f7ff921800 JavaThread "Attach Listener" daemon [_thread_blocked, id=1292, stack(0x0000001cfb000000,0x0000001cfb100000)]
  0x000001f7ff922800 JavaThread "Service Thread" daemon [_thread_blocked, id=21820, stack(0x0000001cfb100000,0x0000001cfb200000)]
  0x000001f7ff92c800 JavaThread "C2 CompilerThread0" daemon [_thread_in_native, id=9028, stack(0x0000001cfb200000,0x0000001cfb300000)]
  0x000001f7ff92e800 JavaThread "C1 CompilerThread0" daemon [_thread_blocked, id=19360, stack(0x0000001cfb300000,0x0000001cfb400000)]
  0x000001f7ff933000 JavaThread "Sweeper thread" daemon [_thread_blocked, id=20084, stack(0x0000001cfb400000,0x0000001cfb500000)]
  0x000001f7ffaa3800 JavaThread "Common-Cleaner" daemon [_thread_blocked, id=9644, stack(0x0000001cfb500000,0x0000001cfb600000)]
  0x000001f79736e800 JavaThread "Daemon health stats" [_thread_blocked, id=476, stack(0x0000001cfbe00000,0x0000001cfbf00000)]
  0x000001f7ffaf1000 JavaThread "Incoming local TCP Connector on port 62986" [_thread_in_native, id=4628, stack(0x0000001cfb700000,0x0000001cfb800000)]
  0x000001f795513800 JavaThread "Daemon periodic checks" [_thread_blocked, id=10600, stack(0x0000001cfb800000,0x0000001cfb900000)]
  0x000001f7967da800 JavaThread "Daemon" [_thread_blocked, id=19184, stack(0x0000001cfbf00000,0x0000001cfc000000)]
  0x000001f796e0c800 JavaThread "Handler for socket connection from /127.0.0.1:62986 to /127.0.0.1:62987" [_thread_in_native, id=6232, stack(0x0000001cfc000000,0x0000001cfc100000)]
  0x000001f796fe6000 JavaThread "Cancel handler" [_thread_blocked, id=12336, stack(0x0000001cfc100000,0x0000001cfc200000)]
  0x000001f796fe2000 JavaThread "Daemon worker" [_thread_blocked, id=20420, stack(0x0000001cfc200000,0x0000001cfc300000)]
  0x000001f796fe3000 JavaThread "Asynchronous log dispatcher for DefaultDaemonConnection: socket connection from /127.0.0.1:62986 to /127.0.0.1:62987" [_thread_blocked, id=14056, stack(0x0000001cfc400000,0x0000001cfc500000)]
  0x000001f796fe7000 JavaThread "Stdin handler" [_thread_blocked, id=21992, stack(0x0000001cfc500000,0x0000001cfc600000)]
  0x000001f796fe1000 JavaThread "Daemon client event forwarder" [_thread_blocked, id=20588, stack(0x0000001cfc600000,0x0000001cfc700000)]
  0x000001f796fe3800 JavaThread "Cache worker for file hash cache (C:\Users\hp\.gradle\caches\7.0.2\fileHashes)" [_thread_blocked, id=15728, stack(0x0000001cfc700000,0x0000001cfc800000)]
  0x000001f796fe4800 JavaThread "File lock request listener" [_thread_in_native, id=8780, stack(0x0000001cfc800000,0x0000001cfc900000)]
  0x000001f796fe7800 JavaThread "Cache worker for journal cache (C:\Users\hp\.gradle\caches\journal-1)" [_thread_blocked, id=1804, stack(0x0000001cfcc00000,0x0000001cfcd00000)]
  0x000001f796fe5800 JavaThread "Cache worker for file hash cache (C:\ViajaPeru\.gradle\7.0.2\fileHashes)" [_thread_blocked, id=15748, stack(0x0000001cfcd00000,0x0000001cfce00000)]
  0x000001f7970e3800 JavaThread "File watcher server" daemon [_thread_in_native, id=10548, stack(0x0000001cfce00000,0x0000001cfcf00000)]
  0x000001f7970e4000 JavaThread "File watcher consumer" daemon [_thread_blocked, id=21124, stack(0x0000001cfcf00000,0x0000001cfd000000)]
  0x000001f7970e5000 JavaThread "Cache worker for checksums cache (C:\ViajaPeru\.gradle\checksums)" [_thread_blocked, id=17164, stack(0x0000001cfd000000,0x0000001cfd100000)]
  0x000001f7970e2800 JavaThread "Cache worker for cache directory md-supplier (C:\Users\hp\.gradle\caches\7.0.2\md-supplier)" [_thread_blocked, id=11684, stack(0x0000001cfd100000,0x0000001cfd200000)]
  0x000001f7970e5800 JavaThread "Cache worker for cache directory md-rule (C:\Users\hp\.gradle\caches\7.0.2\md-rule)" [_thread_blocked, id=18520, stack(0x0000001cfd200000,0x0000001cfd300000)]
  0x000001f7970e6800 JavaThread "Cache worker for execution history cache (C:\Users\hp\.gradle\caches\7.0.2\executionHistory)" [_thread_blocked, id=5872, stack(0x0000001cfd400000,0x0000001cfd500000)]
  0x000001f7970e8000 JavaThread "jar transforms" [_thread_blocked, id=2276, stack(0x0000001cfd500000,0x0000001cfd600000)]
  0x000001f7970e9000 JavaThread "jar transforms Thread 2" [_thread_blocked, id=9008, stack(0x0000001cfd600000,0x0000001cfd700000)]
  0x000001f7973fc000 JavaThread "Cache worker for file content cache (C:\Users\hp\.gradle\caches\7.0.2\fileContent)" [_thread_blocked, id=2664, stack(0x0000001cfd700000,0x0000001cfd800000)]
  0x000001f7973fe000 JavaThread "Cache worker for dependencies-accessors (C:\ViajaPeru\.gradle\7.0.2\dependencies-accessors)" [_thread_blocked, id=5352, stack(0x0000001cfd800000,0x0000001cfd900000)]
  0x000001f7973fa800 JavaThread "jar transforms Thread 3" [_thread_blocked, id=22496, stack(0x0000001cfd300000,0x0000001cfd400000)]
  0x000001f7973fd000 JavaThread "Cache worker for Build Output Cleanup Cache (C:\ViajaPeru\.gradle\buildOutputCleanup)" [_thread_blocked, id=17096, stack(0x0000001cfda00000,0x0000001cfdb00000)]
  0x000001f7973ff800 JavaThread "Build operations" [_thread_blocked, id=14748, stack(0x0000001cfdb00000,0x0000001cfdc00000)]
  0x000001f7973f9800 JavaThread "Build operations Thread 2" [_thread_blocked, id=19908, stack(0x0000001cfdc00000,0x0000001cfdd00000)]
  0x000001f797400000 JavaThread "Build operations Thread 3" [_thread_blocked, id=3404, stack(0x0000001cfdd00000,0x0000001cfde00000)]
  0x000001f797401000 JavaThread "Build operations Thread 4" [_thread_blocked, id=1592, stack(0x0000001cfde00000,0x0000001cfdf00000)]
  0x000001f7973fb800 JavaThread "Build operations Thread 5" [_thread_in_vm, id=6916, stack(0x0000001cfdf00000,0x0000001cfe000000)]
  0x000001f797407000 JavaThread "Build operations Thread 6" [_thread_blocked, id=15936, stack(0x0000001cfe000000,0x0000001cfe100000)]
  0x000001f797402000 JavaThread "Build operations Thread 7" [_thread_in_Java, id=20604, stack(0x0000001cfe100000,0x0000001cfe200000)]
  0x000001f797405000 JavaThread "Build operations Thread 8" [_thread_blocked, id=12064, stack(0x0000001cfe200000,0x0000001cfe300000)]
  0x000001f797402800 JavaThread "jar transforms Thread 4" [_thread_blocked, id=5184, stack(0x0000001cfe300000,0x0000001cfe400000)]
  0x000001f797407800 JavaThread "jar transforms Thread 5" [_thread_blocked, id=824, stack(0x0000001cfe400000,0x0000001cfe500000)]
  0x000001f797403800 JavaThread "jar transforms Thread 6" [_thread_blocked, id=18192, stack(0x0000001cfe500000,0x0000001cfe600000)]
  0x000001f797404800 JavaThread "jar transforms Thread 7" [_thread_blocked, id=13652, stack(0x0000001cfe600000,0x0000001cfe700000)]
  0x000001f797406000 JavaThread "jar transforms Thread 8" [_thread_blocked, id=21036, stack(0x0000001cfe700000,0x0000001cfe800000)]
  0x000001f79c701000 JavaThread "Memory manager" [_thread_blocked, id=480, stack(0x0000001cfe800000,0x0000001cfe900000)]
  0x000001f79c700800 JavaThread "build event listener" [_thread_blocked, id=2480, stack(0x0000001cfe900000,0x0000001cfea00000)]
  0x000001f79c705800 JavaThread "pool-3-thread-1" [_thread_blocked, id=13860, stack(0x0000001cfea00000,0x0000001cfeb00000)]
  0x000001f79c703000 JavaThread "build event listener" [_thread_blocked, id=19748, stack(0x0000001cfeb00000,0x0000001cfec00000)]
  0x000001f79c6ff800 JavaThread "Execution worker for ':'" [_thread_blocked, id=9396, stack(0x0000001cfec00000,0x0000001cfed00000)]
  0x000001f79c70c000 JavaThread "Execution worker for ':' Thread 2" [_thread_blocked, id=20404, stack(0x0000001cfed00000,0x0000001cfee00000)]
  0x000001f79c70b000 JavaThread "Execution worker for ':' Thread 3" [_thread_blocked, id=19484, stack(0x0000001cfee00000,0x0000001cfef00000)]
  0x000001f79c709800 JavaThread "Execution worker for ':' Thread 4" [_thread_blocked, id=20848, stack(0x0000001cfef00000,0x0000001cff000000)]
  0x000001f79c708800 JavaThread "Execution worker for ':' Thread 5" [_thread_blocked, id=10504, stack(0x0000001cff000000,0x0000001cff100000)]
  0x000001f79c706000 JavaThread "Execution worker for ':' Thread 6" [_thread_blocked, id=13876, stack(0x0000001cff100000,0x0000001cff200000)]
  0x000001f79c70c800 JavaThread "Execution worker for ':' Thread 7" [_thread_blocked, id=15872, stack(0x0000001cff200000,0x0000001cff300000)]
  0x000001f79c707000 JavaThread "Cache worker for execution history cache (C:\ViajaPeru\.gradle\7.0.2\executionHistory)" [_thread_blocked, id=13680, stack(0x0000001cff300000,0x0000001cff400000)]
  0x000001f79c70a000 JavaThread "WorkerExecutor Queue" [_thread_blocked, id=21444, stack(0x0000001cff400000,0x0000001cff500000)]
  0x000001f79c70d800 JavaThread "WorkerExecutor Queue Thread 2" [_thread_blocked, id=14152, stack(0x0000001cff500000,0x0000001cff600000)]
=>0x000001f79c703800 JavaThread "C2 CompilerThread1" daemon [_thread_in_native, id=17824, stack(0x0000001cfc300000,0x0000001cfc400000)]
  0x000001f79c704800 JavaThread "WorkerExecutor Queue Thread 3" [_thread_blocked, id=16464, stack(0x0000001cfd900000,0x0000001cfda00000)]
  0x000001f79c70e800 JavaThread "C2 CompilerThread2" daemon [_thread_in_native, id=7612, stack(0x0000001cff600000,0x0000001cff700000)]
  0x000001f79bea8800 JavaThread "WorkerExecutor Queue Thread 4" [_thread_blocked, id=14744, stack(0x0000001cff700000,0x0000001cff800000)]
  0x000001f79bea9800 JavaThread "WorkerExecutor Queue Thread 5" [_thread_blocked, id=436, stack(0x0000001cff800000,0x0000001cff900000)]

Other Threads:
  0x000001f7ff8ac800 VMThread "VM Thread" [stack: 0x0000001cfac00000,0x0000001cfad00000] [id=19388]
  0x000001f7ffaf2800 WatcherThread [stack: 0x0000001cfb600000,0x0000001cfb700000] [id=3656]
  0x000001f7f9bf8000 GCTaskThread "GC Thread#0" [stack: 0x0000001cfa700000,0x0000001cfa800000] [id=21080]
  0x000001f795a99000 GCTaskThread "GC Thread#1" [stack: 0x0000001cfb900000,0x0000001cfba00000] [id=19852]
  0x000001f79541d800 GCTaskThread "GC Thread#2" [stack: 0x0000001cfba00000,0x0000001cfbb00000] [id=21360]
  0x000001f795c7a000 GCTaskThread "GC Thread#3" [stack: 0x0000001cfbb00000,0x0000001cfbc00000] [id=2636]
  0x000001f795c08800 GCTaskThread "GC Thread#4" [stack: 0x0000001cfbc00000,0x0000001cfbd00000] [id=19752]
  0x000001f795c09800 GCTaskThread "GC Thread#5" [stack: 0x0000001cfbd00000,0x0000001cfbe00000] [id=19728]
  0x000001f7972c4800 GCTaskThread "GC Thread#6" [stack: 0x0000001cfc900000,0x0000001cfca00000] [id=5316]
  0x000001f795d79000 GCTaskThread "GC Thread#7" [stack: 0x0000001cfca00000,0x0000001cfcb00000] [id=11468]
  0x000001f7f9c2a800 ConcurrentGCThread "G1 Main Marker" [stack: 0x0000001cfa800000,0x0000001cfa900000] [id=11740]
  0x000001f7f9c2b800 ConcurrentGCThread "G1 Conc#0" [stack: 0x0000001cfa900000,0x0000001cfaa00000] [id=14676]
  0x000001f79637a800 ConcurrentGCThread "G1 Conc#1" [stack: 0x0000001cfcb00000,0x0000001cfcc00000] [id=4244]
  0x000001f7f9cbe800 ConcurrentGCThread "G1 Refine#0" [stack: 0x0000001cfaa00000,0x0000001cfab00000] [id=1072]
  0x000001f7feefe800 ConcurrentGCThread "G1 Young RemSet Sampling" [stack: 0x0000001cfab00000,0x0000001cfac00000] [id=20312]

Threads with active compile tasks:
C2 CompilerThread0  24759 13408       4       com.android.tools.r8.internal.Me::a (1137 bytes)
C2 CompilerThread1  24759 13572       4       com.android.tools.r8.internal.Nv::a (455 bytes)
C2 CompilerThread2  24759 13412       4       com.android.tools.r8.internal.X4::a (1165 bytes)

VM state:not at safepoint (normal execution)

VM Mutex/Monitor currently owned by a thread: None

Heap address: 0x0000000080000000, size: 2048 MB, Compressed Oops mode: 32-bit
Narrow klass base: 0x0000000000000000, Narrow klass shift: 3
Compressed class space size: 1073741824 Address: 0x0000000100000000

Heap:
 garbage-first heap   total 260096K, used 83223K [0x0000000080000000, 0x0000000100000000)
  region size 1024K, 11 young (11264K), 6 survivors (6144K)
 Metaspace       used 101233K, capacity 103745K, committed 104044K, reserved 1138688K
  class space    used 13116K, capacity 14087K, committed 14240K, reserved 1048576K
Heap Regions: E=young(eden), S=young(survivor), O=old, HS=humongous(starts), HC=humongous(continues), CS=collection set, F=free, A=archive, TAMS=top-at-mark-start (previous, next)
|   0|0x0000000080000000, 0x0000000080100000, 0x0000000080100000|100%| O|  |TAMS 0x0000000080100000, 0x0000000080100000| Untracked 
|   1|0x0000000080100000, 0x0000000080200000, 0x0000000080200000|100%| O|  |TAMS 0x0000000080200000, 0x0000000080200000| Untracked 
|   2|0x0000000080200000, 0x0000000080300000, 0x0000000080300000|100%| O|  |TAMS 0x0000000080300000, 0x0000000080300000| Untracked 
|   3|0x0000000080300000, 0x0000000080400000, 0x0000000080400000|100%|HS|  |TAMS 0x0000000080400000, 0x0000000080400000| Complete 
|   4|0x0000000080400000, 0x0000000080500000, 0x0000000080500000|100%|HC|  |TAMS 0x0000000080500000, 0x0000000080500000| Complete 
|   5|0x0000000080500000, 0x0000000080600000, 0x0000000080600000|100%|HC|  |TAMS 0x0000000080600000, 0x0000000080600000| Complete 
|   6|0x0000000080600000, 0x0000000080700000, 0x0000000080700000|100%| O|  |TAMS 0x0000000080700000, 0x0000000080700000| Untracked 
|   7|0x0000000080700000, 0x0000000080800000, 0x0000000080800000|100%| O|  |TAMS 0x0000000080800000, 0x0000000080800000| Untracked 
|   8|0x0000000080800000, 0x0000000080900000, 0x0000000080900000|100%| O|  |TAMS 0x0000000080900000, 0x0000000080900000| Untracked 
|   9|0x0000000080900000, 0x0000000080a00000, 0x0000000080a00000|100%| O|  |TAMS 0x0000000080a00000, 0x0000000080a00000| Untracked 
|  10|0x0000000080a00000, 0x0000000080b00000, 0x0000000080b00000|100%| O|  |TAMS 0x0000000080b00000, 0x0000000080b00000| Untracked 
|  11|0x0000000080b00000, 0x0000000080c00000, 0x0000000080c00000|100%| O|  |TAMS 0x0000000080c00000, 0x0000000080c00000| Untracked 
|  12|0x0000000080c00000, 0x0000000080d00000, 0x0000000080d00000|100%| O|  |TAMS 0x0000000080d00000, 0x0000000080d00000| Untracked 
|  13|0x0000000080d00000, 0x0000000080e00000, 0x0000000080e00000|100%| O|  |TAMS 0x0000000080e00000, 0x0000000080e00000| Untracked 
|  14|0x0000000080e00000, 0x0000000080f00000, 0x0000000080f00000|100%| O|  |TAMS 0x0000000080f00000, 0x0000000080f00000| Untracked 
|  15|0x0000000080f00000, 0x0000000081000000, 0x0000000081000000|100%| O|  |TAMS 0x0000000081000000, 0x0000000081000000| Untracked 
|  16|0x0000000081000000, 0x0000000081100000, 0x0000000081100000|100%|HS|  |TAMS 0x0000000081100000, 0x0000000081100000| Complete 
|  17|0x0000000081100000, 0x0000000081200000, 0x0000000081200000|100%|HS|  |TAMS 0x0000000081200000, 0x0000000081200000| Complete 
|  18|0x0000000081200000, 0x0000000081300000, 0x0000000081300000|100%|HS|  |TAMS 0x0000000081300000, 0x0000000081300000| Complete 
|  19|0x0000000081300000, 0x0000000081400000, 0x0000000081400000|100%|HC|  |TAMS 0x0000000081400000, 0x0000000081400000| Complete 
|  20|0x0000000081400000, 0x0000000081500000, 0x0000000081500000|100%| O|  |TAMS 0x0000000081500000, 0x0000000081500000| Untracked 
|  21|0x0000000081500000, 0x0000000081600000, 0x0000000081600000|100%| O|  |TAMS 0x0000000081600000, 0x0000000081600000| Untracked 
|  22|0x0000000081600000, 0x0000000081700000, 0x0000000081700000|100%| O|  |TAMS 0x0000000081700000, 0x0000000081700000| Untracked 
|  23|0x0000000081700000, 0x0000000081800000, 0x0000000081800000|100%| O|  |TAMS 0x0000000081800000, 0x0000000081800000| Untracked 
|  24|0x0000000081800000, 0x0000000081900000, 0x0000000081900000|100%| O|  |TAMS 0x0000000081900000, 0x0000000081900000| Untracked 
|  25|0x0000000081900000, 0x0000000081a00000, 0x0000000081a00000|100%| O|  |TAMS 0x0000000081a00000, 0x0000000081a00000| Untracked 
|  26|0x0000000081a00000, 0x0000000081b00000, 0x0000000081b00000|100%| O|  |TAMS 0x0000000081b00000, 0x0000000081b00000| Untracked 
|  27|0x0000000081b00000, 0x0000000081c00000, 0x0000000081c00000|100%| O|  |TAMS 0x0000000081c00000, 0x0000000081c00000| Untracked 
|  28|0x0000000081c00000, 0x0000000081d00000, 0x0000000081d00000|100%| O|  |TAMS 0x0000000081d00000, 0x0000000081d00000| Untracked 
|  29|0x0000000081d00000, 0x0000000081e00000, 0x0000000081e00000|100%| O|  |TAMS 0x0000000081e00000, 0x0000000081e00000| Untracked 
|  30|0x0000000081e00000, 0x0000000081f00000, 0x0000000081f00000|100%| O|  |TAMS 0x0000000081f00000, 0x0000000081f00000| Untracked 
|  31|0x0000000081f00000, 0x0000000082000000, 0x0000000082000000|100%| O|  |TAMS 0x0000000082000000, 0x0000000082000000| Untracked 
|  32|0x0000000082000000, 0x0000000082100000, 0x0000000082100000|100%| O|  |TAMS 0x0000000082100000, 0x0000000082100000| Untracked 
|  33|0x0000000082100000, 0x0000000082200000, 0x0000000082200000|100%| O|  |TAMS 0x0000000082200000, 0x0000000082200000| Untracked 
|  34|0x0000000082200000, 0x0000000082300000, 0x0000000082300000|100%| O|  |TAMS 0x0000000082300000, 0x0000000082300000| Untracked 
|  35|0x0000000082300000, 0x0000000082400000, 0x0000000082400000|100%| O|  |TAMS 0x0000000082400000, 0x0000000082400000| Untracked 
|  36|0x0000000082400000, 0x0000000082500000, 0x0000000082500000|100%| O|  |TAMS 0x0000000082500000, 0x0000000082500000| Untracked 
|  37|0x0000000082500000, 0x0000000082600000, 0x0000000082600000|100%| O|  |TAMS 0x0000000082600000, 0x0000000082600000| Untracked 
|  38|0x0000000082600000, 0x0000000082700000, 0x0000000082700000|100%| O|  |TAMS 0x0000000082700000, 0x0000000082700000| Untracked 
|  39|0x0000000082700000, 0x0000000082800000, 0x0000000082800000|100%| O|  |TAMS 0x0000000082800000, 0x0000000082800000| Untracked 
|  40|0x0000000082800000, 0x0000000082900000, 0x0000000082900000|100%| O|  |TAMS 0x0000000082900000, 0x0000000082900000| Untracked 
|  41|0x0000000082900000, 0x0000000082a00000, 0x0000000082a00000|100%| O|  |TAMS 0x0000000082a00000, 0x0000000082a00000| Untracked 
|  42|0x0000000082a00000, 0x0000000082b00000, 0x0000000082b00000|100%| O|  |TAMS 0x0000000082b00000, 0x0000000082b00000| Untracked 
|  43|0x0000000082b00000, 0x0000000082c00000, 0x0000000082c00000|100%| O|  |TAMS 0x0000000082c00000, 0x0000000082c00000| Untracked 
|  44|0x0000000082c00000, 0x0000000082d00000, 0x0000000082d00000|100%| O|  |TAMS 0x0000000082d00000, 0x0000000082d00000| Untracked 
|  45|0x0000000082d00000, 0x0000000082e00000, 0x0000000082e00000|100%| O|  |TAMS 0x0000000082e00000, 0x0000000082e00000| Untracked 
|  46|0x0000000082e00000, 0x0000000082f00000, 0x0000000082f00000|100%| O|  |TAMS 0x0000000082f00000, 0x0000000082f00000| Untracked 
|  47|0x0000000082f00000, 0x0000000083000000, 0x0000000083000000|100%| O|  |TAMS 0x0000000083000000, 0x0000000083000000| Untracked 
|  48|0x0000000083000000, 0x0000000083100000, 0x0000000083100000|100%| O|  |TAMS 0x0000000083100000, 0x0000000083100000| Untracked 
|  49|0x0000000083100000, 0x0000000083200000, 0x0000000083200000|100%| O|  |TAMS 0x0000000083200000, 0x0000000083200000| Untracked 
|  50|0x0000000083200000, 0x0000000083300000, 0x0000000083300000|100%| O|  |TAMS 0x0000000083300000, 0x0000000083300000| Untracked 
|  51|0x0000000083300000, 0x0000000083400000, 0x0000000083400000|100%| O|  |TAMS 0x0000000083400000, 0x0000000083400000| Untracked 
|  52|0x0000000083400000, 0x0000000083500000, 0x0000000083500000|100%| O|  |TAMS 0x0000000083500000, 0x0000000083500000| Untracked 
|  53|0x0000000083500000, 0x0000000083600000, 0x0000000083600000|100%| O|  |TAMS 0x0000000083500000, 0x0000000083600000| Untracked 
|  54|0x0000000083600000, 0x0000000083700000, 0x0000000083700000|100%| O|  |TAMS 0x0000000083600000, 0x0000000083700000| Untracked 
|  55|0x0000000083700000, 0x0000000083800000, 0x0000000083800000|100%| O|  |TAMS 0x0000000083800000, 0x0000000083800000| Untracked 
|  56|0x0000000083800000, 0x0000000083900000, 0x0000000083900000|100%| O|  |TAMS 0x0000000083900000, 0x0000000083900000| Untracked 
|  57|0x0000000083900000, 0x0000000083a00000, 0x0000000083a00000|100%| O|  |TAMS 0x0000000083a00000, 0x0000000083a00000| Untracked 
|  58|0x0000000083a00000, 0x0000000083b00000, 0x0000000083b00000|100%| O|  |TAMS 0x0000000083b00000, 0x0000000083b00000| Untracked 
|  59|0x0000000083b00000, 0x0000000083c00000, 0x0000000083c00000|100%| O|  |TAMS 0x0000000083c00000, 0x0000000083c00000| Untracked 
|  60|0x0000000083c00000, 0x0000000083d00000, 0x0000000083d00000|100%| O|  |TAMS 0x0000000083d00000, 0x0000000083d00000| Untracked 
|  61|0x0000000083d00000, 0x0000000083e00000, 0x0000000083e00000|100%| O|  |TAMS 0x0000000083e00000, 0x0000000083e00000| Untracked 
|  62|0x0000000083e00000, 0x0000000083f00000, 0x0000000083f00000|100%| O|  |TAMS 0x0000000083f00000, 0x0000000083f00000| Untracked 
|  63|0x0000000083f00000, 0x0000000084000000, 0x0000000084000000|100%| O|  |TAMS 0x0000000084000000, 0x0000000084000000| Untracked 
|  64|0x0000000084000000, 0x0000000084100000, 0x0000000084100000|100%| O|  |TAMS 0x0000000084100000, 0x0000000084100000| Untracked 
|  65|0x0000000084100000, 0x0000000084200000, 0x0000000084200000|100%| O|  |TAMS 0x0000000084200000, 0x0000000084200000| Untracked 
|  66|0x0000000084200000, 0x0000000084300000, 0x0000000084300000|100%| O|  |TAMS 0x0000000084300000, 0x0000000084300000| Untracked 
|  67|0x0000000084300000, 0x0000000084400000, 0x0000000084400000|100%| O|  |TAMS 0x000000008439fc00, 0x0000000084400000| Untracked 
|  68|0x0000000084400000, 0x0000000084500000, 0x0000000084500000|100%| O|  |TAMS 0x0000000084400000, 0x0000000084500000| Untracked 
|  69|0x0000000084500000, 0x0000000084600000, 0x0000000084600000|100%| O|  |TAMS 0x0000000084500000, 0x0000000084600000| Untracked 
|  70|0x0000000084600000, 0x0000000084700000, 0x0000000084700000|100%| O|  |TAMS 0x0000000084600000, 0x0000000084700000| Untracked 
|  71|0x0000000084700000, 0x00000000847c6000, 0x0000000084800000| 77%| O|  |TAMS 0x0000000084700000, 0x00000000847c6000| Untracked 
|  72|0x0000000084800000, 0x0000000084800000, 0x0000000084900000|  0%| F|  |TAMS 0x0000000084800000, 0x0000000084800000| Untracked 
|  73|0x0000000084900000, 0x0000000084900000, 0x0000000084a00000|  0%| F|  |TAMS 0x0000000084900000, 0x0000000084900000| Untracked 
|  74|0x0000000084a00000, 0x0000000084a00000, 0x0000000084b00000|  0%| F|  |TAMS 0x0000000084a00000, 0x0000000084a00000| Untracked 
|  75|0x0000000084b00000, 0x0000000084b00000, 0x0000000084c00000|  0%| F|  |TAMS 0x0000000084b00000, 0x0000000084b00000| Untracked 
|  76|0x0000000084c00000, 0x0000000084c00000, 0x0000000084d00000|  0%| F|  |TAMS 0x0000000084c00000, 0x0000000084c00000| Untracked 
|  77|0x0000000084d00000, 0x0000000084d00000, 0x0000000084e00000|  0%| F|  |TAMS 0x0000000084d00000, 0x0000000084d00000| Untracked 
|  78|0x0000000084e00000, 0x0000000084e00000, 0x0000000084f00000|  0%| F|  |TAMS 0x0000000084e00000, 0x0000000084e00000| Untracked 
|  79|0x0000000084f00000, 0x0000000084f00000, 0x0000000085000000|  0%| F|  |TAMS 0x0000000084f00000, 0x0000000084f00000| Untracked 
|  80|0x0000000085000000, 0x0000000085000000, 0x0000000085100000|  0%| F|  |TAMS 0x0000000085000000, 0x0000000085000000| Untracked 
|  81|0x0000000085100000, 0x0000000085100000, 0x0000000085200000|  0%| F|  |TAMS 0x0000000085100000, 0x0000000085100000| Untracked 
|  82|0x0000000085200000, 0x0000000085200000, 0x0000000085300000|  0%| F|  |TAMS 0x0000000085200000, 0x0000000085200000| Untracked 
|  83|0x0000000085300000, 0x0000000085300000, 0x0000000085400000|  0%| F|  |TAMS 0x0000000085300000, 0x0000000085300000| Untracked 
|  84|0x0000000085400000, 0x0000000085400000, 0x0000000085500000|  0%| F|  |TAMS 0x0000000085400000, 0x0000000085400000| Untracked 
|  85|0x0000000085500000, 0x0000000085500000, 0x0000000085600000|  0%| F|  |TAMS 0x0000000085500000, 0x0000000085500000| Untracked 
|  86|0x0000000085600000, 0x0000000085600000, 0x0000000085700000|  0%| F|  |TAMS 0x0000000085600000, 0x0000000085600000| Untracked 
|  87|0x0000000085700000, 0x0000000085700000, 0x0000000085800000|  0%| F|  |TAMS 0x0000000085700000, 0x0000000085700000| Untracked 
|  88|0x0000000085800000, 0x0000000085800000, 0x0000000085900000|  0%| F|  |TAMS 0x0000000085800000, 0x0000000085800000| Untracked 
|  89|0x0000000085900000, 0x0000000085900000, 0x0000000085a00000|  0%| F|  |TAMS 0x0000000085900000, 0x0000000085900000| Untracked 
|  90|0x0000000085a00000, 0x0000000085a00000, 0x0000000085b00000|  0%| F|  |TAMS 0x0000000085a00000, 0x0000000085a00000| Untracked 
|  91|0x0000000085b00000, 0x0000000085b00000, 0x0000000085c00000|  0%| F|  |TAMS 0x0000000085b00000, 0x0000000085b00000| Untracked 
|  92|0x0000000085c00000, 0x0000000085c00000, 0x0000000085d00000|  0%| F|  |TAMS 0x0000000085c00000, 0x0000000085c00000| Untracked 
|  93|0x0000000085d00000, 0x0000000085d00000, 0x0000000085e00000|  0%| F|  |TAMS 0x0000000085d00000, 0x0000000085d00000| Untracked 
|  94|0x0000000085e00000, 0x0000000085e00000, 0x0000000085f00000|  0%| F|  |TAMS 0x0000000085e00000, 0x0000000085e00000| Untracked 
|  95|0x0000000085f00000, 0x0000000085f00000, 0x0000000086000000|  0%| F|  |TAMS 0x0000000085f00000, 0x0000000085f00000| Untracked 
|  96|0x0000000086000000, 0x0000000086000000, 0x0000000086100000|  0%| F|  |TAMS 0x0000000086000000, 0x0000000086000000| Untracked 
|  97|0x0000000086100000, 0x0000000086100000, 0x0000000086200000|  0%| F|  |TAMS 0x0000000086100000, 0x0000000086100000| Untracked 
|  98|0x0000000086200000, 0x0000000086200000, 0x0000000086300000|  0%| F|  |TAMS 0x0000000086200000, 0x0000000086200000| Untracked 
|  99|0x0000000086300000, 0x0000000086300000, 0x0000000086400000|  0%| F|  |TAMS 0x0000000086300000, 0x0000000086300000| Untracked 
| 100|0x0000000086400000, 0x0000000086400000, 0x0000000086500000|  0%| F|  |TAMS 0x0000000086400000, 0x0000000086400000| Untracked 
| 101|0x0000000086500000, 0x0000000086500000, 0x0000000086600000|  0%| F|  |TAMS 0x0000000086500000, 0x0000000086500000| Untracked 
| 102|0x0000000086600000, 0x0000000086600000, 0x0000000086700000|  0%| F|  |TAMS 0x0000000086600000, 0x0000000086600000| Untracked 
| 103|0x0000000086700000, 0x0000000086700000, 0x0000000086800000|  0%| F|  |TAMS 0x0000000086700000, 0x0000000086700000| Untracked 
| 104|0x0000000086800000, 0x0000000086800000, 0x0000000086900000|  0%| F|  |TAMS 0x0000000086800000, 0x0000000086800000| Untracked 
| 105|0x0000000086900000, 0x0000000086900000, 0x0000000086a00000|  0%| F|  |TAMS 0x0000000086900000, 0x0000000086900000| Untracked 
| 106|0x0000000086a00000, 0x0000000086a00000, 0x0000000086b00000|  0%| F|  |TAMS 0x0000000086a00000, 0x0000000086a00000| Untracked 
| 107|0x0000000086b00000, 0x0000000086b00000, 0x0000000086c00000|  0%| F|  |TAMS 0x0000000086b00000, 0x0000000086b00000| Untracked 
| 108|0x0000000086c00000, 0x0000000086c00000, 0x0000000086d00000|  0%| F|  |TAMS 0x0000000086c00000, 0x0000000086c00000| Untracked 
| 109|0x0000000086d00000, 0x0000000086d00000, 0x0000000086e00000|  0%| F|  |TAMS 0x0000000086d00000, 0x0000000086d00000| Untracked 
| 110|0x0000000086e00000, 0x0000000086e00000, 0x0000000086f00000|  0%| F|  |TAMS 0x0000000086e00000, 0x0000000086e00000| Untracked 
| 111|0x0000000086f00000, 0x0000000086f00000, 0x0000000087000000|  0%| F|  |TAMS 0x0000000086f00000, 0x0000000086f00000| Untracked 
| 112|0x0000000087000000, 0x0000000087000000, 0x0000000087100000|  0%| F|  |TAMS 0x0000000087000000, 0x0000000087000000| Untracked 
| 113|0x0000000087100000, 0x000000008717fc30, 0x0000000087200000| 49%| S|CS|TAMS 0x0000000087100000, 0x0000000087100000| Complete 
| 114|0x0000000087200000, 0x0000000087300000, 0x0000000087300000|100%| S|CS|TAMS 0x0000000087200000, 0x0000000087200000| Complete 
| 115|0x0000000087300000, 0x0000000087400000, 0x0000000087400000|100%| S|CS|TAMS 0x0000000087300000, 0x0000000087300000| Complete 
| 116|0x0000000087400000, 0x0000000087500000, 0x0000000087500000|100%| S|CS|TAMS 0x0000000087400000, 0x0000000087400000| Complete 
| 117|0x0000000087500000, 0x0000000087600000, 0x0000000087600000|100%| S|CS|TAMS 0x0000000087500000, 0x0000000087500000| Complete 
| 118|0x0000000087600000, 0x0000000087700000, 0x0000000087700000|100%| S|CS|TAMS 0x0000000087600000, 0x0000000087600000| Complete 
| 119|0x0000000087700000, 0x0000000087700000, 0x0000000087800000|  0%| F|  |TAMS 0x0000000087700000, 0x0000000087700000| Untracked 
| 120|0x0000000087800000, 0x0000000087800000, 0x0000000087900000|  0%| F|  |TAMS 0x0000000087800000, 0x0000000087800000| Untracked 
| 121|0x0000000087900000, 0x0000000087900000, 0x0000000087a00000|  0%| F|  |TAMS 0x0000000087900000, 0x0000000087900000| Untracked 
| 122|0x0000000087a00000, 0x0000000087a00000, 0x0000000087b00000|  0%| F|  |TAMS 0x0000000087a00000, 0x0000000087a00000| Untracked 
| 123|0x0000000087b00000, 0x0000000087b00000, 0x0000000087c00000|  0%| F|  |TAMS 0x0000000087b00000, 0x0000000087b00000| Untracked 
| 124|0x0000000087c00000, 0x0000000087c00000, 0x0000000087d00000|  0%| F|  |TAMS 0x0000000087c00000, 0x0000000087c00000| Untracked 
| 125|0x0000000087d00000, 0x0000000087d00000, 0x0000000087e00000|  0%| F|  |TAMS 0x0000000087d00000, 0x0000000087d00000| Untracked 
| 126|0x0000000087e00000, 0x0000000087e00000, 0x0000000087f00000|  0%| F|  |TAMS 0x0000000087e00000, 0x0000000087e00000| Untracked 
| 127|0x0000000087f00000, 0x0000000087f00000, 0x0000000088000000|  0%| F|  |TAMS 0x0000000087f00000, 0x0000000087f00000| Untracked 
| 128|0x0000000088000000, 0x0000000088000000, 0x0000000088100000|  0%| F|  |TAMS 0x0000000088000000, 0x0000000088000000| Untracked 
| 129|0x0000000088100000, 0x0000000088100000, 0x0000000088200000|  0%| F|  |TAMS 0x0000000088100000, 0x0000000088100000| Untracked 
| 130|0x0000000088200000, 0x0000000088200000, 0x0000000088300000|  0%| F|  |TAMS 0x0000000088200000, 0x0000000088200000| Untracked 
| 131|0x0000000088300000, 0x0000000088300000, 0x0000000088400000|  0%| F|  |TAMS 0x0000000088300000, 0x0000000088300000| Untracked 
| 132|0x0000000088400000, 0x0000000088400000, 0x0000000088500000|  0%| F|  |TAMS 0x0000000088400000, 0x0000000088400000| Untracked 
| 133|0x0000000088500000, 0x0000000088500000, 0x0000000088600000|  0%| F|  |TAMS 0x0000000088500000, 0x0000000088500000| Untracked 
| 134|0x0000000088600000, 0x0000000088600000, 0x0000000088700000|  0%| F|  |TAMS 0x0000000088600000, 0x0000000088600000| Untracked 
| 135|0x0000000088700000, 0x0000000088700000, 0x0000000088800000|  0%| F|  |TAMS 0x0000000088700000, 0x0000000088700000| Untracked 
| 136|0x0000000088800000, 0x0000000088800000, 0x0000000088900000|  0%| F|  |TAMS 0x0000000088800000, 0x0000000088800000| Untracked 
| 137|0x0000000088900000, 0x0000000088900000, 0x0000000088a00000|  0%| F|  |TAMS 0x0000000088900000, 0x0000000088900000| Untracked 
| 138|0x0000000088a00000, 0x0000000088a00000, 0x0000000088b00000|  0%| F|  |TAMS 0x0000000088a00000, 0x0000000088a00000| Untracked 
| 139|0x0000000088b00000, 0x0000000088b00000, 0x0000000088c00000|  0%| F|  |TAMS 0x0000000088b00000, 0x0000000088b00000| Untracked 
| 140|0x0000000088c00000, 0x0000000088c00000, 0x0000000088d00000|  0%| F|  |TAMS 0x0000000088c00000, 0x0000000088c00000| Untracked 
| 141|0x0000000088d00000, 0x0000000088d00000, 0x0000000088e00000|  0%| F|  |TAMS 0x0000000088d00000, 0x0000000088d00000| Untracked 
| 142|0x0000000088e00000, 0x0000000088e00000, 0x0000000088f00000|  0%| F|  |TAMS 0x0000000088e00000, 0x0000000088e00000| Untracked 
| 143|0x0000000088f00000, 0x0000000088f00000, 0x0000000089000000|  0%| F|  |TAMS 0x0000000088f00000, 0x0000000088f00000| Untracked 
| 144|0x0000000089000000, 0x0000000089000000, 0x0000000089100000|  0%| F|  |TAMS 0x0000000089000000, 0x0000000089000000| Untracked 
| 145|0x0000000089100000, 0x0000000089100000, 0x0000000089200000|  0%| F|  |TAMS 0x0000000089100000, 0x0000000089100000| Untracked 
| 146|0x0000000089200000, 0x0000000089200000, 0x0000000089300000|  0%| F|  |TAMS 0x0000000089200000, 0x0000000089200000| Untracked 
| 147|0x0000000089300000, 0x0000000089300000, 0x0000000089400000|  0%| F|  |TAMS 0x0000000089300000, 0x0000000089300000| Untracked 
| 148|0x0000000089400000, 0x0000000089400000, 0x0000000089500000|  0%| F|  |TAMS 0x0000000089400000, 0x0000000089400000| Untracked 
| 149|0x0000000089500000, 0x0000000089500000, 0x0000000089600000|  0%| F|  |TAMS 0x0000000089500000, 0x0000000089500000| Untracked 
| 150|0x0000000089600000, 0x0000000089600000, 0x0000000089700000|  0%| F|  |TAMS 0x0000000089600000, 0x0000000089600000| Untracked 
| 151|0x0000000089700000, 0x0000000089700000, 0x0000000089800000|  0%| F|  |TAMS 0x0000000089700000, 0x0000000089700000| Untracked 
| 152|0x0000000089800000, 0x0000000089800000, 0x0000000089900000|  0%| F|  |TAMS 0x0000000089800000, 0x0000000089800000| Untracked 
| 153|0x0000000089900000, 0x0000000089900000, 0x0000000089a00000|  0%| F|  |TAMS 0x0000000089900000, 0x0000000089900000| Untracked 
| 154|0x0000000089a00000, 0x0000000089a00000, 0x0000000089b00000|  0%| F|  |TAMS 0x0000000089a00000, 0x0000000089a00000| Untracked 
| 155|0x0000000089b00000, 0x0000000089b00000, 0x0000000089c00000|  0%| F|  |TAMS 0x0000000089b00000, 0x0000000089b00000| Untracked 
| 156|0x0000000089c00000, 0x0000000089c00000, 0x0000000089d00000|  0%| F|  |TAMS 0x0000000089c00000, 0x0000000089c00000| Untracked 
| 157|0x0000000089d00000, 0x0000000089d00000, 0x0000000089e00000|  0%| F|  |TAMS 0x0000000089d00000, 0x0000000089d00000| Untracked 
| 158|0x0000000089e00000, 0x0000000089e00000, 0x0000000089f00000|  0%| F|  |TAMS 0x0000000089e00000, 0x0000000089e00000| Untracked 
| 159|0x0000000089f00000, 0x0000000089f00000, 0x000000008a000000|  0%| F|  |TAMS 0x0000000089f00000, 0x0000000089f00000| Untracked 
| 160|0x000000008a000000, 0x000000008a000000, 0x000000008a100000|  0%| F|  |TAMS 0x000000008a000000, 0x000000008a000000| Untracked 
| 161|0x000000008a100000, 0x000000008a100000, 0x000000008a200000|  0%| F|  |TAMS 0x000000008a100000, 0x000000008a100000| Untracked 
| 162|0x000000008a200000, 0x000000008a200000, 0x000000008a300000|  0%| F|  |TAMS 0x000000008a200000, 0x000000008a200000| Untracked 
| 163|0x000000008a300000, 0x000000008a300000, 0x000000008a400000|  0%| F|  |TAMS 0x000000008a300000, 0x000000008a300000| Untracked 
| 164|0x000000008a400000, 0x000000008a400000, 0x000000008a500000|  0%| F|  |TAMS 0x000000008a400000, 0x000000008a400000| Untracked 
| 165|0x000000008a500000, 0x000000008a500000, 0x000000008a600000|  0%| F|  |TAMS 0x000000008a500000, 0x000000008a500000| Untracked 
| 166|0x000000008a600000, 0x000000008a600000, 0x000000008a700000|  0%| F|  |TAMS 0x000000008a600000, 0x000000008a600000| Untracked 
| 167|0x000000008a700000, 0x000000008a700000, 0x000000008a800000|  0%| F|  |TAMS 0x000000008a700000, 0x000000008a700000| Untracked 
| 168|0x000000008a800000, 0x000000008a800000, 0x000000008a900000|  0%| F|  |TAMS 0x000000008a800000, 0x000000008a800000| Untracked 
| 169|0x000000008a900000, 0x000000008a900000, 0x000000008aa00000|  0%| F|  |TAMS 0x000000008a900000, 0x000000008a900000| Untracked 
| 170|0x000000008aa00000, 0x000000008aa00000, 0x000000008ab00000|  0%| F|  |TAMS 0x000000008aa00000, 0x000000008aa00000| Untracked 
| 171|0x000000008ab00000, 0x000000008ab00000, 0x000000008ac00000|  0%| F|  |TAMS 0x000000008ab00000, 0x000000008ab00000| Untracked 
| 172|0x000000008ac00000, 0x000000008ac00000, 0x000000008ad00000|  0%| F|  |TAMS 0x000000008ac00000, 0x000000008ac00000| Untracked 
| 173|0x000000008ad00000, 0x000000008ad00000, 0x000000008ae00000|  0%| F|  |TAMS 0x000000008ad00000, 0x000000008ad00000| Untracked 
| 174|0x000000008ae00000, 0x000000008ae00000, 0x000000008af00000|  0%| F|  |TAMS 0x000000008ae00000, 0x000000008ae00000| Untracked 
| 175|0x000000008af00000, 0x000000008af00000, 0x000000008b000000|  0%| F|  |TAMS 0x000000008af00000, 0x000000008af00000| Untracked 
| 176|0x000000008b000000, 0x000000008b000000, 0x000000008b100000|  0%| F|  |TAMS 0x000000008b000000, 0x000000008b000000| Untracked 
| 177|0x000000008b100000, 0x000000008b100000, 0x000000008b200000|  0%| F|  |TAMS 0x000000008b100000, 0x000000008b100000| Untracked 
| 178|0x000000008b200000, 0x000000008b200000, 0x000000008b300000|  0%| F|  |TAMS 0x000000008b200000, 0x000000008b200000| Untracked 
| 179|0x000000008b300000, 0x000000008b300000, 0x000000008b400000|  0%| F|  |TAMS 0x000000008b300000, 0x000000008b300000| Untracked 
| 180|0x000000008b400000, 0x000000008b400000, 0x000000008b500000|  0%| F|  |TAMS 0x000000008b400000, 0x000000008b400000| Untracked 
| 181|0x000000008b500000, 0x000000008b500000, 0x000000008b600000|  0%| F|  |TAMS 0x000000008b500000, 0x000000008b500000| Untracked 
| 182|0x000000008b600000, 0x000000008b600000, 0x000000008b700000|  0%| F|  |TAMS 0x000000008b600000, 0x000000008b600000| Untracked 
| 183|0x000000008b700000, 0x000000008b700000, 0x000000008b800000|  0%| F|  |TAMS 0x000000008b700000, 0x000000008b700000| Untracked 
| 184|0x000000008b800000, 0x000000008b800000, 0x000000008b900000|  0%| F|  |TAMS 0x000000008b800000, 0x000000008b800000| Untracked 
| 185|0x000000008b900000, 0x000000008b900000, 0x000000008ba00000|  0%| F|  |TAMS 0x000000008b900000, 0x000000008b900000| Untracked 
| 186|0x000000008ba00000, 0x000000008ba00000, 0x000000008bb00000|  0%| F|  |TAMS 0x000000008ba00000, 0x000000008ba00000| Untracked 
| 187|0x000000008bb00000, 0x000000008bb00000, 0x000000008bc00000|  0%| F|  |TAMS 0x000000008bb00000, 0x000000008bb00000| Untracked 
| 188|0x000000008bc00000, 0x000000008bc00000, 0x000000008bd00000|  0%| F|  |TAMS 0x000000008bc00000, 0x000000008bc00000| Untracked 
| 189|0x000000008bd00000, 0x000000008bd00000, 0x000000008be00000|  0%| F|  |TAMS 0x000000008bd00000, 0x000000008bd00000| Untracked 
| 190|0x000000008be00000, 0x000000008be00000, 0x000000008bf00000|  0%| F|  |TAMS 0x000000008be00000, 0x000000008be00000| Untracked 
| 191|0x000000008bf00000, 0x000000008bf00000, 0x000000008c000000|  0%| F|  |TAMS 0x000000008bf00000, 0x000000008bf00000| Untracked 
| 192|0x000000008c000000, 0x000000008c000000, 0x000000008c100000|  0%| F|  |TAMS 0x000000008c000000, 0x000000008c000000| Untracked 
| 193|0x000000008c100000, 0x000000008c100000, 0x000000008c200000|  0%| F|  |TAMS 0x000000008c100000, 0x000000008c100000| Untracked 
| 194|0x000000008c200000, 0x000000008c200000, 0x000000008c300000|  0%| F|  |TAMS 0x000000008c200000, 0x000000008c200000| Untracked 
| 195|0x000000008c300000, 0x000000008c300000, 0x000000008c400000|  0%| F|  |TAMS 0x000000008c300000, 0x000000008c300000| Untracked 
| 196|0x000000008c400000, 0x000000008c400000, 0x000000008c500000|  0%| F|  |TAMS 0x000000008c400000, 0x000000008c400000| Untracked 
| 197|0x000000008c500000, 0x000000008c500000, 0x000000008c600000|  0%| F|  |TAMS 0x000000008c500000, 0x000000008c500000| Untracked 
| 198|0x000000008c600000, 0x000000008c600000, 0x000000008c700000|  0%| F|  |TAMS 0x000000008c600000, 0x000000008c600000| Untracked 
| 199|0x000000008c700000, 0x000000008c700000, 0x000000008c800000|  0%| F|  |TAMS 0x000000008c700000, 0x000000008c700000| Untracked 
| 200|0x000000008c800000, 0x000000008c800000, 0x000000008c900000|  0%| F|  |TAMS 0x000000008c800000, 0x000000008c800000| Untracked 
| 201|0x000000008c900000, 0x000000008c900000, 0x000000008ca00000|  0%| F|  |TAMS 0x000000008c900000, 0x000000008c900000| Untracked 
| 202|0x000000008ca00000, 0x000000008ca00000, 0x000000008cb00000|  0%| F|  |TAMS 0x000000008ca00000, 0x000000008ca00000| Untracked 
| 203|0x000000008cb00000, 0x000000008cb00000, 0x000000008cc00000|  0%| F|  |TAMS 0x000000008cb00000, 0x000000008cb00000| Untracked 
| 204|0x000000008cc00000, 0x000000008cc00000, 0x000000008cd00000|  0%| F|  |TAMS 0x000000008cc00000, 0x000000008cc00000| Untracked 
| 205|0x000000008cd00000, 0x000000008cd00000, 0x000000008ce00000|  0%| F|  |TAMS 0x000000008cd00000, 0x000000008cd00000| Untracked 
| 206|0x000000008ce00000, 0x000000008ce00000, 0x000000008cf00000|  0%| F|  |TAMS 0x000000008ce00000, 0x000000008ce00000| Untracked 
| 207|0x000000008cf00000, 0x000000008cf00000, 0x000000008d000000|  0%| F|  |TAMS 0x000000008cf00000, 0x000000008cf00000| Untracked 
| 208|0x000000008d000000, 0x000000008d000000, 0x000000008d100000|  0%| F|  |TAMS 0x000000008d000000, 0x000000008d000000| Untracked 
| 209|0x000000008d100000, 0x000000008d100000, 0x000000008d200000|  0%| F|  |TAMS 0x000000008d100000, 0x000000008d100000| Untracked 
| 210|0x000000008d200000, 0x000000008d200000, 0x000000008d300000|  0%| F|  |TAMS 0x000000008d200000, 0x000000008d200000| Untracked 
| 211|0x000000008d300000, 0x000000008d300000, 0x000000008d400000|  0%| F|  |TAMS 0x000000008d300000, 0x000000008d300000| Untracked 
| 212|0x000000008d400000, 0x000000008d400000, 0x000000008d500000|  0%| F|  |TAMS 0x000000008d400000, 0x000000008d400000| Untracked 
| 213|0x000000008d500000, 0x000000008d500000, 0x000000008d600000|  0%| F|  |TAMS 0x000000008d500000, 0x000000008d500000| Untracked 
| 214|0x000000008d600000, 0x000000008d600000, 0x000000008d700000|  0%| F|  |TAMS 0x000000008d600000, 0x000000008d600000| Untracked 
| 215|0x000000008d700000, 0x000000008d700000, 0x000000008d800000|  0%| F|  |TAMS 0x000000008d700000, 0x000000008d700000| Untracked 
| 216|0x000000008d800000, 0x000000008d800000, 0x000000008d900000|  0%| F|  |TAMS 0x000000008d800000, 0x000000008d800000| Untracked 
| 217|0x000000008d900000, 0x000000008d900000, 0x000000008da00000|  0%| F|  |TAMS 0x000000008d900000, 0x000000008d900000| Untracked 
| 218|0x000000008da00000, 0x000000008da00000, 0x000000008db00000|  0%| F|  |TAMS 0x000000008da00000, 0x000000008da00000| Untracked 
| 219|0x000000008db00000, 0x000000008db00000, 0x000000008dc00000|  0%| F|  |TAMS 0x000000008db00000, 0x000000008db00000| Untracked 
| 220|0x000000008dc00000, 0x000000008dc00000, 0x000000008dd00000|  0%| F|  |TAMS 0x000000008dc00000, 0x000000008dc00000| Untracked 
| 221|0x000000008dd00000, 0x000000008dd00000, 0x000000008de00000|  0%| F|  |TAMS 0x000000008dd00000, 0x000000008dd00000| Untracked 
| 222|0x000000008de00000, 0x000000008de00000, 0x000000008df00000|  0%| F|  |TAMS 0x000000008de00000, 0x000000008de00000| Untracked 
| 223|0x000000008df00000, 0x000000008df00000, 0x000000008e000000|  0%| F|  |TAMS 0x000000008df00000, 0x000000008df00000| Untracked 
| 224|0x000000008e000000, 0x000000008e000000, 0x000000008e100000|  0%| F|  |TAMS 0x000000008e000000, 0x000000008e000000| Untracked 
| 225|0x000000008e100000, 0x000000008e100000, 0x000000008e200000|  0%| F|  |TAMS 0x000000008e100000, 0x000000008e100000| Untracked 
| 226|0x000000008e200000, 0x000000008e200000, 0x000000008e300000|  0%| F|  |TAMS 0x000000008e200000, 0x000000008e200000| Untracked 
| 227|0x000000008e300000, 0x000000008e300000, 0x000000008e400000|  0%| F|  |TAMS 0x000000008e300000, 0x000000008e300000| Untracked 
| 228|0x000000008e400000, 0x000000008e400000, 0x000000008e500000|  0%| F|  |TAMS 0x000000008e400000, 0x000000008e400000| Untracked 
| 229|0x000000008e500000, 0x000000008e500000, 0x000000008e600000|  0%| F|  |TAMS 0x000000008e500000, 0x000000008e500000| Untracked 
| 230|0x000000008e600000, 0x000000008e600000, 0x000000008e700000|  0%| F|  |TAMS 0x000000008e600000, 0x000000008e600000| Untracked 
| 231|0x000000008e700000, 0x000000008e700000, 0x000000008e800000|  0%| F|  |TAMS 0x000000008e700000, 0x000000008e700000| Untracked 
| 232|0x000000008e800000, 0x000000008e800000, 0x000000008e900000|  0%| F|  |TAMS 0x000000008e800000, 0x000000008e800000| Untracked 
| 233|0x000000008e900000, 0x000000008e900000, 0x000000008ea00000|  0%| F|  |TAMS 0x000000008e900000, 0x000000008e900000| Untracked 
| 234|0x000000008ea00000, 0x000000008ea00000, 0x000000008eb00000|  0%| F|  |TAMS 0x000000008ea00000, 0x000000008ea00000| Untracked 
| 235|0x000000008eb00000, 0x000000008eb00000, 0x000000008ec00000|  0%| F|  |TAMS 0x000000008eb00000, 0x000000008eb00000| Untracked 
| 236|0x000000008ec00000, 0x000000008ec00000, 0x000000008ed00000|  0%| F|  |TAMS 0x000000008ec00000, 0x000000008ec00000| Untracked 
| 237|0x000000008ed00000, 0x000000008ed00000, 0x000000008ee00000|  0%| F|  |TAMS 0x000000008ed00000, 0x000000008ed00000| Untracked 
| 238|0x000000008ee00000, 0x000000008ee00000, 0x000000008ef00000|  0%| F|  |TAMS 0x000000008ee00000, 0x000000008ee00000| Untracked 
| 239|0x000000008ef00000, 0x000000008ef00000, 0x000000008f000000|  0%| F|  |TAMS 0x000000008ef00000, 0x000000008ef00000| Untracked 
| 240|0x000000008f000000, 0x000000008f000000, 0x000000008f100000|  0%| F|  |TAMS 0x000000008f000000, 0x000000008f000000| Untracked 
| 241|0x000000008f100000, 0x000000008f100000, 0x000000008f200000|  0%| F|  |TAMS 0x000000008f100000, 0x000000008f100000| Untracked 
| 242|0x000000008f200000, 0x000000008f200000, 0x000000008f300000|  0%| F|  |TAMS 0x000000008f200000, 0x000000008f200000| Untracked 
| 243|0x000000008f300000, 0x000000008f300000, 0x000000008f400000|  0%| F|  |TAMS 0x000000008f300000, 0x000000008f300000| Untracked 
| 244|0x000000008f400000, 0x000000008f400000, 0x000000008f500000|  0%| F|  |TAMS 0x000000008f400000, 0x000000008f400000| Untracked 
| 245|0x000000008f500000, 0x000000008f500000, 0x000000008f600000|  0%| F|  |TAMS 0x000000008f500000, 0x000000008f500000| Untracked 
| 246|0x000000008f600000, 0x000000008f600000, 0x000000008f700000|  0%| F|  |TAMS 0x000000008f600000, 0x000000008f600000| Untracked 
| 247|0x000000008f700000, 0x000000008f700000, 0x000000008f800000|  0%| F|  |TAMS 0x000000008f700000, 0x000000008f700000| Untracked 
| 248|0x000000008f800000, 0x000000008f900000, 0x000000008f900000|100%| E|  |TAMS 0x000000008f800000, 0x000000008f800000| Complete 
| 249|0x000000008f900000, 0x000000008fa00000, 0x000000008fa00000|100%| E|CS|TAMS 0x000000008f900000, 0x000000008f900000| Complete 
| 250|0x000000008fa00000, 0x000000008fb00000, 0x000000008fb00000|100%| E|CS|TAMS 0x000000008fa00000, 0x000000008fa00000| Complete 
| 251|0x000000008fb00000, 0x000000008fc00000, 0x000000008fc00000|100%| E|CS|TAMS 0x000000008fb00000, 0x000000008fb00000| Complete 
| 252|0x000000008fc00000, 0x000000008fd00000, 0x000000008fd00000|100%| E|CS|TAMS 0x000000008fc00000, 0x000000008fc00000| Complete 
| 253|0x000000008fd00000, 0x000000008fe00000, 0x000000008fe00000|100%| E|CS|TAMS 0x000000008fd00000, 0x000000008fd00000| Complete 

Card table byte_map: [0x000001f7fde00000,0x000001f7fe200000] _byte_map_base: 0x000001f7fda00000

Marking Bits (Prev, Next): (CMBitMap*) 0x000001f7f9c21738, (CMBitMap*) 0x000001f7f9c21770
 Prev Bits: [0x000001f78f000000, 0x000001f791000000)
 Next Bits: [0x000001f791000000, 0x000001f793000000)

Polling page: 0x000001f7f93c0000

Metaspace:

Usage:
  Non-class:     87.62 MB capacity,    86.06 MB ( 98%) used,     1.26 MB (  1%) free+waste,   311.88 KB ( <1%) overhead. 
      Class:     13.76 MB capacity,    12.81 MB ( 93%) used,   828.09 KB (  6%) free+waste,   142.56 KB (  1%) overhead. 
       Both:    101.38 MB capacity,    98.87 MB ( 98%) used,     2.07 MB (  2%) free+waste,   454.44 KB ( <1%) overhead. 

Virtual space:
  Non-class space:       88.00 MB reserved,      87.95 MB (>99%) committed 
      Class space:        1.00 GB reserved,      13.91 MB (  1%) committed 
             Both:        1.09 GB reserved,     101.86 MB (  9%) committed 

Chunk freelists:
   Non-Class:  143.00 KB
       Class:  120.00 KB
        Both:  263.00 KB

MaxMetaspaceSize: 17179869184.00 GB
CompressedClassSpaceSize: 1.00 GB

CodeHeap 'non-profiled nmethods': size=120000Kb used=8397Kb max_used=8397Kb free=111602Kb
 bounds [0x000001f787ad0000, 0x000001f788310000, 0x000001f78f000000]
CodeHeap 'profiled nmethods': size=120000Kb used=31222Kb max_used=31222Kb free=88777Kb
 bounds [0x000001f7805a0000, 0x000001f782420000, 0x000001f787ad0000]
CodeHeap 'non-nmethods': size=5760Kb used=2320Kb max_used=2365Kb free=3440Kb
 bounds [0x000001f780000000, 0x000001f780270000, 0x000001f7805a0000]
 total_blobs=14709 nmethods=13792 adapters=827
 compilation: enabled
              stopped_count=0, restarted_count=0
 full_count=0

Compilation events (20 events):
Event: 24.705 Thread 0x000001f7ff92e800 13828       2       com.android.tools.r8.internal.Bt::a (29 bytes)
Event: 24.705 Thread 0x000001f7ff92e800 nmethod 13828 0x000001f782410e90 code [0x000001f782411040, 0x000001f7824111b8]
Event: 24.705 Thread 0x000001f7ff92e800 13840       1       com.android.tools.r8.internal.mF::Y1 (4 bytes)
Event: 24.705 Thread 0x000001f7ff92e800 nmethod 13840 0x000001f788301a10 code [0x000001f788301bc0, 0x000001f788301c78]
Event: 24.705 Thread 0x000001f7ff92e800 13839       1       com.android.tools.r8.internal.mF::a2 (3 bytes)
Event: 24.706 Thread 0x000001f7ff92e800 nmethod 13839 0x000001f788301d10 code [0x000001f788301ec0, 0x000001f788301f78]
Event: 24.706 Thread 0x000001f7ff92e800 13832       1       com.android.tools.r8.internal.Q5::N0 (2 bytes)
Event: 24.706 Thread 0x000001f7ff92e800 nmethod 13832 0x000001f788302010 code [0x000001f7883021c0, 0x000001f788302278]
Event: 24.706 Thread 0x000001f7ff92e800 13833       1       com.android.tools.r8.internal.Q5::Z1 (4 bytes)
Event: 24.706 Thread 0x000001f7ff92e800 nmethod 13833 0x000001f788302310 code [0x000001f7883024c0, 0x000001f788302578]
Event: 24.706 Thread 0x000001f7ff92e800 13834       1       com.android.tools.r8.internal.Q5::Y1 (4 bytes)
Event: 24.706 Thread 0x000001f7ff92e800 nmethod 13834 0x000001f788302610 code [0x000001f7883027c0, 0x000001f788302878]
Event: 24.706 Thread 0x000001f7ff92e800 13831       1       com.android.tools.r8.internal.Q5::a2 (3 bytes)
Event: 24.706 Thread 0x000001f7ff92e800 nmethod 13831 0x000001f788302910 code [0x000001f788302ac0, 0x000001f788302b78]
Event: 24.714 Thread 0x000001f7ff92e800 13841       2       com.android.tools.r8.internal.zi::hashCode (7 bytes)
Event: 24.714 Thread 0x000001f7ff92e800 nmethod 13841 0x000001f782411290 code [0x000001f782411440, 0x000001f782411568]
Event: 24.714 Thread 0x000001f7ff92e800 13842       1       com.android.tools.r8.internal.ka::c (5 bytes)
Event: 24.714 Thread 0x000001f7ff92e800 nmethod 13842 0x000001f788302c10 code [0x000001f788302dc0, 0x000001f788302e78]
Event: 24.715 Thread 0x000001f7ff92e800 13843       2       com.android.tools.r8.internal.XF$$Lambda$1452/0x0000000100d66040::get$Lambda (9 bytes)
Event: 24.715 Thread 0x000001f7ff92e800 nmethod 13843 0x000001f782411610 code [0x000001f7824117c0, 0x000001f782411938]

GC Heap History (20 events):
Event: 3.650 GC heap before
{Heap before GC invocations=3 (full 0):
 garbage-first heap   total 260096K, used 31991K [0x0000000080000000, 0x0000000100000000)
  region size 1024K, 26 young (26624K), 11 survivors (11264K)
 Metaspace       used 21994K, capacity 22493K, committed 22784K, reserved 1069056K
  class space    used 2782K, capacity 2968K, committed 3072K, reserved 1048576K
}
Event: 3.657 GC heap after
{Heap after GC invocations=4 (full 0):
 garbage-first heap   total 260096K, used 17173K [0x0000000080000000, 0x0000000100000000)
  region size 1024K, 1 young (1024K), 1 survivors (1024K)
 Metaspace       used 21994K, capacity 22493K, committed 22784K, reserved 1069056K
  class space    used 2782K, capacity 2968K, committed 3072K, reserved 1048576K
}
Event: 5.611 GC heap before
{Heap before GC invocations=4 (full 0):
 garbage-first heap   total 260096K, used 111381K [0x0000000080000000, 0x0000000100000000)
  region size 1024K, 95 young (97280K), 1 survivors (1024K)
 Metaspace       used 35041K, capacity 35798K, committed 35840K, reserved 1081344K
  class space    used 4546K, capacity 4832K, committed 4864K, reserved 1048576K
}
Event: 5.621 GC heap after
{Heap after GC invocations=5 (full 0):
 garbage-first heap   total 260096K, used 21683K [0x0000000080000000, 0x0000000100000000)
  region size 1024K, 6 young (6144K), 6 survivors (6144K)
 Metaspace       used 35041K, capacity 35798K, committed 35840K, reserved 1081344K
  class space    used 4546K, capacity 4832K, committed 4864K, reserved 1048576K
}
Event: 7.459 GC heap before
{Heap before GC invocations=6 (full 0):
 garbage-first heap   total 260096K, used 146611K [0x0000000080000000, 0x0000000100000000)
  region size 1024K, 125 young (128000K), 6 survivors (6144K)
 Metaspace       used 44912K, capacity 46093K, committed 46208K, reserved 1089536K
  class space    used 5781K, capacity 6187K, committed 6272K, reserved 1048576K
}
Event: 7.471 GC heap after
{Heap after GC invocations=7 (full 0):
 garbage-first heap   total 260096K, used 28469K [0x0000000080000000, 0x0000000100000000)
  region size 1024K, 12 young (12288K), 12 survivors (12288K)
 Metaspace       used 44912K, capacity 46093K, committed 46208K, reserved 1089536K
  class space    used 5781K, capacity 6187K, committed 6272K, reserved 1048576K
}
Event: 10.932 GC heap before
{Heap before GC invocations=7 (full 0):
 garbage-first heap   total 260096K, used 160565K [0x0000000080000000, 0x0000000100000000)
  region size 1024K, 139 young (142336K), 12 survivors (12288K)
 Metaspace       used 58568K, capacity 60100K, committed 60160K, reserved 1101824K
  class space    used 7399K, capacity 7933K, committed 7936K, reserved 1048576K
}
Event: 10.977 GC heap after
{Heap after GC invocations=8 (full 0):
 garbage-first heap   total 260096K, used 43054K [0x0000000080000000, 0x0000000100000000)
  region size 1024K, 18 young (18432K), 18 survivors (18432K)
 Metaspace       used 58568K, capacity 60100K, committed 60160K, reserved 1101824K
  class space    used 7399K, capacity 7933K, committed 7936K, reserved 1048576K
}
Event: 14.814 GC heap before
{Heap before GC invocations=9 (full 0):
 garbage-first heap   total 260096K, used 180270K [0x0000000080000000, 0x0000000100000000)
  region size 1024K, 152 young (155648K), 18 survivors (18432K)
 Metaspace       used 70949K, capacity 72622K, committed 72780K, reserved 1112064K
  class space    used 9165K, capacity 9777K, committed 9856K, reserved 1048576K
}
Event: 14.835 GC heap after
{Heap after GC invocations=10 (full 0):
 garbage-first heap   total 260096K, used 54051K [0x0000000080000000, 0x0000000100000000)
  region size 1024K, 12 young (12288K), 12 survivors (12288K)
 Metaspace       used 70949K, capacity 72622K, committed 72780K, reserved 1112064K
  class space    used 9165K, capacity 9777K, committed 9856K, reserved 1048576K
}
Event: 17.316 GC heap before
{Heap before GC invocations=10 (full 0):
 garbage-first heap   total 260096K, used 196387K [0x0000000080000000, 0x0000000100000000)
  region size 1024K, 152 young (155648K), 12 survivors (12288K)
 Metaspace       used 82213K, capacity 84475K, committed 84812K, reserved 1122304K
  class space    used 10700K, capacity 11539K, committed 11648K, reserved 1048576K
}
Event: 17.337 GC heap after
{Heap after GC invocations=11 (full 0):
 garbage-first heap   total 260096K, used 65622K [0x0000000080000000, 0x0000000100000000)
  region size 1024K, 12 young (12288K), 12 survivors (12288K)
 Metaspace       used 82213K, capacity 84475K, committed 84812K, reserved 1122304K
  class space    used 10700K, capacity 11539K, committed 11648K, reserved 1048576K
}
Event: 20.729 GC heap before
{Heap before GC invocations=11 (full 0):
 garbage-first heap   total 260096K, used 201814K [0x0000000080000000, 0x0000000100000000)
  region size 1024K, 143 young (146432K), 12 survivors (12288K)
 Metaspace       used 87934K, capacity 90233K, committed 90572K, reserved 1128448K
  class space    used 11364K, capacity 12185K, committed 12288K, reserved 1048576K
}
Event: 20.741 GC heap after
{Heap after GC invocations=12 (full 0):
 garbage-first heap   total 260096K, used 68367K [0x0000000080000000, 0x0000000100000000)
  region size 1024K, 4 young (4096K), 4 survivors (4096K)
 Metaspace       used 87934K, capacity 90233K, committed 90572K, reserved 1128448K
  class space    used 11364K, capacity 12185K, committed 12288K, reserved 1048576K
}
Event: 22.507 GC heap before
{Heap before GC invocations=12 (full 0):
 garbage-first heap   total 260096K, used 204559K [0x0000000080000000, 0x0000000100000000)
  region size 1024K, 138 young (141312K), 4 survivors (4096K)
 Metaspace       used 93580K, capacity 95981K, committed 96204K, reserved 1132544K
  class space    used 12079K, capacity 12978K, committed 13056K, reserved 1048576K
}
Event: 22.520 GC heap after
{Heap after GC invocations=13 (full 0):
 garbage-first heap   total 260096K, used 75574K [0x0000000080000000, 0x0000000100000000)
  region size 1024K, 11 young (11264K), 11 survivors (11264K)
 Metaspace       used 93580K, capacity 95981K, committed 96204K, reserved 1132544K
  class space    used 12079K, capacity 12978K, committed 13056K, reserved 1048576K
}
Event: 23.183 GC heap before
{Heap before GC invocations=13 (full 0):
 garbage-first heap   total 260096K, used 122678K [0x0000000080000000, 0x0000000100000000)
  region size 1024K, 57 young (58368K), 11 survivors (11264K)
 Metaspace       used 98108K, capacity 100725K, committed 100812K, reserved 1136640K
  class space    used 12784K, capacity 13786K, committed 13824K, reserved 1048576K
}
Event: 23.210 GC heap after
{Heap after GC invocations=14 (full 0):
 garbage-first heap   total 260096K, used 78675K [0x0000000080000000, 0x0000000100000000)
  region size 1024K, 12 young (12288K), 12 survivors (12288K)
 Metaspace       used 98108K, capacity 100725K, committed 100812K, reserved 1136640K
  class space    used 12784K, capacity 13786K, committed 13824K, reserved 1048576K
}
Event: 24.649 GC heap before
{Heap before GC invocations=15 (full 0):
 garbage-first heap   total 260096K, used 204627K [0x0000000080000000, 0x0000000100000000)
  region size 1024K, 135 young (138240K), 12 survivors (12288K)
 Metaspace       used 101200K, capacity 103743K, committed 104044K, reserved 1138688K
  class space    used 13116K, capacity 14087K, committed 14240K, reserved 1048576K
}
Event: 24.674 GC heap after
{Heap after GC invocations=16 (full 0):
 garbage-first heap   total 260096K, used 79127K [0x0000000080000000, 0x0000000100000000)
  region size 1024K, 6 young (6144K), 6 survivors (6144K)
 Metaspace       used 101200K, capacity 103743K, committed 104044K, reserved 1138688K
  class space    used 13116K, capacity 14087K, committed 14240K, reserved 1048576K
}

Deoptimization events (20 events):
Event: 24.150 Thread 0x000001f797402000 Uncommon trap: trap_request=0xffffffbe fr.pc=0x000001f7882b8130 relative=0x0000000000000210
Event: 24.150 Thread 0x000001f797402000 Uncommon trap: reason=profile_predicate action=maybe_recompile pc=0x000001f7882b8130 method=com.android.tools.r8.graph.c0.a([C)I @ 8 c2
Event: 24.150 Thread 0x000001f797402000 DEOPT PACKING pc=0x000001f7882b8130 sp=0x0000001cfe1f9af0
Event: 24.150 Thread 0x000001f797402000 DEOPT UNPACKING pc=0x000001f7800083af sp=0x0000001cfe1f9a78 mode 2
Event: 24.150 Thread 0x000001f797402000 Uncommon trap: trap_request=0xffffffbe fr.pc=0x000001f7882b8130 relative=0x0000000000000210
Event: 24.150 Thread 0x000001f797402000 Uncommon trap: reason=profile_predicate action=maybe_recompile pc=0x000001f7882b8130 method=com.android.tools.r8.graph.c0.a([C)I @ 8 c2
Event: 24.150 Thread 0x000001f797402000 DEOPT PACKING pc=0x000001f7882b8130 sp=0x0000001cfe1f9af0
Event: 24.150 Thread 0x000001f797402000 DEOPT UNPACKING pc=0x000001f7800083af sp=0x0000001cfe1f9a78 mode 2
Event: 24.179 Thread 0x000001f797402000 Uncommon trap: trap_request=0xffffffbe fr.pc=0x000001f7882b8130 relative=0x0000000000000210
Event: 24.179 Thread 0x000001f797402000 Uncommon trap: reason=profile_predicate action=maybe_recompile pc=0x000001f7882b8130 method=com.android.tools.r8.graph.c0.a([C)I @ 8 c2
Event: 24.179 Thread 0x000001f797402000 DEOPT PACKING pc=0x000001f7882b8130 sp=0x0000001cfe1f9b00
Event: 24.179 Thread 0x000001f797402000 DEOPT UNPACKING pc=0x000001f7800083af sp=0x0000001cfe1f9a88 mode 2
Event: 24.318 Thread 0x000001f7973fb800 Uncommon trap: trap_request=0xffffff4d fr.pc=0x000001f7882f0c30 relative=0x00000000000009b0
Event: 24.318 Thread 0x000001f7973fb800 Uncommon trap: reason=unstable_if action=reinterpret pc=0x000001f7882f0c30 method=com.android.tools.r8.internal.XC.b(Lcom/android/tools/r8/internal/Gg;)V @ 150 c2
Event: 24.318 Thread 0x000001f7973fb800 DEOPT PACKING pc=0x000001f7882f0c30 sp=0x0000001cfdffa030
Event: 24.318 Thread 0x000001f7973fb800 DEOPT UNPACKING pc=0x000001f7800083af sp=0x0000001cfdffa030 mode 2
Event: 24.455 Thread 0x000001f797402000 Uncommon trap: trap_request=0xffffff4d fr.pc=0x000001f7882c7c28 relative=0x00000000000002a8
Event: 24.455 Thread 0x000001f797402000 Uncommon trap: reason=unstable_if action=reinterpret pc=0x000001f7882c7c28 method=com.android.tools.r8.graph.X.g(Ljava/lang/Object;)Z @ 37 c2
Event: 24.455 Thread 0x000001f797402000 DEOPT PACKING pc=0x000001f7882c7c28 sp=0x0000001cfe1f9a60
Event: 24.455 Thread 0x000001f797402000 DEOPT UNPACKING pc=0x000001f7800083af sp=0x0000001cfe1f9a00 mode 2

Classes redefined (0 events):
No events

Internal exceptions (20 events):
Event: 22.311 Thread 0x000001f797402000 Exception <a 'java/lang/NoSuchMethodError'{0x0000000088828290}: 'java.lang.Object java.lang.invoke.DirectMethodHandle$Holder.invokeStaticInit(java.lang.Object, java.lang.Object, java.lang.Object, java.lang.Object, java.lang.Object, java.lang.Object, java.lang.Object, java.lang.Object, java.lang.Object, java.lang.Object, java.lang.Object, java.lang.Object, java.lang.Object, java.lang.Object, java.lang.Object, java.lang.Object, java.lang.Object, java.lang.Object, int, java.lang.Object)'> (0x0000000088828290)
Event: 22.357 Thread 0x000001f797402000 Exception <a 'java/lang/IncompatibleClassChangeError'{0x0000000088232ba0}: Found class java.lang.Object, but interface was expected> (0x0000000088232ba0) thrown at [./src/hotspot/share/interpreter/linkResolver.cpp, line 839]
Event: 22.357 Thread 0x000001f7973fb800 Exception <a 'java/lang/IncompatibleClassChangeError'{0x0000000088b9db90}: Found class java.lang.Object, but interface was expected> (0x0000000088b9db90) thrown at [./src/hotspot/share/interpreter/linkResolver.cpp, line 839]
Event: 22.436 Thread 0x000001f7973fb800 Exception <a 'java/lang/NoSuchMethodError'{0x000000008769ec38}: 'java.lang.Object java.lang.invoke.DirectMethodHandle$Holder.invokeStatic(java.lang.Object, long)'> (0x000000008769ec38) thrown at [./src/hotspot/share/interpreter/linkResolver.cpp, line 773]
Event: 22.621 Thread 0x000001f797402000 Exception <a 'java/lang/NoSuchMethodError'{0x000000008f760470}: 'int java.lang.invoke.DirectMethodHandle$Holder.invokeVirtual(java.lang.Object, java.lang.Object, java.lang.Object, java.lang.Object)'> (0x000000008f760470) thrown at [./src/hotspot/share/interpreter/linkResolver.cpp, line 773]
Event: 22.666 Thread 0x000001f7973fb800 Exception <a 'java/lang/IncompatibleClassChangeError'{0x000000008f5c4e30}: Found class java.lang.Object, but interface was expected> (0x000000008f5c4e30) thrown at [./src/hotspot/share/interpreter/linkResolver.cpp, line 839]
Event: 22.730 Thread 0x000001f7973fb800 Exception <a 'java/lang/NoSuchMethodError'{0x000000008efe38b0}: 'int java.lang.invoke.DirectMethodHandle$Holder.invokeVirtual(java.lang.Object, java.lang.Object, java.lang.Object)'> (0x000000008efe38b0) thrown at [./src/hotspot/share/interpreter/linkResolver.cpp, line 773]
Event: 22.730 Thread 0x000001f797402000 Exception <a 'java/lang/NoSuchMethodError'{0x000000008efb9cc0}: 'int java.lang.invoke.DirectMethodHandle$Holder.invokeVirtual(java.lang.Object, java.lang.Object, java.lang.Object)'> (0x000000008efb9cc0) thrown at [./src/hotspot/share/interpreter/linkResolver.cpp, line 773]
Event: 23.010 Thread 0x000001f7973fb800 Exception <a 'java/lang/NoSuchMethodError'{0x000000008d8ed9c8}: 'java.lang.Object java.lang.invoke.Invokers$Holder.linkToTargetMethod(java.lang.Object, java.lang.Object, java.lang.Object, java.lang.Object, java.lang.Object, java.lang.Object, java.lang.Object)'> (0x000000008d8ed9c8) thrown at [./src/hotspot/share/interpreter/linkResolver.cpp, line 773]
Event: 23.069 Thread 0x000001f7973fb800 Exception <a 'java/lang/NoSuchMethodError'{0x000000008d5f9b30}: 'java.lang.Object java.lang.invoke.DirectMethodHandle$Holder.invokeVirtual(java.lang.Object, java.lang.Object, int, java.lang.Object)'> (0x000000008d5f9b30) thrown at [./src/hotspot/share/interpreter/linkResolver.cpp, line 773]
Event: 23.069 Thread 0x000001f797402000 Exception <a 'java/lang/NoSuchMethodError'{0x000000008d409290}: 'java.lang.Object java.lang.invoke.DirectMethodHandle$Holder.invokeVirtual(java.lang.Object, java.lang.Object, int, java.lang.Object)'> (0x000000008d409290) thrown at [./src/hotspot/share/interpreter/linkResolver.cpp, line 773]
Event: 23.095 Thread 0x000001f7973fb800 Exception <a 'java/lang/IncompatibleClassChangeError'{0x000000008d4d7e60}: Found class java.lang.Object, but interface was expected> (0x000000008d4d7e60) thrown at [./src/hotspot/share/interpreter/linkResolver.cpp, line 839]
Event: 23.095 Thread 0x000001f797402000 Exception <a 'java/lang/IncompatibleClassChangeError'{0x000000008d4f7d08}: Found class java.lang.Object, but interface was expected> (0x000000008d4f7d08) thrown at [./src/hotspot/share/interpreter/linkResolver.cpp, line 839]
Event: 23.097 Thread 0x000001f7973fb800 Exception <a 'java/lang/IncompatibleClassChangeError'{0x000000008d4e2770}: Found class java.lang.Object, but interface was expected> (0x000000008d4e2770) thrown at [./src/hotspot/share/interpreter/linkResolver.cpp, line 839]
Event: 23.129 Thread 0x000001f7973fb800 Exception <a 'java/lang/NoSuchMethodError'{0x000000008d3321b0}: 'void java.lang.invoke.DirectMethodHandle$Holder.invokeVirtual(java.lang.Object, java.lang.Object, int, java.lang.Object)'> (0x000000008d3321b0) thrown at [./src/hotspot/share/interpreter/linkResolver.cpp, line 773]
Event: 23.129 Thread 0x000001f797402000 Exception <a 'java/lang/NoSuchMethodError'{0x000000008d221ec0}: 'void java.lang.invoke.DirectMethodHandle$Holder.invokeVirtual(java.lang.Object, java.lang.Object, int, java.lang.Object)'> (0x000000008d221ec0) thrown at [./src/hotspot/share/interpreter/linkResolver.cpp, line 773]
Event: 23.257 Thread 0x000001f7973fb800 Exception <a 'java/lang/NoSuchMethodError'{0x000000008fcdaf70}: 'java.lang.Object java.lang.invoke.DirectMethodHandle$Holder.newInvokeSpecial(java.lang.Object, int)'> (0x000000008fcdaf70) thrown at [./src/hotspot/share/interpreter/linkResolver.cpp, line 773]
Event: 23.257 Thread 0x000001f797402000 Exception <a 'java/lang/NoSuchMethodError'{0x000000008fc568e8}: 'java.lang.Object java.lang.invoke.DirectMethodHandle$Holder.newInvokeSpecial(java.lang.Object, int)'> (0x000000008fc568e8) thrown at [./src/hotspot/share/interpreter/linkResolver.cpp, line 773]
Event: 23.485 Thread 0x000001f7973fb800 Exception <a 'java/lang/NoSuchMethodError'{0x000000008f37a070}: 'java.lang.Object java.lang.invoke.DirectMethodHandle$Holder.invokeInterface(java.lang.Object, java.lang.Object, int)'> (0x000000008f37a070) thrown at [./src/hotspot/share/interpreter/linkResolver.cpp, line 773]
Event: 24.036 Thread 0x000001f7973fb800 Exception <a 'java/lang/NoSuchMethodError'{0x000000008c0788c8}: 'int java.lang.invoke.DirectMethodHandle$Holder.invokeInterface(java.lang.Object, java.lang.Object, int)'> (0x000000008c0788c8) thrown at [./src/hotspot/share/interpreter/linkResolver.cpp, line 773]

Events (20 events):
Event: 24.451 loading class com/android/tools/r8/internal/GE
Event: 24.451 loading class com/android/tools/r8/internal/GE done
Event: 24.451 loading class com/android/tools/r8/internal/GE
Event: 24.451 loading class com/android/tools/r8/internal/GE done
Event: 24.451 loading class com/android/tools/r8/internal/FE
Event: 24.451 loading class com/android/tools/r8/internal/FE done
Event: 24.451 loading class com/android/tools/r8/code/F0
Event: 24.451 loading class com/android/tools/r8/code/F0 done
Event: 24.451 loading class com/android/tools/r8/code/F0
Event: 24.451 loading class com/android/tools/r8/code/F0 done
Event: 24.452 loading class com/android/tools/r8/code/F0
Event: 24.452 loading class com/android/tools/r8/code/F0 done
Event: 24.480 Executing VM operation: ICBufferFull
Event: 24.480 Executing VM operation: ICBufferFull done
Event: 24.609 loading class com/android/tools/r8/internal/m4
Event: 24.609 loading class com/android/tools/r8/internal/m4 done
Event: 24.625 loading class com/android/tools/r8/internal/m4
Event: 24.625 loading class com/android/tools/r8/internal/m4 done
Event: 24.647 Executing VM operation: G1CollectForAllocation
Event: 24.674 Executing VM operation: G1CollectForAllocation done


Dynamic libraries:
0x00007ff78c5b0000 - 0x00007ff78c5ba000 	C:\Program Files\Android\Android Studio\jre\bin\java.exe
0x00007ffe221d0000 - 0x00007ffe223c5000 	C:\Windows\SYSTEM32\ntdll.dll
0x00007ffe215e0000 - 0x00007ffe2169e000 	C:\Windows\System32\KERNEL32.DLL
0x00007ffe1fc50000 - 0x00007ffe1ff18000 	C:\Windows\System32\KERNELBASE.dll
0x00007ffe1f8f0000 - 0x00007ffe1f9f0000 	C:\Windows\System32\ucrtbase.dll
0x00007ffe19f10000 - 0x00007ffe19f29000 	C:\Program Files\Android\Android Studio\jre\bin\jli.dll
0x00007ffe19eb0000 - 0x00007ffe19ec7000 	C:\Program Files\Android\Android Studio\jre\bin\VCRUNTIME140.dll
0x00007ffe21f20000 - 0x00007ffe220c1000 	C:\Windows\System32\USER32.dll
0x00007ffe1faf0000 - 0x00007ffe1fb12000 	C:\Windows\System32\win32u.dll
0x00007ffdf6070000 - 0x00007ffdf630a000 	C:\Windows\WinSxS\amd64_microsoft.windows.common-controls_6595b64144ccf1df_6.0.19041.1110_none_60b5254171f9507e\COMCTL32.dll
0x00007ffe214e0000 - 0x00007ffe2150b000 	C:\Windows\System32\GDI32.dll
0x00007ffe1ffb0000 - 0x00007ffe200bb000 	C:\Windows\System32\gdi32full.dll
0x00007ffe21140000 - 0x00007ffe211de000 	C:\Windows\System32\msvcrt.dll
0x00007ffe1fb20000 - 0x00007ffe1fbbd000 	C:\Windows\System32\msvcp_win.dll
0x00007ffe21b30000 - 0x00007ffe21b60000 	C:\Windows\System32\IMM32.DLL
0x00007ffde2400000 - 0x00007ffde249d000 	C:\Program Files\Android\Android Studio\jre\bin\msvcp140.dll
0x00007ffdd0250000 - 0x00007ffdd0d1f000 	C:\Program Files\Android\Android Studio\jre\bin\server\jvm.dll
0x00007ffe21510000 - 0x00007ffe215bc000 	C:\Windows\System32\ADVAPI32.dll
0x00007ffe20d40000 - 0x00007ffe20ddb000 	C:\Windows\System32\sechost.dll
0x00007ffe21df0000 - 0x00007ffe21f1a000 	C:\Windows\System32\RPCRT4.dll
0x00007ffe21390000 - 0x00007ffe21398000 	C:\Windows\System32\PSAPI.DLL
0x00007ffdf88a0000 - 0x00007ffdf88a9000 	C:\Windows\SYSTEM32\WSOCK32.dll
0x00007ffe05b90000 - 0x00007ffe05bb7000 	C:\Windows\SYSTEM32\WINMM.dll
0x00007ffe196a0000 - 0x00007ffe196aa000 	C:\Windows\SYSTEM32\VERSION.dll
0x00007ffe211e0000 - 0x00007ffe2124b000 	C:\Windows\System32\WS2_32.dll
0x00007ffe1e1c0000 - 0x00007ffe1e1d2000 	C:\Windows\SYSTEM32\kernel.appcore.dll
0x00007ffe0c6c0000 - 0x00007ffe0c6d1000 	C:\Program Files\Android\Android Studio\jre\bin\verify.dll
0x00007ffe1d6f0000 - 0x00007ffe1d8d4000 	C:\Windows\SYSTEM32\DBGHELP.DLL
0x00007ffe06080000 - 0x00007ffe060ac000 	C:\Windows\SYSTEM32\dbgcore.DLL
0x00007ffe1ff20000 - 0x00007ffe1ffa3000 	C:\Windows\System32\bcryptPrimitives.dll
0x00007ffde57f0000 - 0x00007ffde5819000 	C:\Program Files\Android\Android Studio\jre\bin\java.dll
0x00007ffe1a3d0000 - 0x00007ffe1a3db000 	C:\Program Files\Android\Android Studio\jre\bin\jimage.dll
0x00007ffdf8d60000 - 0x00007ffdf8d78000 	C:\Program Files\Android\Android Studio\jre\bin\zip.dll
0x00007ffe20600000 - 0x00007ffe20d3f000 	C:\Windows\System32\SHELL32.dll
0x00007ffe1d8e0000 - 0x00007ffe1e070000 	C:\Windows\SYSTEM32\windows.storage.dll
0x00007ffe202a0000 - 0x00007ffe205f5000 	C:\Windows\System32\combase.dll
0x00007ffe1f340000 - 0x00007ffe1f36e000 	C:\Windows\SYSTEM32\Wldp.dll
0x00007ffe21090000 - 0x00007ffe2113d000 	C:\Windows\System32\SHCORE.dll
0x00007ffe220d0000 - 0x00007ffe22125000 	C:\Windows\System32\shlwapi.dll
0x00007ffe1f830000 - 0x00007ffe1f84f000 	C:\Windows\SYSTEM32\profapi.dll
0x00007ffdeab70000 - 0x00007ffdeab8a000 	C:\Program Files\Android\Android Studio\jre\bin\net.dll
0x00007ffe155c0000 - 0x00007ffe156cc000 	C:\Windows\SYSTEM32\WINHTTP.dll
0x00007ffe1f0a0000 - 0x00007ffe1f10a000 	C:\Windows\system32\mswsock.dll
0x00007ffde70a0000 - 0x00007ffde70b4000 	C:\Program Files\Android\Android Studio\jre\bin\nio.dll
0x00007ffe0b580000 - 0x00007ffe0b5a7000 	C:\Users\hp\.gradle\native\8bec1ad78214c89d9ad589b4d07fe93259594b29d510b10fafb7a158f7737e5d\windows-amd64\native-platform.dll
0x00007ffdd5fe0000 - 0x00007ffdd611d000 	C:\Users\hp\.gradle\native\53dbd7edfb1c66fb8903c78663c9afc45aea4f116125fa6feffd364cf09443e8\windows-amd64\native-platform-file-events.dll
0x00007ffe11e70000 - 0x00007ffe11e7a000 	C:\Program Files\Android\Android Studio\jre\bin\management.dll
0x00007ffe0e360000 - 0x00007ffe0e36c000 	C:\Program Files\Android\Android Studio\jre\bin\management_ext.dll
0x00007ffe1f290000 - 0x00007ffe1f2a8000 	C:\Windows\SYSTEM32\CRYPTSP.dll
0x00007ffe1e950000 - 0x00007ffe1e984000 	C:\Windows\system32\rsaenh.dll
0x00007ffe1fbc0000 - 0x00007ffe1fbe7000 	C:\Windows\System32\bcrypt.dll
0x00007ffe1f7b0000 - 0x00007ffe1f7de000 	C:\Windows\SYSTEM32\USERENV.dll
0x00007ffe1f2b0000 - 0x00007ffe1f2bc000 	C:\Windows\SYSTEM32\CRYPTBASE.dll
0x00007ffe1ed20000 - 0x00007ffe1ed5b000 	C:\Windows\SYSTEM32\IPHLPAPI.DLL
0x00007ffe21b20000 - 0x00007ffe21b28000 	C:\Windows\System32\NSI.dll
0x00007ffe19540000 - 0x00007ffe19557000 	C:\Windows\SYSTEM32\dhcpcsvc6.DLL
0x00007ffe19520000 - 0x00007ffe1953d000 	C:\Windows\SYSTEM32\dhcpcsvc.DLL
0x00007ffe1ed60000 - 0x00007ffe1ee2b000 	C:\Windows\SYSTEM32\DNSAPI.dll

dbghelp: loaded successfully - version: 4.0.5 - missing functions: none
symbol engine: initialized successfully - sym options: 0x614 - pdb path: .;C:\Program Files\Android\Android Studio\jre\bin;C:\Windows\SYSTEM32;C:\Windows\WinSxS\amd64_microsoft.windows.common-controls_6595b64144ccf1df_6.0.19041.1110_none_60b5254171f9507e;C:\Program Files\Android\Android Studio\jre\bin\server;C:\Users\hp\.gradle\native\8bec1ad78214c89d9ad589b4d07fe93259594b29d510b10fafb7a158f7737e5d\windows-amd64;C:\Users\hp\.gradle\native\53dbd7edfb1c66fb8903c78663c9afc45aea4f116125fa6feffd364cf09443e8\windows-amd64

VM Arguments:
jvm_args: --add-opens=java.base/java.util=ALL-UNNAMED --add-opens=java.base/java.lang=ALL-UNNAMED --add-opens=java.base/java.lang.invoke=ALL-UNNAMED --add-opens=java.base/java.util=ALL-UNNAMED --add-opens=java.prefs/java.util.prefs=ALL-UNNAMED --add-opens=java.prefs/java.util.prefs=ALL-UNNAMED --add-opens=java.base/java.nio.charset=ALL-UNNAMED --add-opens=java.base/java.net=ALL-UNNAMED --add-opens=java.base/java.util.concurrent.atomic=ALL-UNNAMED -Xmx2048m -Dfile.encoding=UTF-8 -Duser.country=US -Duser.language=en -Duser.variant 
java_command: org.gradle.launcher.daemon.bootstrap.GradleDaemon 7.0.2
java_class_path (initial): C:\Users\hp\.gradle\wrapper\dists\gradle-7.0.2-bin\857tjihv64xamwrf0h14cai3r\gradle-7.0.2\lib\gradle-launcher-7.0.2.jar
Launcher Type: SUN_STANDARD

[Global flags]
     intx CICompilerCount                          = 4                                         {product} {ergonomic}
     uint ConcGCThreads                            = 2                                         {product} {ergonomic}
     uint G1ConcRefinementThreads                  = 8                                         {product} {ergonomic}
   size_t G1HeapRegionSize                         = 1048576                                   {product} {ergonomic}
    uintx GCDrainStackTargetSize                   = 64                                        {product} {ergonomic}
   size_t InitialHeapSize                          = 266338304                                 {product} {ergonomic}
   size_t MarkStackSize                            = 4194304                                   {product} {ergonomic}
   size_t MaxHeapSize                              = 2147483648                                {product} {command line}
   size_t MaxNewSize                               = 1287651328                                {product} {ergonomic}
   size_t MinHeapDeltaBytes                        = 1048576                                   {product} {ergonomic}
    uintx NonNMethodCodeHeapSize                   = 5836300                                {pd product} {ergonomic}
    uintx NonProfiledCodeHeapSize                  = 122910970                              {pd product} {ergonomic}
    uintx ProfiledCodeHeapSize                     = 122910970                              {pd product} {ergonomic}
    uintx ReservedCodeCacheSize                    = 251658240                              {pd product} {ergonomic}
     bool SegmentedCodeCache                       = true                                      {product} {ergonomic}
     bool UseCompressedClassPointers               = true                                 {lp64_product} {ergonomic}
     bool UseCompressedOops                        = true                                 {lp64_product} {ergonomic}
     bool UseG1GC                                  = true                                      {product} {ergonomic}
     bool UseLargePagesIndividualAllocation        = false                                  {pd product} {ergonomic}

Logging:
Log output configuration:
 #0: stdout all=warning uptime,level,tags
 #1: stderr all=off uptime,level,tags

Environment Variables:
JAVA_HOME=C:\Program Files\Java\jdk1.8.0_202
PATH=C:\Program Files (x86)\Common Files\Oracle\Java\javapath;C:\Program Files\Common Files\Oracle\Java\javapath;C:\Program Files\Microsoft MPI\Bin\;C:\Program Files (x86)\Common Files\Intel\Shared Libraries\redist\intel64\compiler;C:\oraclexe\app\oracle\product\11.2.0\server\bin;C:\Windows\system32;C:\Windows;C:\Windows\System32\Wbem;C:\Windows\System32\WindowsPowerShell\v1.0\;C:\Windows\System32\OpenSSH\;C:\Program Files\dotnet\;C:\Program Files\Microsoft SQL Server\130\Tools\Binn\;C:\Program Files (x86)\QuickTime\QTSystem\;C:\Program Files\Microsoft SQL Server\Client SDK\ODBC\170\Tools\Binn\;C:\Program Files (x86)\Microsoft SQL Server\150\Tools\Binn\;C:\Program Files\Microsoft SQL Server\150\Tools\Binn\;C:\Program Files\Microsoft SQL Server\150\DTS\Binn\;C:\Program Files (x86)\Microsoft SQL Server\150\DTS\Binn\;C:\Program Files\Azure Data Studio\bin;C:\Program Files\nodejs\;C:\Program Files\Git\cmd;C:\Program Files (x86)\Java\apache-maven-3.8.2\bin;C:\Program Files\Java\jdk1.8.0_202\bin;C:\Users\hp\AppData\Local\Microsoft\WindowsApps;C:\Users\hp\.dotnet\tools;C:\Program Files\Azure Data Studio\bin;C:\Users\hp\AppData\Local\Programs\Microsoft VS Code\bin;C:\Users\hp\AppData\Roaming\npm;C:\Users\hp\AppData\Local\GitHubDesktop\bin;C:\Program Files\JetBrains\IntelliJ IDEA 2021.2\bin;;
USERNAME=Rodriguez
OS=Windows_NT
PROCESSOR_IDENTIFIER=Intel64 Family 6 Model 126 Stepping 5, GenuineIntel



---------------  S Y S T E M  ---------------

OS: Windows 10 , 64 bit Build 19041 (10.0.19041.1348)
OS uptime: 2 days 6:35 hours

CPU:total 8 (initial active 8) (4 cores per cpu, 2 threads per core) family 6 model 126 stepping 5 microcode 0x96, cmov, cx8, fxsr, mmx, sse, sse2, sse3, ssse3, sse4.1, sse4.2, popcnt, avx, avx2, aes, clmul, erms, 3dnowpref, lzcnt, ht, tsc, tscinvbit, bmi1, bmi2, adx, evex, sha, fma

Memory: 4k page, system-wide physical 16165M (2436M free)
TotalPageFile size 16165M (AvailPageFile size 9M)
current process WorkingSet (physical memory assigned to process): 551M, peak: 551M
current process commit charge ("private bytes"): 609M, peak: 610M

vm_info: OpenJDK 64-Bit Server VM (11.0.10+0-b96-7249189) for windows-amd64 JRE (11.0.10+0-b96-7249189), built on Mar 31 2021 21:44:00 by "builder" with MS VC++ 14.0 (VS2015)

END.
