#
# There is insufficient memory for the Java Runtime Environment to continue.
# Native memory allocation (malloc) failed to allocate 546768 bytes for Chunk::new
# Possible reasons:
#   The system is out of physical RAM or swap space
#   The process is running with CompressedOops enabled, and the Java Heap may be blocking the growth of the native heap
# Possible solutions:
#   Reduce memory load on the system
#   Increase physical memory or swap space
#   Check if swap backing store is full
#   Decrease Java heap size (-Xmx/-Xms)
#   Decrease number of Java threads
#   Decrease Java thread stack sizes (-Xss)
#   Set larger code cache with -XX:ReservedCodeCacheSize=
#   JVM is running with Unscaled Compressed Oops mode in which the Java heap is
#     placed in the first 4GB address space. The Java Heap base address is the
#     maximum limit for the native heap growth. Please use -XX:HeapBaseMinAddress
#     to set the Java Heap base and to place the Java Heap above 4GB virtual address.
# This output file may be truncated or incomplete.
#
#  Out of Memory Error (./src/hotspot/share/memory/arena.cpp:197), pid=5820, tid=21272
#
# JRE version: OpenJDK Runtime Environment (11.0.10) (build 11.0.10+0-b96-7249189)
# Java VM: OpenJDK 64-Bit Server VM (11.0.10+0-b96-7249189, mixed mode, tiered, compressed oops, g1 gc, windows-amd64)
# No core dump will be written. Minidumps are not enabled by default on client versions of Windows
#

---------------  S U M M A R Y ------------

Command Line: --add-opens=java.base/java.util=ALL-UNNAMED --add-opens=java.base/java.lang=ALL-UNNAMED --add-opens=java.base/java.lang.invoke=ALL-UNNAMED --add-opens=java.base/java.util=ALL-UNNAMED --add-opens=java.prefs/java.util.prefs=ALL-UNNAMED --add-opens=java.prefs/java.util.prefs=ALL-UNNAMED --add-opens=java.base/java.nio.charset=ALL-UNNAMED --add-opens=java.base/java.net=ALL-UNNAMED --add-opens=java.base/java.util.concurrent.atomic=ALL-UNNAMED -Xmx2048m -Dfile.encoding=UTF-8 -Duser.country=US -Duser.language=en -Duser.variant org.gradle.launcher.daemon.bootstrap.GradleDaemon 7.0.2

Host: Intel(R) Core(TM) i5-1035G1 CPU @ 1.00GHz, 8 cores, 15G,  Windows 10 , 64 bit Build 19041 (10.0.19041.1348)
Time: Thu Dec  2 23:04:53 2021 SA Pacific Standard Time elapsed time: 6601.346770 seconds (0d 1h 50m 1s)

---------------  T H R E A D  ---------------

Current thread (0x0000016a365ad800):  JavaThread "C2 CompilerThread1" daemon [_thread_in_native, id=21272, stack(0x0000005529500000,0x0000005529600000)]


Current CompileTask:
C2:6601346 17893       4       sun.invoke.util.VerifyAccess::isClassAccessible (182 bytes)

Stack: [0x0000005529500000,0x0000005529600000]
Native frames: (J=compiled Java code, j=interpreted, Vv=VM code, C=native code)
V  [jvm.dll+0x5ecfaa]
V  [jvm.dll+0x722bd5]
V  [jvm.dll+0x72412d]
V  [jvm.dll+0x7247e3]
V  [jvm.dll+0x242928]
V  [jvm.dll+0xbc4fc]
V  [jvm.dll+0xbca0c]
V  [jvm.dll+0x1fae51]
V  [jvm.dll+0x584a45]
V  [jvm.dll+0x58380e]
V  [jvm.dll+0x1fb4a2]
V  [jvm.dll+0x1fa7f4]
V  [jvm.dll+0x18354c]
V  [jvm.dll+0x208ee7]
V  [jvm.dll+0x207731]
V  [jvm.dll+0x6eb1cf]
V  [jvm.dll+0x6e3d45]
V  [jvm.dll+0x5ebe96]
C  [ucrtbase.dll+0x21bb2]
C  [KERNEL32.DLL+0x17034]
C  [ntdll.dll+0x52651]


---------------  P R O C E S S  ---------------

Threads class SMR info:
_java_thread_list=0x0000016a3c590ed0, length=72, elements={
0x0000016a1af8f000, 0x0000016a3542e800, 0x0000016a35c64800, 0x0000016a35cbc800,
0x0000016a35cc0800, 0x0000016a35cc2000, 0x0000016a35cc4000, 0x0000016a35cc5000,
0x0000016a35cc6800, 0x0000016a35e2f800, 0x0000016a37707800, 0x0000016a36518800,
0x0000016a376d9800, 0x0000016a38870000, 0x0000016a38874800, 0x0000016a38874000,
0x0000016a38873000, 0x0000016a38871800, 0x0000016a38876800, 0x0000016a38870800,
0x0000016a397b4800, 0x0000016a397b2000, 0x0000016a397b6800, 0x0000016a397b5800,
0x0000016a397b9000, 0x0000016a397b7000, 0x0000016a3b593000, 0x0000016a3b594800,
0x0000016a3b59b000, 0x0000016a3ef5e800, 0x0000016a3ef61000, 0x0000016a3ef63800,
0x0000016a3ef62000, 0x0000016a3ef62800, 0x0000016a3ef5e000, 0x0000016a3ef6a000,
0x0000016a3ef64800, 0x0000016a3ef67000, 0x0000016a3ef68800, 0x0000016a3ef6b000,
0x0000016a3ef67800, 0x0000016a3ef65000, 0x0000016a3ef69000, 0x0000016a3b59c000,
0x0000016a3b59d000, 0x0000016a3b599000, 0x0000016a3b59d800, 0x0000016a3b59e800,
0x0000016a3b59f800, 0x0000016a3b599800, 0x0000016a3b5a0000, 0x0000016a3b59a800,
0x0000016a397b3000, 0x0000016a397b4000, 0x0000016a397b8000, 0x0000016a38875800,
0x0000016a38872000, 0x0000016a365ac000, 0x0000016a365aa000, 0x0000016a365a8000,
0x0000016a365ab000, 0x0000016a365a8800, 0x0000016a365a6000, 0x0000016a365a9800,
0x0000016a365ac800, 0x0000016a365a7000, 0x0000016a365b0000, 0x0000016a365ae800,
0x0000016a365b0800, 0x0000016a365b1800, 0x0000016a365ad800, 0x0000016a365b3000
}

Java Threads: ( => current thread )
  0x0000016a1af8f000 JavaThread "main" [_thread_blocked, id=19492, stack(0x0000005526300000,0x0000005526400000)]
  0x0000016a3542e800 JavaThread "Reference Handler" daemon [_thread_blocked, id=19600, stack(0x0000005526a00000,0x0000005526b00000)]
  0x0000016a35c64800 JavaThread "Finalizer" daemon [_thread_blocked, id=14756, stack(0x0000005526b00000,0x0000005526c00000)]
  0x0000016a35cbc800 JavaThread "Signal Dispatcher" daemon [_thread_blocked, id=3572, stack(0x0000005526c00000,0x0000005526d00000)]
  0x0000016a35cc0800 JavaThread "Attach Listener" daemon [_thread_blocked, id=17724, stack(0x0000005526d00000,0x0000005526e00000)]
  0x0000016a35cc2000 JavaThread "Service Thread" daemon [_thread_blocked, id=10168, stack(0x0000005526e00000,0x0000005526f00000)]
  0x0000016a35cc4000 JavaThread "C2 CompilerThread0" daemon [_thread_in_native, id=17684, stack(0x0000005526f00000,0x0000005527000000)]
  0x0000016a35cc5000 JavaThread "C1 CompilerThread0" daemon [_thread_in_native, id=13656, stack(0x0000005527000000,0x0000005527100000)]
  0x0000016a35cc6800 JavaThread "Sweeper thread" daemon [_thread_blocked, id=19772, stack(0x0000005527100000,0x0000005527200000)]
  0x0000016a35e2f800 JavaThread "Common-Cleaner" daemon [_thread_blocked, id=19964, stack(0x0000005527200000,0x0000005527300000)]
  0x0000016a37707800 JavaThread "Daemon health stats" [_thread_blocked, id=3292, stack(0x0000005527b00000,0x0000005527c00000)]
  0x0000016a36518800 JavaThread "Incoming local TCP Connector on port 56481" [_thread_in_native, id=9040, stack(0x0000005527400000,0x0000005527500000)]
  0x0000016a376d9800 JavaThread "Daemon periodic checks" [_thread_blocked, id=14904, stack(0x0000005527500000,0x0000005527600000)]
  0x0000016a38870000 JavaThread "Cache worker for file hash cache (C:\Users\hp\.gradle\caches\7.0.2\fileHashes)" [_thread_blocked, id=16628, stack(0x0000005528300000,0x0000005528400000)]
  0x0000016a38874800 JavaThread "File lock request listener" [_thread_in_native, id=19068, stack(0x0000005528400000,0x0000005528500000)]
  0x0000016a38874000 JavaThread "Cache worker for journal cache (C:\Users\hp\.gradle\caches\journal-1)" [_thread_blocked, id=2900, stack(0x0000005528800000,0x0000005528900000)]
  0x0000016a38873000 JavaThread "File watcher server" daemon [_thread_in_native, id=11064, stack(0x0000005528b00000,0x0000005528c00000)]
  0x0000016a38871800 JavaThread "File watcher consumer" daemon [_thread_blocked, id=19848, stack(0x0000005528c00000,0x0000005528d00000)]
  0x0000016a38876800 JavaThread "jar transforms" [_thread_blocked, id=13212, stack(0x0000005528d00000,0x0000005528e00000)]
  0x0000016a38870800 JavaThread "jar transforms Thread 2" [_thread_blocked, id=16372, stack(0x0000005528e00000,0x0000005528f00000)]
  0x0000016a397b4800 JavaThread "jar transforms Thread 3" [_thread_blocked, id=2452, stack(0x0000005528f00000,0x0000005529000000)]
  0x0000016a397b2000 JavaThread "jar transforms Thread 4" [_thread_blocked, id=17876, stack(0x0000005529000000,0x0000005529100000)]
  0x0000016a397b6800 JavaThread "jar transforms Thread 5" [_thread_blocked, id=12464, stack(0x0000005529100000,0x0000005529200000)]
  0x0000016a397b5800 JavaThread "jar transforms Thread 6" [_thread_blocked, id=12040, stack(0x0000005529200000,0x0000005529300000)]
  0x0000016a397b9000 JavaThread "jar transforms Thread 7" [_thread_blocked, id=13964, stack(0x0000005529300000,0x0000005529400000)]
  0x0000016a397b7000 JavaThread "jar transforms Thread 8" [_thread_blocked, id=19648, stack(0x0000005529400000,0x0000005529500000)]
  0x0000016a3b593000 JavaThread "Cache worker for execution history cache (C:\Users\hp\.gradle\caches\7.0.2\executionHistory)" [_thread_blocked, id=16644, stack(0x0000005529900000,0x0000005529a00000)]
  0x0000016a3b594800 JavaThread "Cache worker for file content cache (C:\Users\hp\.gradle\caches\7.0.2\fileContent)" [_thread_blocked, id=8552, stack(0x0000005529a00000,0x0000005529b00000)]
  0x0000016a3b59b000 JavaThread "Memory manager" [_thread_blocked, id=17860, stack(0x000000552a500000,0x000000552a600000)]
  0x0000016a3ef5e800 JavaThread "pool-3-thread-1" [_thread_blocked, id=19612, stack(0x000000552a600000,0x000000552a700000)]
  0x0000016a3ef61000 JavaThread "Daemon Thread 2" [_thread_blocked, id=19008, stack(0x0000005526000000,0x0000005526100000)]
  0x0000016a3ef63800 JavaThread "Handler for socket connection from /127.0.0.1:56481 to /127.0.0.1:50703" [_thread_in_native, id=5564, stack(0x0000005526100000,0x0000005526200000)]
  0x0000016a3ef62000 JavaThread "Cancel handler" [_thread_blocked, id=13716, stack(0x0000005526200000,0x0000005526300000)]
  0x0000016a3ef62800 JavaThread "Daemon worker Thread 2" [_thread_blocked, id=696, stack(0x0000005527c00000,0x0000005527d00000)]
  0x0000016a3ef5e000 JavaThread "Asynchronous log dispatcher for DefaultDaemonConnection: socket connection from /127.0.0.1:56481 to /127.0.0.1:50703" [_thread_blocked, id=20156, stack(0x0000005527d00000,0x0000005527e00000)]
  0x0000016a3ef6a000 JavaThread "Stdin handler" [_thread_blocked, id=18204, stack(0x0000005527e00000,0x0000005527f00000)]
  0x0000016a3ef64800 JavaThread "Daemon client event forwarder" [_thread_blocked, id=20416, stack(0x0000005527f00000,0x0000005528000000)]
  0x0000016a3ef67000 JavaThread "Cache worker for file hash cache (C:\ViajaPeru\.gradle\7.0.2\fileHashes)" [_thread_blocked, id=3200, stack(0x0000005528000000,0x0000005528100000)]
  0x0000016a3ef68800 JavaThread "Cache worker for checksums cache (C:\ViajaPeru\.gradle\checksums)" [_thread_blocked, id=520, stack(0x0000005528100000,0x0000005528200000)]
  0x0000016a3ef6b000 JavaThread "Cache worker for cache directory md-supplier (C:\Users\hp\.gradle\caches\7.0.2\md-supplier)" [_thread_blocked, id=20396, stack(0x0000005528200000,0x0000005528300000)]
  0x0000016a3ef67800 JavaThread "Cache worker for cache directory md-rule (C:\Users\hp\.gradle\caches\7.0.2\md-rule)" [_thread_blocked, id=13552, stack(0x0000005528900000,0x0000005528a00000)]
  0x0000016a3ef65000 JavaThread "Cache worker for dependencies-accessors (C:\ViajaPeru\.gradle\7.0.2\dependencies-accessors)" [_thread_blocked, id=9108, stack(0x0000005528a00000,0x0000005528b00000)]
  0x0000016a3ef69000 JavaThread "Cache worker for Build Output Cleanup Cache (C:\ViajaPeru\.gradle\buildOutputCleanup)" [_thread_blocked, id=14340, stack(0x0000005529600000,0x0000005529700000)]
  0x0000016a3b59c000 JavaThread "Build operations" [_thread_blocked, id=5480, stack(0x0000005529800000,0x0000005529900000)]
  0x0000016a3b59d000 JavaThread "Build operations Thread 2" [_thread_in_native, id=5216, stack(0x0000005529b00000,0x0000005529c00000)]
  0x0000016a3b599000 JavaThread "Build operations Thread 3" [_thread_in_vm, id=4256, stack(0x0000005529c00000,0x0000005529d00000)]
  0x0000016a3b59d800 JavaThread "Build operations Thread 4" [_thread_blocked, id=17392, stack(0x0000005529d00000,0x0000005529e00000)]
  0x0000016a3b59e800 JavaThread "Build operations Thread 5" [_thread_in_native, id=17648, stack(0x0000005529e00000,0x0000005529f00000)]
  0x0000016a3b59f800 JavaThread "Build operations Thread 6" [_thread_in_native, id=20640, stack(0x0000005529f00000,0x000000552a000000)]
  0x0000016a3b599800 JavaThread "Build operations Thread 7" [_thread_in_native, id=21468, stack(0x000000552a000000,0x000000552a100000)]
  0x0000016a3b5a0000 JavaThread "Build operations Thread 8" [_thread_blocked, id=17944, stack(0x000000552a100000,0x000000552a200000)]
  0x0000016a3b59a800 JavaThread "build event listener" [_thread_blocked, id=11380, stack(0x000000552a200000,0x000000552a300000)]
  0x0000016a397b3000 JavaThread "pool-6-thread-1" [_thread_blocked, id=1376, stack(0x000000552a300000,0x000000552a400000)]
  0x0000016a397b4000 JavaThread "build event listener" [_thread_blocked, id=17640, stack(0x000000552a400000,0x000000552a500000)]
  0x0000016a397b8000 JavaThread "Execution worker for ':'" [_thread_blocked, id=14020, stack(0x000000552a700000,0x000000552a800000)]
  0x0000016a38875800 JavaThread "Execution worker for ':' Thread 2" [_thread_blocked, id=2356, stack(0x000000552a800000,0x000000552a900000)]
  0x0000016a38872000 JavaThread "Execution worker for ':' Thread 3" [_thread_blocked, id=20100, stack(0x000000552a900000,0x000000552aa00000)]
  0x0000016a365ac000 JavaThread "Execution worker for ':' Thread 4" [_thread_blocked, id=4440, stack(0x000000552aa00000,0x000000552ab00000)]
  0x0000016a365aa000 JavaThread "Execution worker for ':' Thread 5" [_thread_blocked, id=16784, stack(0x000000552ab00000,0x000000552ac00000)]
  0x0000016a365a8000 JavaThread "Execution worker for ':' Thread 6" [_thread_blocked, id=10472, stack(0x000000552ac00000,0x000000552ad00000)]
  0x0000016a365ab000 JavaThread "Execution worker for ':' Thread 7" [_thread_blocked, id=8452, stack(0x000000552ad00000,0x000000552ae00000)]
  0x0000016a365a8800 JavaThread "Cache worker for execution history cache (C:\ViajaPeru\.gradle\7.0.2\executionHistory)" [_thread_blocked, id=15880, stack(0x000000552ae00000,0x000000552af00000)]
  0x0000016a365a6000 JavaThread "WorkerExecutor Queue" [_thread_blocked, id=16788, stack(0x000000552af00000,0x000000552b000000)]
  0x0000016a365a9800 JavaThread "WorkerExecutor Queue Thread 2" [_thread_blocked, id=15524, stack(0x000000552b000000,0x000000552b100000)]
  0x0000016a365ac800 JavaThread "WorkerExecutor Queue Thread 3" [_thread_blocked, id=20140, stack(0x000000552b100000,0x000000552b200000)]
  0x0000016a365a7000 JavaThread "WorkerExecutor Queue Thread 4" [_thread_blocked, id=2964, stack(0x000000552b500000,0x000000552b600000)]
  0x0000016a365b0000 JavaThread "WorkerExecutor Queue Thread 5" [_thread_blocked, id=19440, stack(0x000000552b600000,0x000000552b700000)]
  0x0000016a365ae800 JavaThread "WorkerExecutor Queue Thread 6" [_thread_blocked, id=20340, stack(0x000000552b700000,0x000000552b800000)]
  0x0000016a365b0800 JavaThread "WorkerExecutor Queue Thread 7" [_thread_blocked, id=10944, stack(0x000000552b800000,0x000000552b900000)]
  0x0000016a365b1800 JavaThread "WorkerExecutor Queue Thread 8" [_thread_blocked, id=20760, stack(0x000000552b900000,0x000000552ba00000)]
=>0x0000016a365ad800 JavaThread "C2 CompilerThread1" daemon [_thread_in_native, id=21272, stack(0x0000005529500000,0x0000005529600000)]
  0x0000016a365b3000 JavaThread "C2 CompilerThread2" daemon [_thread_in_native, id=3800, stack(0x0000005529700000,0x0000005529800000)]

Other Threads:
  0x0000016a35429800 VMThread "VM Thread" [stack: 0x0000005526900000,0x0000005526a00000] [id=1436]
  0x0000016a35e40800 WatcherThread [stack: 0x0000005527300000,0x0000005527400000] [id=1072]
  0x0000016a1afad800 GCTaskThread "GC Thread#0" [stack: 0x0000005526400000,0x0000005526500000] [id=13436]
  0x0000016a36261000 GCTaskThread "GC Thread#1" [stack: 0x0000005527600000,0x0000005527700000] [id=19548]
  0x0000016a36aad800 GCTaskThread "GC Thread#2" [stack: 0x0000005527700000,0x0000005527800000] [id=16956]
  0x0000016a36643000 GCTaskThread "GC Thread#3" [stack: 0x0000005527800000,0x0000005527900000] [id=2856]
  0x0000016a36b66800 GCTaskThread "GC Thread#4" [stack: 0x0000005527900000,0x0000005527a00000] [id=12604]
  0x0000016a36b67000 GCTaskThread "GC Thread#5" [stack: 0x0000005527a00000,0x0000005527b00000] [id=19428]
  0x0000016a3921f000 GCTaskThread "GC Thread#6" [stack: 0x0000005528500000,0x0000005528600000] [id=16716]
  0x0000016a39202800 GCTaskThread "GC Thread#7" [stack: 0x0000005528600000,0x0000005528700000] [id=17460]
  0x0000016a1afe1000 ConcurrentGCThread "G1 Main Marker" [stack: 0x0000005526500000,0x0000005526600000] [id=12780]
  0x0000016a1afe2800 ConcurrentGCThread "G1 Conc#0" [stack: 0x0000005526600000,0x0000005526700000] [id=20264]
  0x0000016a370f1800 ConcurrentGCThread "G1 Conc#1" [stack: 0x0000005528700000,0x0000005528800000] [id=5188]
  0x0000016a1b06e000 ConcurrentGCThread "G1 Refine#0" [stack: 0x0000005526700000,0x0000005526800000] [id=8336]
  0x0000016a41c20800 ConcurrentGCThread "G1 Refine#1" [stack: 0x000000552b200000,0x000000552b300000] [id=10616]
  0x0000016a41b77000 ConcurrentGCThread "G1 Refine#2" [stack: 0x000000552b300000,0x000000552b400000] [id=8508]
  0x0000016a36dce800 ConcurrentGCThread "G1 Refine#3" [stack: 0x000000552b400000,0x000000552b500000] [id=16888]
  0x0000016a36d47000 ConcurrentGCThread "G1 Refine#4" [stack: 0x000000552ba00000,0x000000552bb00000] [id=15252]
  0x0000016a352a0800 ConcurrentGCThread "G1 Young RemSet Sampling" [stack: 0x0000005526800000,0x0000005526900000] [id=4280]

Threads with active compile tasks:
C2 CompilerThread06601382 17845       4       org.gradle.internal.snapshot.DirectorySnapshot$$Lambda$1209/0x0000000100dce040::accept (20 bytes)
C2 CompilerThread16601382 17893       4       sun.invoke.util.VerifyAccess::isClassAccessible (182 bytes)
C2 CompilerThread26601382 17794   !   4       org.gradle.internal.snapshot.FileSystemLeafSnapshot::accept (36 bytes)

VM state:not at safepoint (normal execution)

VM Mutex/Monitor currently owned by a thread: None

Heap address: 0x0000000080000000, size: 2048 MB, Compressed Oops mode: 32-bit
Narrow klass base: 0x0000000000000000, Narrow klass shift: 3
Compressed class space size: 1073741824 Address: 0x0000000100000000

Heap:
 garbage-first heap   total 260096K, used 167116K [0x0000000080000000, 0x0000000100000000)
  region size 1024K, 45 young (46080K), 3 survivors (3072K)
 Metaspace       used 125433K, capacity 128041K, committed 129996K, reserved 1163264K
  class space    used 15326K, capacity 16306K, committed 16844K, reserved 1048576K
Heap Regions: E=young(eden), S=young(survivor), O=old, HS=humongous(starts), HC=humongous(continues), CS=collection set, F=free, A=archive, TAMS=top-at-mark-start (previous, next)
|   0|0x0000000080000000, 0x0000000080100000, 0x0000000080100000|100%|HS|  |TAMS 0x0000000080100000, 0x0000000080000000| Complete 
|   1|0x0000000080100000, 0x0000000080200000, 0x0000000080200000|100%|HC|  |TAMS 0x0000000080200000, 0x0000000080100000| Complete 
|   2|0x0000000080200000, 0x0000000080300000, 0x0000000080300000|100%| O|  |TAMS 0x0000000080300000, 0x0000000080200000| Untracked 
|   3|0x0000000080300000, 0x0000000080400000, 0x0000000080400000|100%|HS|  |TAMS 0x0000000080400000, 0x0000000080300000| Complete 
|   4|0x0000000080400000, 0x0000000080500000, 0x0000000080500000|100%|HC|  |TAMS 0x0000000080500000, 0x0000000080400000| Complete 
|   5|0x0000000080500000, 0x0000000080600000, 0x0000000080600000|100%|HC|  |TAMS 0x0000000080600000, 0x0000000080500000| Complete 
|   6|0x0000000080600000, 0x0000000080700000, 0x0000000080700000|100%| O|  |TAMS 0x0000000080700000, 0x0000000080600000| Untracked 
|   7|0x0000000080700000, 0x0000000080800000, 0x0000000080800000|100%| O|  |TAMS 0x0000000080800000, 0x0000000080700000| Untracked 
|   8|0x0000000080800000, 0x0000000080900000, 0x0000000080900000|100%| O|  |TAMS 0x0000000080900000, 0x0000000080800000| Complete 
|   9|0x0000000080900000, 0x0000000080a00000, 0x0000000080a00000|100%|HS|  |TAMS 0x0000000080a00000, 0x0000000080900000| Complete 
|  10|0x0000000080a00000, 0x0000000080b00000, 0x0000000080b00000|100%|HC|  |TAMS 0x0000000080b00000, 0x0000000080a00000| Complete 
|  11|0x0000000080b00000, 0x0000000080c00000, 0x0000000080c00000|100%|HC|  |TAMS 0x0000000080c00000, 0x0000000080b00000| Complete 
|  12|0x0000000080c00000, 0x0000000080d00000, 0x0000000080d00000|100%|HS|  |TAMS 0x0000000080d00000, 0x0000000080c00000| Complete 
|  13|0x0000000080d00000, 0x0000000080e00000, 0x0000000080e00000|100%|HC|  |TAMS 0x0000000080e00000, 0x0000000080d00000| Complete 
|  14|0x0000000080e00000, 0x0000000080f00000, 0x0000000080f00000|100%|HC|  |TAMS 0x0000000080f00000, 0x0000000080e00000| Complete 
|  15|0x0000000080f00000, 0x0000000081000000, 0x0000000081000000|100%|HC|  |TAMS 0x0000000081000000, 0x0000000080f00000| Complete 
|  16|0x0000000081000000, 0x0000000081100000, 0x0000000081100000|100%|HC|  |TAMS 0x0000000081100000, 0x0000000081000000| Complete 
|  17|0x0000000081100000, 0x0000000081200000, 0x0000000081200000|100%| O|  |TAMS 0x0000000081200000, 0x0000000081100000| Untracked 
|  18|0x0000000081200000, 0x0000000081300000, 0x0000000081300000|100%| O|  |TAMS 0x0000000081300000, 0x0000000081200000| Untracked 
|  19|0x0000000081300000, 0x0000000081400000, 0x0000000081400000|100%| O|  |TAMS 0x0000000081400000, 0x0000000081300000| Untracked 
|  20|0x0000000081400000, 0x0000000081500000, 0x0000000081500000|100%| O|  |TAMS 0x0000000081500000, 0x0000000081400000| Complete 
|  21|0x0000000081500000, 0x0000000081600000, 0x0000000081600000|100%| O|  |TAMS 0x0000000081600000, 0x0000000081500000| Untracked 
|  22|0x0000000081600000, 0x0000000081700000, 0x0000000081700000|100%| O|  |TAMS 0x0000000081700000, 0x0000000081600000| Complete 
|  23|0x0000000081700000, 0x0000000081800000, 0x0000000081800000|100%| O|  |TAMS 0x0000000081800000, 0x0000000081700000| Untracked 
|  24|0x0000000081800000, 0x0000000081900000, 0x0000000081900000|100%| O|  |TAMS 0x0000000081900000, 0x0000000081800000| Untracked 
|  25|0x0000000081900000, 0x0000000081a00000, 0x0000000081a00000|100%| O|  |TAMS 0x0000000081a00000, 0x0000000081900000| Untracked 
|  26|0x0000000081a00000, 0x0000000081b00000, 0x0000000081b00000|100%| O|  |TAMS 0x0000000081b00000, 0x0000000081a00000| Untracked 
|  27|0x0000000081b00000, 0x0000000081c00000, 0x0000000081c00000|100%| O|  |TAMS 0x0000000081c00000, 0x0000000081b00000| Untracked 
|  28|0x0000000081c00000, 0x0000000081d00000, 0x0000000081d00000|100%| O|  |TAMS 0x0000000081d00000, 0x0000000081c00000| Complete 
|  29|0x0000000081d00000, 0x0000000081e00000, 0x0000000081e00000|100%| O|  |TAMS 0x0000000081e00000, 0x0000000081d00000| Untracked 
|  30|0x0000000081e00000, 0x0000000081f00000, 0x0000000081f00000|100%|HS|  |TAMS 0x0000000081f00000, 0x0000000081e00000| Complete 
|  31|0x0000000081f00000, 0x0000000082000000, 0x0000000082000000|100%|HC|  |TAMS 0x0000000082000000, 0x0000000081f00000| Complete 
|  32|0x0000000082000000, 0x0000000082100000, 0x0000000082100000|100%|HC|  |TAMS 0x0000000082100000, 0x0000000082000000| Complete 
|  33|0x0000000082100000, 0x0000000082200000, 0x0000000082200000|100%|HC|  |TAMS 0x0000000082200000, 0x0000000082100000| Complete 
|  34|0x0000000082200000, 0x0000000082300000, 0x0000000082300000|100%|HC|  |TAMS 0x0000000082300000, 0x0000000082200000| Complete 
|  35|0x0000000082300000, 0x0000000082400000, 0x0000000082400000|100%|HS|  |TAMS 0x0000000082400000, 0x0000000082300000| Complete 
|  36|0x0000000082400000, 0x0000000082500000, 0x0000000082500000|100%|HC|  |TAMS 0x0000000082500000, 0x0000000082400000| Complete 
|  37|0x0000000082500000, 0x0000000082600000, 0x0000000082600000|100%|HC|  |TAMS 0x0000000082600000, 0x0000000082500000| Complete 
|  38|0x0000000082600000, 0x0000000082700000, 0x0000000082700000|100%| O|  |TAMS 0x0000000082700000, 0x0000000082600000| Complete 
|  39|0x0000000082700000, 0x0000000082800000, 0x0000000082800000|100%| O|  |TAMS 0x0000000082800000, 0x0000000082700000| Complete 
|  40|0x0000000082800000, 0x0000000082900000, 0x0000000082900000|100%| O|  |TAMS 0x0000000082900000, 0x0000000082800000| Untracked 
|  41|0x0000000082900000, 0x0000000082a00000, 0x0000000082a00000|100%| O|  |TAMS 0x0000000082a00000, 0x0000000082900000| Complete 
|  42|0x0000000082a00000, 0x0000000082b00000, 0x0000000082b00000|100%| O|  |TAMS 0x0000000082b00000, 0x0000000082a00000| Complete 
|  43|0x0000000082b00000, 0x0000000082b00000, 0x0000000082c00000|  0%| F|  |TAMS 0x0000000082b00000, 0x0000000082b00000| Untracked 
|  44|0x0000000082c00000, 0x0000000082d00000, 0x0000000082d00000|100%| O|  |TAMS 0x0000000082d00000, 0x0000000082c00000| Complete 
|  45|0x0000000082d00000, 0x0000000082e00000, 0x0000000082e00000|100%| O|  |TAMS 0x0000000082e00000, 0x0000000082d00000| Complete 
|  46|0x0000000082e00000, 0x0000000082f00000, 0x0000000082f00000|100%| O|  |TAMS 0x0000000082f00000, 0x0000000082e00000| Complete 
|  47|0x0000000082f00000, 0x0000000083000000, 0x0000000083000000|100%| O|  |TAMS 0x0000000083000000, 0x0000000082f00000| Complete 
|  48|0x0000000083000000, 0x0000000083000000, 0x0000000083100000|  0%| F|  |TAMS 0x0000000083000000, 0x0000000083000000| Untracked 
|  49|0x0000000083100000, 0x0000000083200000, 0x0000000083200000|100%| O|  |TAMS 0x0000000083200000, 0x0000000083100000| Complete 
|  50|0x0000000083200000, 0x0000000083300000, 0x0000000083300000|100%|HS|  |TAMS 0x0000000083300000, 0x0000000083200000| Complete 
|  51|0x0000000083300000, 0x0000000083400000, 0x0000000083400000|100%|HS|  |TAMS 0x0000000083400000, 0x0000000083300000| Complete 
|  52|0x0000000083400000, 0x0000000083500000, 0x0000000083500000|100%|HS|  |TAMS 0x0000000083500000, 0x0000000083400000| Complete 
|  53|0x0000000083500000, 0x0000000083600000, 0x0000000083600000|100%|HC|  |TAMS 0x0000000083600000, 0x0000000083500000| Complete 
|  54|0x0000000083600000, 0x0000000083700000, 0x0000000083700000|100%| O|  |TAMS 0x0000000083700000, 0x0000000083600000| Complete 
|  55|0x0000000083700000, 0x0000000083800000, 0x0000000083800000|100%| O|  |TAMS 0x0000000083800000, 0x0000000083700000| Complete 
|  56|0x0000000083800000, 0x0000000083900000, 0x0000000083900000|100%| O|  |TAMS 0x0000000083900000, 0x0000000083800000| Untracked 
|  57|0x0000000083900000, 0x0000000083a00000, 0x0000000083a00000|100%| O|  |TAMS 0x0000000083a00000, 0x0000000083900000| Complete 
|  58|0x0000000083a00000, 0x0000000083b00000, 0x0000000083b00000|100%| O|  |TAMS 0x0000000083b00000, 0x0000000083a00000| Complete 
|  59|0x0000000083b00000, 0x0000000083c00000, 0x0000000083c00000|100%| O|  |TAMS 0x0000000083c00000, 0x0000000083b00000| Untracked 
|  60|0x0000000083c00000, 0x0000000083d00000, 0x0000000083d00000|100%| O|  |TAMS 0x0000000083d00000, 0x0000000083c00000| Untracked 
|  61|0x0000000083d00000, 0x0000000083e00000, 0x0000000083e00000|100%| O|  |TAMS 0x0000000083e00000, 0x0000000083d00000| Complete 
|  62|0x0000000083e00000, 0x0000000083e00000, 0x0000000083f00000|  0%| F|  |TAMS 0x0000000083e00000, 0x0000000083e00000| Untracked 
|  63|0x0000000083f00000, 0x0000000084000000, 0x0000000084000000|100%| O|  |TAMS 0x0000000084000000, 0x0000000083f00000| Complete 
|  64|0x0000000084000000, 0x0000000084100000, 0x0000000084100000|100%| O|  |TAMS 0x0000000084100000, 0x0000000084000000| Complete 
|  65|0x0000000084100000, 0x0000000084200000, 0x0000000084200000|100%| O|  |TAMS 0x0000000084200000, 0x0000000084100000| Untracked 
|  66|0x0000000084200000, 0x0000000084300000, 0x0000000084300000|100%| O|  |TAMS 0x0000000084300000, 0x0000000084200000| Untracked 
|  67|0x0000000084300000, 0x0000000084400000, 0x0000000084400000|100%| O|  |TAMS 0x0000000084400000, 0x0000000084300000| Complete 
|  68|0x0000000084400000, 0x0000000084500000, 0x0000000084500000|100%| O|  |TAMS 0x0000000084500000, 0x0000000084400000| Complete 
|  69|0x0000000084500000, 0x0000000084600000, 0x0000000084600000|100%| O|  |TAMS 0x0000000084600000, 0x0000000084500000| Complete 
|  70|0x0000000084600000, 0x0000000084700000, 0x0000000084700000|100%| O|  |TAMS 0x0000000084700000, 0x0000000084600000| Complete 
|  71|0x0000000084700000, 0x0000000084700000, 0x0000000084800000|  0%| F|  |TAMS 0x0000000084700000, 0x0000000084700000| Untracked 
|  72|0x0000000084800000, 0x0000000084900000, 0x0000000084900000|100%| O|  |TAMS 0x0000000084900000, 0x0000000084800000| Complete 
|  73|0x0000000084900000, 0x0000000084900000, 0x0000000084a00000|  0%| F|  |TAMS 0x0000000084900000, 0x0000000084900000| Untracked 
|  74|0x0000000084a00000, 0x0000000084b00000, 0x0000000084b00000|100%| O|  |TAMS 0x0000000084b00000, 0x0000000084a00000| Complete 
|  75|0x0000000084b00000, 0x0000000084c00000, 0x0000000084c00000|100%| O|  |TAMS 0x0000000084c00000, 0x0000000084b00000| Complete 
|  76|0x0000000084c00000, 0x0000000084c00000, 0x0000000084d00000|  0%| F|  |TAMS 0x0000000084c00000, 0x0000000084c00000| Untracked 
|  77|0x0000000084d00000, 0x0000000084d00000, 0x0000000084e00000|  0%| F|  |TAMS 0x0000000084d00000, 0x0000000084d00000| Untracked 
|  78|0x0000000084e00000, 0x0000000084e00000, 0x0000000084f00000|  0%| F|  |TAMS 0x0000000084e00000, 0x0000000084e00000| Untracked 
|  79|0x0000000084f00000, 0x0000000085000000, 0x0000000085000000|100%| O|  |TAMS 0x0000000085000000, 0x0000000084f00000| Complete 
|  80|0x0000000085000000, 0x0000000085100000, 0x0000000085100000|100%| O|  |TAMS 0x0000000085100000, 0x0000000085000000| Complete 
|  81|0x0000000085100000, 0x0000000085100000, 0x0000000085200000|  0%| F|  |TAMS 0x0000000085100000, 0x0000000085100000| Untracked 
|  82|0x0000000085200000, 0x0000000085300000, 0x0000000085300000|100%| O|  |TAMS 0x0000000085300000, 0x0000000085200000| Complete 
|  83|0x0000000085300000, 0x0000000085300000, 0x0000000085400000|  0%| F|  |TAMS 0x0000000085300000, 0x0000000085300000| Untracked 
|  84|0x0000000085400000, 0x0000000085400000, 0x0000000085500000|  0%| F|  |TAMS 0x0000000085400000, 0x0000000085400000| Untracked 
|  85|0x0000000085500000, 0x0000000085600000, 0x0000000085600000|100%| O|  |TAMS 0x0000000085600000, 0x0000000085500000| Complete 
|  86|0x0000000085600000, 0x0000000085700000, 0x0000000085700000|100%| O|  |TAMS 0x0000000085700000, 0x0000000085600000| Complete 
|  87|0x0000000085700000, 0x0000000085700000, 0x0000000085800000|  0%| F|  |TAMS 0x0000000085700000, 0x0000000085700000| Untracked 
|  88|0x0000000085800000, 0x0000000085900000, 0x0000000085900000|100%| O|  |TAMS 0x0000000085900000, 0x0000000085800000| Complete 
|  89|0x0000000085900000, 0x0000000085900000, 0x0000000085a00000|  0%| F|  |TAMS 0x0000000085900000, 0x0000000085900000| Untracked 
|  90|0x0000000085a00000, 0x0000000085a00000, 0x0000000085b00000|  0%| F|  |TAMS 0x0000000085a00000, 0x0000000085a00000| Untracked 
|  91|0x0000000085b00000, 0x0000000085b00000, 0x0000000085c00000|  0%| F|  |TAMS 0x0000000085b00000, 0x0000000085b00000| Untracked 
|  92|0x0000000085c00000, 0x0000000085c00000, 0x0000000085d00000|  0%| F|  |TAMS 0x0000000085c00000, 0x0000000085c00000| Untracked 
|  93|0x0000000085d00000, 0x0000000085e00000, 0x0000000085e00000|100%| O|  |TAMS 0x0000000085e00000, 0x0000000085d00000| Complete 
|  94|0x0000000085e00000, 0x0000000085f00000, 0x0000000085f00000|100%| O|  |TAMS 0x0000000085f00000, 0x0000000085e00000| Complete 
|  95|0x0000000085f00000, 0x0000000086000000, 0x0000000086000000|100%| O|  |TAMS 0x0000000086000000, 0x0000000085f00000| Complete 
|  96|0x0000000086000000, 0x0000000086100000, 0x0000000086100000|100%| O|  |TAMS 0x0000000086100000, 0x0000000086000000| Untracked 
|  97|0x0000000086100000, 0x0000000086200000, 0x0000000086200000|100%| O|  |TAMS 0x0000000086200000, 0x0000000086100000| Untracked 
|  98|0x0000000086200000, 0x0000000086300000, 0x0000000086300000|100%| O|  |TAMS 0x0000000086300000, 0x0000000086200000| Complete 
|  99|0x0000000086300000, 0x0000000086400000, 0x0000000086400000|100%| O|  |TAMS 0x0000000086400000, 0x0000000086300000| Complete 
| 100|0x0000000086400000, 0x0000000086500000, 0x0000000086500000|100%| O|  |TAMS 0x0000000086500000, 0x0000000086400000| Complete 
| 101|0x0000000086500000, 0x0000000086600000, 0x0000000086600000|100%| O|  |TAMS 0x0000000086600000, 0x0000000086500000| Untracked 
| 102|0x0000000086600000, 0x0000000086700000, 0x0000000086700000|100%| O|  |TAMS 0x0000000086700000, 0x0000000086600000| Complete 
| 103|0x0000000086700000, 0x0000000086700000, 0x0000000086800000|  0%| F|  |TAMS 0x0000000086700000, 0x0000000086700000| Untracked 
| 104|0x0000000086800000, 0x0000000086900000, 0x0000000086900000|100%| O|  |TAMS 0x0000000086900000, 0x0000000086800000| Complete 
| 105|0x0000000086900000, 0x0000000086a00000, 0x0000000086a00000|100%| O|  |TAMS 0x0000000086a00000, 0x0000000086900000| Complete 
| 106|0x0000000086a00000, 0x0000000086b00000, 0x0000000086b00000|100%| O|  |TAMS 0x0000000086b00000, 0x0000000086a00000| Complete 
| 107|0x0000000086b00000, 0x0000000086c00000, 0x0000000086c00000|100%| O|  |TAMS 0x0000000086c00000, 0x0000000086b00000| Complete 
| 108|0x0000000086c00000, 0x0000000086d00000, 0x0000000086d00000|100%| O|  |TAMS 0x0000000086d00000, 0x0000000086c00000| Complete 
| 109|0x0000000086d00000, 0x0000000086e00000, 0x0000000086e00000|100%| O|  |TAMS 0x0000000086e00000, 0x0000000086d00000| Complete 
| 110|0x0000000086e00000, 0x0000000086f00000, 0x0000000086f00000|100%| O|  |TAMS 0x0000000086f00000, 0x0000000086e00000| Complete 
| 111|0x0000000086f00000, 0x0000000087000000, 0x0000000087000000|100%| O|  |TAMS 0x0000000087000000, 0x0000000086f00000| Complete 
| 112|0x0000000087000000, 0x0000000087100000, 0x0000000087100000|100%| O|  |TAMS 0x0000000087100000, 0x0000000087000000| Complete 
| 113|0x0000000087100000, 0x0000000087100000, 0x0000000087200000|  0%| F|  |TAMS 0x0000000087100000, 0x0000000087100000| Untracked 
| 114|0x0000000087200000, 0x0000000087200000, 0x0000000087300000|  0%| F|  |TAMS 0x0000000087200000, 0x0000000087200000| Untracked 
| 115|0x0000000087300000, 0x0000000087400000, 0x0000000087400000|100%| O|  |TAMS 0x0000000087400000, 0x0000000087300000| Complete 
| 116|0x0000000087400000, 0x0000000087500000, 0x0000000087500000|100%| O|  |TAMS 0x0000000087500000, 0x0000000087400000| Complete 
| 117|0x0000000087500000, 0x0000000087500000, 0x0000000087600000|  0%| F|  |TAMS 0x0000000087500000, 0x0000000087500000| Untracked 
| 118|0x0000000087600000, 0x0000000087600000, 0x0000000087700000|  0%| F|  |TAMS 0x0000000087600000, 0x0000000087600000| Untracked 
| 119|0x0000000087700000, 0x0000000087700000, 0x0000000087800000|  0%| F|  |TAMS 0x0000000087700000, 0x0000000087700000| Untracked 
| 120|0x0000000087800000, 0x0000000087800000, 0x0000000087900000|  0%| F|  |TAMS 0x0000000087800000, 0x0000000087800000| Untracked 
| 121|0x0000000087900000, 0x0000000087900000, 0x0000000087a00000|  0%| F|  |TAMS 0x0000000087900000, 0x0000000087900000| Untracked 
| 122|0x0000000087a00000, 0x0000000087a00000, 0x0000000087b00000|  0%| F|  |TAMS 0x0000000087a00000, 0x0000000087a00000| Untracked 
| 123|0x0000000087b00000, 0x0000000087c00000, 0x0000000087c00000|100%| O|  |TAMS 0x0000000087c00000, 0x0000000087b00000| Complete 
| 124|0x0000000087c00000, 0x0000000087d00000, 0x0000000087d00000|100%| O|  |TAMS 0x0000000087d00000, 0x0000000087c00000| Complete 
| 125|0x0000000087d00000, 0x0000000087e00000, 0x0000000087e00000|100%| O|  |TAMS 0x0000000087e00000, 0x0000000087d00000| Complete 
| 126|0x0000000087e00000, 0x0000000087f00000, 0x0000000087f00000|100%| O|  |TAMS 0x0000000087f00000, 0x0000000087e00000| Complete 
| 127|0x0000000087f00000, 0x0000000088000000, 0x0000000088000000|100%| O|  |TAMS 0x0000000088000000, 0x0000000087f00000| Complete 
| 128|0x0000000088000000, 0x0000000088100000, 0x0000000088100000|100%| O|  |TAMS 0x0000000088100000, 0x0000000088000000| Complete 
| 129|0x0000000088100000, 0x0000000088200000, 0x0000000088200000|100%| O|  |TAMS 0x0000000088200000, 0x0000000088100000| Complete 
| 130|0x0000000088200000, 0x0000000088300000, 0x0000000088300000|100%| O|  |TAMS 0x0000000088300000, 0x0000000088200000| Complete 
| 131|0x0000000088300000, 0x0000000088400000, 0x0000000088400000|100%| O|  |TAMS 0x0000000088400000, 0x0000000088300000| Complete 
| 132|0x0000000088400000, 0x0000000088500000, 0x0000000088500000|100%| O|  |TAMS 0x0000000088500000, 0x0000000088400000| Complete 
| 133|0x0000000088500000, 0x0000000088600000, 0x0000000088600000|100%| O|  |TAMS 0x0000000088600000, 0x0000000088500000| Complete 
| 134|0x0000000088600000, 0x0000000088700000, 0x0000000088700000|100%| O|  |TAMS 0x0000000088700000, 0x0000000088600000| Complete 
| 135|0x0000000088700000, 0x0000000088800000, 0x0000000088800000|100%| O|  |TAMS 0x0000000088800000, 0x0000000088700000| Complete 
| 136|0x0000000088800000, 0x0000000088900000, 0x0000000088900000|100%| O|  |TAMS 0x0000000088900000, 0x0000000088800000| Complete 
| 137|0x0000000088900000, 0x0000000088a00000, 0x0000000088a00000|100%| O|  |TAMS 0x0000000088a00000, 0x0000000088900000| Complete 
| 138|0x0000000088a00000, 0x0000000088b00000, 0x0000000088b00000|100%| O|  |TAMS 0x0000000088b00000, 0x0000000088a00000| Complete 
| 139|0x0000000088b00000, 0x0000000088c00000, 0x0000000088c00000|100%| O|  |TAMS 0x0000000088c00000, 0x0000000088b00000| Complete 
| 140|0x0000000088c00000, 0x0000000088d00000, 0x0000000088d00000|100%| O|  |TAMS 0x0000000088d00000, 0x0000000088c00000| Untracked 
| 141|0x0000000088d00000, 0x0000000088e00000, 0x0000000088e00000|100%| O|  |TAMS 0x0000000088e00000, 0x0000000088d00000| Untracked 
| 142|0x0000000088e00000, 0x0000000088f00000, 0x0000000088f00000|100%| O|  |TAMS 0x0000000088f00000, 0x0000000088e00000| Untracked 
| 143|0x0000000088f00000, 0x0000000089000000, 0x0000000089000000|100%| O|  |TAMS 0x0000000089000000, 0x0000000088f00000| Untracked 
| 144|0x0000000089000000, 0x0000000089100000, 0x0000000089100000|100%| O|  |TAMS 0x0000000089100000, 0x0000000089000000| Untracked 
| 145|0x0000000089100000, 0x0000000089190400, 0x0000000089200000| 56%| O|  |TAMS 0x0000000089190400, 0x0000000089100000| Untracked 
| 146|0x0000000089200000, 0x0000000089200000, 0x0000000089300000|  0%| F|  |TAMS 0x0000000089200000, 0x0000000089200000| Untracked 
| 147|0x0000000089300000, 0x0000000089300000, 0x0000000089400000|  0%| F|  |TAMS 0x0000000089300000, 0x0000000089300000| Untracked 
| 148|0x0000000089400000, 0x0000000089400000, 0x0000000089500000|  0%| F|  |TAMS 0x0000000089400000, 0x0000000089400000| Untracked 
| 149|0x0000000089500000, 0x0000000089500000, 0x0000000089600000|  0%| F|  |TAMS 0x0000000089500000, 0x0000000089500000| Untracked 
| 150|0x0000000089600000, 0x0000000089600000, 0x0000000089700000|  0%| F|  |TAMS 0x0000000089600000, 0x0000000089600000| Untracked 
| 151|0x0000000089700000, 0x0000000089700000, 0x0000000089800000|  0%| F|  |TAMS 0x0000000089700000, 0x0000000089700000| Untracked 
| 152|0x0000000089800000, 0x0000000089800000, 0x0000000089900000|  0%| F|  |TAMS 0x0000000089800000, 0x0000000089800000| Untracked 
| 153|0x0000000089900000, 0x0000000089900000, 0x0000000089a00000|  0%| F|  |TAMS 0x0000000089900000, 0x0000000089900000| Untracked 
| 154|0x0000000089a00000, 0x0000000089a00000, 0x0000000089b00000|  0%| F|  |TAMS 0x0000000089a00000, 0x0000000089a00000| Untracked 
| 155|0x0000000089b00000, 0x0000000089b00000, 0x0000000089c00000|  0%| F|  |TAMS 0x0000000089b00000, 0x0000000089b00000| Untracked 
| 156|0x0000000089c00000, 0x0000000089c00000, 0x0000000089d00000|  0%| F|  |TAMS 0x0000000089c00000, 0x0000000089c00000| Untracked 
| 157|0x0000000089d00000, 0x0000000089d00000, 0x0000000089e00000|  0%| F|  |TAMS 0x0000000089d00000, 0x0000000089d00000| Untracked 
| 158|0x0000000089e00000, 0x0000000089e00000, 0x0000000089f00000|  0%| F|  |TAMS 0x0000000089e00000, 0x0000000089e00000| Untracked 
| 159|0x0000000089f00000, 0x0000000089f00000, 0x000000008a000000|  0%| F|  |TAMS 0x0000000089f00000, 0x0000000089f00000| Untracked 
| 160|0x000000008a000000, 0x000000008a000000, 0x000000008a100000|  0%| F|  |TAMS 0x000000008a000000, 0x000000008a000000| Untracked 
| 161|0x000000008a100000, 0x000000008a100000, 0x000000008a200000|  0%| F|  |TAMS 0x000000008a100000, 0x000000008a100000| Untracked 
| 162|0x000000008a200000, 0x000000008a200000, 0x000000008a300000|  0%| F|  |TAMS 0x000000008a200000, 0x000000008a200000| Untracked 
| 163|0x000000008a300000, 0x000000008a300000, 0x000000008a400000|  0%| F|  |TAMS 0x000000008a300000, 0x000000008a300000| Untracked 
| 164|0x000000008a400000, 0x000000008a400000, 0x000000008a500000|  0%| F|  |TAMS 0x000000008a400000, 0x000000008a400000| Untracked 
| 165|0x000000008a500000, 0x000000008a500000, 0x000000008a600000|  0%| F|  |TAMS 0x000000008a500000, 0x000000008a500000| Untracked 
| 166|0x000000008a600000, 0x000000008a600000, 0x000000008a700000|  0%| F|  |TAMS 0x000000008a600000, 0x000000008a600000| Untracked 
| 167|0x000000008a700000, 0x000000008a700000, 0x000000008a800000|  0%| F|  |TAMS 0x000000008a700000, 0x000000008a700000| Untracked 
| 168|0x000000008a800000, 0x000000008a800000, 0x000000008a900000|  0%| F|  |TAMS 0x000000008a800000, 0x000000008a800000| Untracked 
| 169|0x000000008a900000, 0x000000008a900000, 0x000000008aa00000|  0%| F|  |TAMS 0x000000008a900000, 0x000000008a900000| Untracked 
| 170|0x000000008aa00000, 0x000000008aa00000, 0x000000008ab00000|  0%| F|  |TAMS 0x000000008aa00000, 0x000000008aa00000| Untracked 
| 171|0x000000008ab00000, 0x000000008ab00000, 0x000000008ac00000|  0%| F|  |TAMS 0x000000008ab00000, 0x000000008ab00000| Untracked 
| 172|0x000000008ac00000, 0x000000008ac00000, 0x000000008ad00000|  0%| F|  |TAMS 0x000000008ac00000, 0x000000008ac00000| Untracked 
| 173|0x000000008ad00000, 0x000000008ad00000, 0x000000008ae00000|  0%| F|  |TAMS 0x000000008ad00000, 0x000000008ad00000| Untracked 
| 174|0x000000008ae00000, 0x000000008aea2de0, 0x000000008af00000| 63%| S|CS|TAMS 0x000000008ae00000, 0x000000008ae00000| Complete 
| 175|0x000000008af00000, 0x000000008b000000, 0x000000008b000000|100%| S|CS|TAMS 0x000000008af00000, 0x000000008af00000| Complete 
| 176|0x000000008b000000, 0x000000008b100000, 0x000000008b100000|100%| S|CS|TAMS 0x000000008b000000, 0x000000008b000000| Complete 
| 177|0x000000008b100000, 0x000000008b100000, 0x000000008b200000|  0%| F|  |TAMS 0x000000008b100000, 0x000000008b100000| Untracked 
| 178|0x000000008b200000, 0x000000008b200000, 0x000000008b300000|  0%| F|  |TAMS 0x000000008b200000, 0x000000008b200000| Untracked 
| 179|0x000000008b300000, 0x000000008b300000, 0x000000008b400000|  0%| F|  |TAMS 0x000000008b300000, 0x000000008b300000| Untracked 
| 180|0x000000008b400000, 0x000000008b400000, 0x000000008b500000|  0%| F|  |TAMS 0x000000008b400000, 0x000000008b400000| Untracked 
| 181|0x000000008b500000, 0x000000008b500000, 0x000000008b600000|  0%| F|  |TAMS 0x000000008b500000, 0x000000008b500000| Untracked 
| 182|0x000000008b600000, 0x000000008b600000, 0x000000008b700000|  0%| F|  |TAMS 0x000000008b600000, 0x000000008b600000| Untracked 
| 183|0x000000008b700000, 0x000000008b700000, 0x000000008b800000|  0%| F|  |TAMS 0x000000008b700000, 0x000000008b700000| Untracked 
| 184|0x000000008b800000, 0x000000008b800000, 0x000000008b900000|  0%| F|  |TAMS 0x000000008b800000, 0x000000008b800000| Untracked 
| 185|0x000000008b900000, 0x000000008b900000, 0x000000008ba00000|  0%| F|  |TAMS 0x000000008b900000, 0x000000008b900000| Untracked 
| 186|0x000000008ba00000, 0x000000008ba00000, 0x000000008bb00000|  0%| F|  |TAMS 0x000000008ba00000, 0x000000008ba00000| Untracked 
| 187|0x000000008bb00000, 0x000000008bb00000, 0x000000008bc00000|  0%| F|  |TAMS 0x000000008bb00000, 0x000000008bb00000| Untracked 
| 188|0x000000008bc00000, 0x000000008bc00000, 0x000000008bd00000|  0%| F|  |TAMS 0x000000008bc00000, 0x000000008bc00000| Untracked 
| 189|0x000000008bd00000, 0x000000008bd00000, 0x000000008be00000|  0%| F|  |TAMS 0x000000008bd00000, 0x000000008bd00000| Untracked 
| 190|0x000000008be00000, 0x000000008be00000, 0x000000008bf00000|  0%| F|  |TAMS 0x000000008be00000, 0x000000008be00000| Untracked 
| 191|0x000000008bf00000, 0x000000008bf00000, 0x000000008c000000|  0%| F|  |TAMS 0x000000008bf00000, 0x000000008bf00000| Untracked 
| 192|0x000000008c000000, 0x000000008c000000, 0x000000008c100000|  0%| F|  |TAMS 0x000000008c000000, 0x000000008c000000| Untracked 
| 193|0x000000008c100000, 0x000000008c100000, 0x000000008c200000|  0%| F|  |TAMS 0x000000008c100000, 0x000000008c100000| Untracked 
| 194|0x000000008c200000, 0x000000008c200000, 0x000000008c300000|  0%| F|  |TAMS 0x000000008c200000, 0x000000008c200000| Untracked 
| 195|0x000000008c300000, 0x000000008c300000, 0x000000008c400000|  0%| F|  |TAMS 0x000000008c300000, 0x000000008c300000| Untracked 
| 196|0x000000008c400000, 0x000000008c400000, 0x000000008c500000|  0%| F|  |TAMS 0x000000008c400000, 0x000000008c400000| Untracked 
| 197|0x000000008c500000, 0x000000008c500000, 0x000000008c600000|  0%| F|  |TAMS 0x000000008c500000, 0x000000008c500000| Untracked 
| 198|0x000000008c600000, 0x000000008c600000, 0x000000008c700000|  0%| F|  |TAMS 0x000000008c600000, 0x000000008c600000| Untracked 
| 199|0x000000008c700000, 0x000000008c700000, 0x000000008c800000|  0%| F|  |TAMS 0x000000008c700000, 0x000000008c700000| Untracked 
| 200|0x000000008c800000, 0x000000008c800000, 0x000000008c900000|  0%| F|  |TAMS 0x000000008c800000, 0x000000008c800000| Untracked 
| 201|0x000000008c900000, 0x000000008c900000, 0x000000008ca00000|  0%| F|  |TAMS 0x000000008c900000, 0x000000008c900000| Untracked 
| 202|0x000000008ca00000, 0x000000008ca00000, 0x000000008cb00000|  0%| F|  |TAMS 0x000000008ca00000, 0x000000008ca00000| Untracked 
| 203|0x000000008cb00000, 0x000000008cb00000, 0x000000008cc00000|  0%| F|  |TAMS 0x000000008cb00000, 0x000000008cb00000| Untracked 
| 204|0x000000008cc00000, 0x000000008cc00000, 0x000000008cd00000|  0%| F|  |TAMS 0x000000008cc00000, 0x000000008cc00000| Untracked 
| 205|0x000000008cd00000, 0x000000008cd00000, 0x000000008ce00000|  0%| F|  |TAMS 0x000000008cd00000, 0x000000008cd00000| Untracked 
| 206|0x000000008ce00000, 0x000000008ce00000, 0x000000008cf00000|  0%| F|  |TAMS 0x000000008ce00000, 0x000000008ce00000| Untracked 
| 207|0x000000008cf00000, 0x000000008cf00000, 0x000000008d000000|  0%| F|  |TAMS 0x000000008cf00000, 0x000000008cf00000| Untracked 
| 208|0x000000008d000000, 0x000000008d000000, 0x000000008d100000|  0%| F|  |TAMS 0x000000008d000000, 0x000000008d000000| Untracked 
| 209|0x000000008d100000, 0x000000008d100000, 0x000000008d200000|  0%| F|  |TAMS 0x000000008d100000, 0x000000008d100000| Untracked 
| 210|0x000000008d200000, 0x000000008d200000, 0x000000008d300000|  0%| F|  |TAMS 0x000000008d200000, 0x000000008d200000| Untracked 
| 211|0x000000008d300000, 0x000000008d300000, 0x000000008d400000|  0%| F|  |TAMS 0x000000008d300000, 0x000000008d300000| Untracked 
| 212|0x000000008d400000, 0x000000008d4cab58, 0x000000008d500000| 79%| E|  |TAMS 0x000000008d400000, 0x000000008d400000| Complete 
| 213|0x000000008d500000, 0x000000008d600000, 0x000000008d600000|100%| E|CS|TAMS 0x000000008d500000, 0x000000008d500000| Complete 
| 214|0x000000008d600000, 0x000000008d700000, 0x000000008d700000|100%| E|CS|TAMS 0x000000008d600000, 0x000000008d600000| Complete 
| 215|0x000000008d700000, 0x000000008d800000, 0x000000008d800000|100%| E|CS|TAMS 0x000000008d700000, 0x000000008d700000| Complete 
| 216|0x000000008d800000, 0x000000008d900000, 0x000000008d900000|100%| E|CS|TAMS 0x000000008d800000, 0x000000008d800000| Complete 
| 217|0x000000008d900000, 0x000000008da00000, 0x000000008da00000|100%| E|CS|TAMS 0x000000008d900000, 0x000000008d900000| Complete 
| 218|0x000000008da00000, 0x000000008db00000, 0x000000008db00000|100%| E|  |TAMS 0x000000008da00000, 0x000000008da00000| Complete 
| 219|0x000000008db00000, 0x000000008dc00000, 0x000000008dc00000|100%| E|CS|TAMS 0x000000008db00000, 0x000000008db00000| Complete 
| 220|0x000000008dc00000, 0x000000008dd00000, 0x000000008dd00000|100%| E|CS|TAMS 0x000000008dc00000, 0x000000008dc00000| Complete 
| 221|0x000000008dd00000, 0x000000008de00000, 0x000000008de00000|100%| E|CS|TAMS 0x000000008dd00000, 0x000000008dd00000| Complete 
| 222|0x000000008de00000, 0x000000008df00000, 0x000000008df00000|100%| E|CS|TAMS 0x000000008de00000, 0x000000008de00000| Complete 
| 223|0x000000008df00000, 0x000000008e000000, 0x000000008e000000|100%| E|CS|TAMS 0x000000008df00000, 0x000000008df00000| Complete 
| 224|0x000000008e000000, 0x000000008e100000, 0x000000008e100000|100%| E|CS|TAMS 0x000000008e000000, 0x000000008e000000| Complete 
| 225|0x000000008e100000, 0x000000008e200000, 0x000000008e200000|100%| E|CS|TAMS 0x000000008e100000, 0x000000008e100000| Complete 
| 226|0x000000008e200000, 0x000000008e300000, 0x000000008e300000|100%| E|CS|TAMS 0x000000008e200000, 0x000000008e200000| Complete 
| 227|0x000000008e300000, 0x000000008e400000, 0x000000008e400000|100%| E|CS|TAMS 0x000000008e300000, 0x000000008e300000| Complete 
| 228|0x000000008e400000, 0x000000008e500000, 0x000000008e500000|100%| E|CS|TAMS 0x000000008e400000, 0x000000008e400000| Complete 
| 229|0x000000008e500000, 0x000000008e600000, 0x000000008e600000|100%| E|CS|TAMS 0x000000008e500000, 0x000000008e500000| Complete 
| 230|0x000000008e600000, 0x000000008e700000, 0x000000008e700000|100%| E|CS|TAMS 0x000000008e600000, 0x000000008e600000| Complete 
| 231|0x000000008e700000, 0x000000008e800000, 0x000000008e800000|100%| E|CS|TAMS 0x000000008e700000, 0x000000008e700000| Complete 
| 232|0x000000008e800000, 0x000000008e900000, 0x000000008e900000|100%| E|CS|TAMS 0x000000008e800000, 0x000000008e800000| Complete 
| 233|0x000000008e900000, 0x000000008ea00000, 0x000000008ea00000|100%| E|CS|TAMS 0x000000008e900000, 0x000000008e900000| Complete 
| 234|0x000000008ea00000, 0x000000008eb00000, 0x000000008eb00000|100%| E|CS|TAMS 0x000000008ea00000, 0x000000008ea00000| Complete 
| 235|0x000000008eb00000, 0x000000008ec00000, 0x000000008ec00000|100%| E|CS|TAMS 0x000000008eb00000, 0x000000008eb00000| Complete 
| 236|0x000000008ec00000, 0x000000008ed00000, 0x000000008ed00000|100%| E|CS|TAMS 0x000000008ec00000, 0x000000008ec00000| Complete 
| 237|0x000000008ed00000, 0x000000008ee00000, 0x000000008ee00000|100%| E|CS|TAMS 0x000000008ed00000, 0x000000008ed00000| Complete 
| 238|0x000000008ee00000, 0x000000008ef00000, 0x000000008ef00000|100%| E|CS|TAMS 0x000000008ee00000, 0x000000008ee00000| Complete 
| 239|0x000000008ef00000, 0x000000008f000000, 0x000000008f000000|100%| E|CS|TAMS 0x000000008ef00000, 0x000000008ef00000| Complete 
| 240|0x000000008f000000, 0x000000008f100000, 0x000000008f100000|100%| E|CS|TAMS 0x000000008f000000, 0x000000008f000000| Complete 
| 241|0x000000008f100000, 0x000000008f200000, 0x000000008f200000|100%| E|CS|TAMS 0x000000008f100000, 0x000000008f100000| Complete 
| 242|0x000000008f200000, 0x000000008f300000, 0x000000008f300000|100%| E|CS|TAMS 0x000000008f200000, 0x000000008f200000| Complete 
| 243|0x000000008f300000, 0x000000008f400000, 0x000000008f400000|100%| E|CS|TAMS 0x000000008f300000, 0x000000008f300000| Complete 
| 244|0x000000008f400000, 0x000000008f500000, 0x000000008f500000|100%| E|CS|TAMS 0x000000008f400000, 0x000000008f400000| Complete 
| 245|0x000000008f500000, 0x000000008f600000, 0x000000008f600000|100%| E|CS|TAMS 0x000000008f500000, 0x000000008f500000| Complete 
| 246|0x000000008f600000, 0x000000008f700000, 0x000000008f700000|100%| E|CS|TAMS 0x000000008f600000, 0x000000008f600000| Complete 
| 247|0x000000008f700000, 0x000000008f800000, 0x000000008f800000|100%| E|CS|TAMS 0x000000008f700000, 0x000000008f700000| Complete 
| 248|0x000000008f800000, 0x000000008f900000, 0x000000008f900000|100%| E|CS|TAMS 0x000000008f800000, 0x000000008f800000| Complete 
| 249|0x000000008f900000, 0x000000008fa00000, 0x000000008fa00000|100%| E|CS|TAMS 0x000000008f900000, 0x000000008f900000| Complete 
| 250|0x000000008fa00000, 0x000000008fb00000, 0x000000008fb00000|100%| E|CS|TAMS 0x000000008fa00000, 0x000000008fa00000| Complete 
| 251|0x000000008fb00000, 0x000000008fc00000, 0x000000008fc00000|100%| E|CS|TAMS 0x000000008fb00000, 0x000000008fb00000| Complete 
| 252|0x000000008fc00000, 0x000000008fd00000, 0x000000008fd00000|100%| E|CS|TAMS 0x000000008fc00000, 0x000000008fc00000| Complete 
| 253|0x000000008fd00000, 0x000000008fe00000, 0x000000008fe00000|100%| E|CS|TAMS 0x000000008fd00000, 0x000000008fd00000| Complete 

Card table byte_map: [0x0000016a2e1b0000,0x0000016a2e5b0000] _byte_map_base: 0x0000016a2ddb0000

Marking Bits (Prev, Next): (CMBitMap*) 0x0000016a1afd81a0, (CMBitMap*) 0x0000016a1afd8168
 Prev Bits: [0x0000016a309b0000, 0x0000016a329b0000)
 Next Bits: [0x0000016a2e9b0000, 0x0000016a309b0000)

Polling page: 0x0000016a18f00000

Metaspace:

Usage:
  Non-class:    109.12 MB capacity,   107.53 MB ( 99%) used,     1.27 MB (  1%) free+waste,   318.06 KB ( <1%) overhead. 
      Class:     15.92 MB capacity,    14.97 MB ( 94%) used,   840.76 KB (  5%) free+waste,   138.50 KB ( <1%) overhead. 
       Both:    125.04 MB capacity,   122.50 MB ( 98%) used,     2.10 MB (  2%) free+waste,   456.56 KB ( <1%) overhead. 

Virtual space:
  Non-class space:      112.00 MB reserved,     110.50 MB ( 99%) committed 
      Class space:        1.00 GB reserved,      16.45 MB (  2%) committed 
             Both:        1.11 GB reserved,     126.95 MB ( 11%) committed 

Chunk freelists:
   Non-Class:  1.32 MB
       Class:  526.00 KB
        Both:  1.83 MB

MaxMetaspaceSize: 17179869184.00 GB
CompressedClassSpaceSize: 1.00 GB

CodeHeap 'non-profiled nmethods': size=120000Kb used=12039Kb max_used=12039Kb free=107960Kb
 bounds [0x0000016a26550000, 0x0000016a27120000, 0x0000016a2da80000]
CodeHeap 'profiled nmethods': size=120000Kb used=38122Kb max_used=38122Kb free=81877Kb
 bounds [0x0000016a1f020000, 0x0000016a21570000, 0x0000016a26550000]
CodeHeap 'non-nmethods': size=5760Kb used=2369Kb max_used=2451Kb free=3390Kb
 bounds [0x0000016a1ea80000, 0x0000016a1ed00000, 0x0000016a1f020000]
 total_blobs=17896 nmethods=16912 adapters=895
 compilation: enabled
              stopped_count=0, restarted_count=0
 full_count=0

Compilation events (20 events):
Event: 6601.002 Thread 0x0000016a35cc5000 nmethod 17891 0x0000016a21551890 code [0x0000016a21551a60, 0x0000016a21551ca8]
Event: 6601.009 Thread 0x0000016a365ad800 17893       4       sun.invoke.util.VerifyAccess::isClassAccessible (182 bytes)
Event: 6601.035 Thread 0x0000016a35cc5000 17895       1       sun.management.MemoryManagerImpl::getName (5 bytes)
Event: 6601.036 Thread 0x0000016a35cc5000 nmethod 17895 0x0000016a27112d90 code [0x0000016a27112f40, 0x0000016a27112ff8]
Event: 6601.042 Thread 0x0000016a35cc5000 17896       1       org.gradle.internal.build.event.types.DefaultTaskDescriptor::getId (5 bytes)
Event: 6601.042 Thread 0x0000016a35cc5000 nmethod 17896 0x0000016a27113090 code [0x0000016a27113240, 0x0000016a271132f8]
Event: 6601.049 Thread 0x0000016a35cc5000 17897       1       org.gradle.api.internal.tasks.properties.DefaultInputFilePropertySpec::isSkipWhenEmpty (5 bytes)
Event: 6601.049 Thread 0x0000016a35cc5000 nmethod 17897 0x0000016a27113390 code [0x0000016a27113540, 0x0000016a271135f8]
Event: 6601.050 Thread 0x0000016a35cc5000 17898       3       org.gradle.internal.execution.steps.ValidateStep::execute (10 bytes)
Event: 6601.051 Thread 0x0000016a35cc5000 nmethod 17898 0x0000016a21551e10 code [0x0000016a21551fe0, 0x0000016a21552228]
Event: 6601.051 Thread 0x0000016a35cc5000 17899       3       org.gradle.internal.execution.steps.AssignWorkspaceStep$1::getValidationContext (10 bytes)
Event: 6601.051 Thread 0x0000016a35cc5000 nmethod 17899 0x0000016a21552310 code [0x0000016a215524c0, 0x0000016a21552688]
Event: 6601.057 Thread 0x0000016a35cc5000 17900       3       org.gradle.api.internal.file.collections.DefaultConfigurableFileCollection$UnresolvedItemsCollector::visitContents (54 bytes)
Event: 6601.057 Thread 0x0000016a35cc5000 nmethod 17900 0x0000016a21552790 code [0x0000016a215529a0, 0x0000016a21552ee8]
Event: 6601.073 Thread 0x0000016a35cc5000 17902       3       org.gradle.api.internal.artifacts.ivyservice.resolveengine.artifact.DefaultArtifactSet$SingleArtifactVariantIdentifier::equals (41 bytes)
Event: 6601.074 Thread 0x0000016a35cc5000 nmethod 17902 0x0000016a21553110 code [0x0000016a215532e0, 0x0000016a215536c8]
Event: 6601.083 Thread 0x0000016a35cc5000 17905       3       com.google.common.base.Preconditions::checkNotNull (26 bytes)
Event: 6601.083 Thread 0x0000016a35cc5000 nmethod 17905 0x0000016a21553810 code [0x0000016a21553a00, 0x0000016a21553e18]
Event: 6601.083 Thread 0x0000016a35cc5000 17906       3       org.gradle.util.DeferredUtil::unpackOrNull (8 bytes)
Event: 6601.085 Thread 0x0000016a35cc5000 nmethod 17906 0x0000016a21553f90 code [0x0000016a21554140, 0x0000016a21554248]

GC Heap History (20 events):
Event: 26.379 GC heap before
{Heap before GC invocations=15 (full 0):
 garbage-first heap   total 260096K, used 202140K [0x0000000080000000, 0x0000000100000000)
  region size 1024K, 111 young (113664K), 8 survivors (8192K)
 Metaspace       used 103450K, capacity 106262K, committed 106444K, reserved 1140736K
  class space    used 13224K, capacity 14240K, committed 14284K, reserved 1048576K
}
Event: 26.397 GC heap after
{Heap after GC invocations=16 (full 0):
 garbage-first heap   total 260096K, used 103410K [0x0000000080000000, 0x0000000100000000)
  region size 1024K, 14 young (14336K), 14 survivors (14336K)
 Metaspace       used 103450K, capacity 106262K, committed 106444K, reserved 1140736K
  class space    used 13224K, capacity 14240K, committed 14284K, reserved 1048576K
}
Event: 37.095 GC heap before
{Heap before GC invocations=16 (full 0):
 garbage-first heap   total 260096K, used 203762K [0x0000000080000000, 0x0000000100000000)
  region size 1024K, 113 young (115712K), 14 survivors (14336K)
 Metaspace       used 104076K, capacity 106951K, committed 106956K, reserved 1142784K
  class space    used 13248K, capacity 14283K, committed 14284K, reserved 1048576K
}
Event: 37.120 GC heap after
{Heap after GC invocations=17 (full 0):
 garbage-first heap   total 260096K, used 105141K [0x0000000080000000, 0x0000000100000000)
  region size 1024K, 9 young (9216K), 9 survivors (9216K)
 Metaspace       used 104076K, capacity 106951K, committed 106956K, reserved 1142784K
  class space    used 13248K, capacity 14283K, committed 14284K, reserved 1048576K
}
Event: 42.233 GC heap before
{Heap before GC invocations=17 (full 0):
 garbage-first heap   total 260096K, used 209589K [0x0000000080000000, 0x0000000100000000)
  region size 1024K, 112 young (114688K), 9 survivors (9216K)
 Metaspace       used 109298K, capacity 112225K, committed 112332K, reserved 1146880K
  class space    used 13921K, capacity 15013K, committed 15052K, reserved 1048576K
}
Event: 42.248 GC heap after
{Heap after GC invocations=18 (full 0):
 garbage-first heap   total 260096K, used 108184K [0x0000000080000000, 0x0000000100000000)
  region size 1024K, 6 young (6144K), 6 survivors (6144K)
 Metaspace       used 109298K, capacity 112225K, committed 112332K, reserved 1146880K
  class space    used 13921K, capacity 15013K, committed 15052K, reserved 1048576K
}
Event: 3719.600 GC heap before
{Heap before GC invocations=18 (full 0):
 garbage-first heap   total 260096K, used 211608K [0x0000000080000000, 0x0000000100000000)
  region size 1024K, 108 young (110592K), 6 survivors (6144K)
 Metaspace       used 113522K, capacity 116743K, committed 116812K, reserved 1150976K
  class space    used 14268K, capacity 15426K, committed 15436K, reserved 1048576K
}
Event: 3719.614 GC heap after
{Heap after GC invocations=19 (full 0):
 garbage-first heap   total 260096K, used 108626K [0x0000000080000000, 0x0000000100000000)
  region size 1024K, 6 young (6144K), 6 survivors (6144K)
 Metaspace       used 113522K, capacity 116743K, committed 116812K, reserved 1150976K
  class space    used 14268K, capacity 15426K, committed 15436K, reserved 1048576K
}
Event: 6593.836 GC heap before
{Heap before GC invocations=19 (full 0):
 garbage-first heap   total 260096K, used 215122K [0x0000000080000000, 0x0000000100000000)
  region size 1024K, 111 young (113664K), 6 survivors (6144K)
 Metaspace       used 116204K, capacity 119459K, committed 119628K, reserved 1153024K
  class space    used 14627K, capacity 15822K, committed 15948K, reserved 1048576K
}
Event: 6593.847 GC heap after
{Heap after GC invocations=20 (full 0):
 garbage-first heap   total 260096K, used 113334K [0x0000000080000000, 0x0000000100000000)
  region size 1024K, 11 young (11264K), 11 survivors (11264K)
 Metaspace       used 116204K, capacity 119459K, committed 119628K, reserved 1153024K
  class space    used 14627K, capacity 15822K, committed 15948K, reserved 1048576K
}
Event: 6595.932 GC heap before
{Heap before GC invocations=20 (full 0):
 garbage-first heap   total 260096K, used 225974K [0x0000000080000000, 0x0000000100000000)
  region size 1024K, 111 young (113664K), 11 survivors (11264K)
 Metaspace       used 118300K, capacity 121679K, committed 121804K, reserved 1155072K
  class space    used 14816K, capacity 16063K, committed 16076K, reserved 1048576K
}
Event: 6595.956 GC heap after
{Heap after GC invocations=21 (full 0):
 garbage-first heap   total 260096K, used 132684K [0x0000000080000000, 0x0000000100000000)
  region size 1024K, 14 young (14336K), 14 survivors (14336K)
 Metaspace       used 118300K, capacity 121679K, committed 121804K, reserved 1155072K
  class space    used 14816K, capacity 16063K, committed 16076K, reserved 1048576K
}
Event: 6597.032 GC heap before
{Heap before GC invocations=21 (full 0):
 garbage-first heap   total 260096K, used 208460K [0x0000000080000000, 0x0000000100000000)
  region size 1024K, 88 young (90112K), 14 survivors (14336K)
 Metaspace       used 118381K, capacity 121812K, committed 122060K, reserved 1155072K
  class space    used 14818K, capacity 16064K, committed 16076K, reserved 1048576K
}
Event: 6597.091 GC heap after
{Heap after GC invocations=22 (full 0):
 garbage-first heap   total 260096K, used 137332K [0x0000000080000000, 0x0000000100000000)
  region size 1024K, 4 young (4096K), 4 survivors (4096K)
 Metaspace       used 118381K, capacity 121812K, committed 122060K, reserved 1155072K
  class space    used 14818K, capacity 16064K, committed 16076K, reserved 1048576K
}
Event: 6598.295 GC heap before
{Heap before GC invocations=23 (full 0):
 garbage-first heap   total 260096K, used 225396K [0x0000000080000000, 0x0000000100000000)
  region size 1024K, 76 young (77824K), 4 survivors (4096K)
 Metaspace       used 120748K, capacity 123505K, committed 125388K, reserved 1159168K
  class space    used 14807K, capacity 15818K, committed 16332K, reserved 1048576K
}
Event: 6598.305 GC heap after
{Heap after GC invocations=24 (full 0):
 garbage-first heap   total 260096K, used 141802K [0x0000000080000000, 0x0000000100000000)
  region size 1024K, 8 young (8192K), 8 survivors (8192K)
 Metaspace       used 120748K, capacity 123505K, committed 125388K, reserved 1159168K
  class space    used 14807K, capacity 15818K, committed 16332K, reserved 1048576K
}
Event: 6598.338 GC heap before
{Heap before GC invocations=24 (full 0):
 garbage-first heap   total 260096K, used 145898K [0x0000000080000000, 0x0000000100000000)
  region size 1024K, 12 young (12288K), 8 survivors (8192K)
 Metaspace       used 120763K, capacity 123569K, committed 125388K, reserved 1159168K
  class space    used 14807K, capacity 15818K, committed 16332K, reserved 1048576K
}
Event: 6598.370 GC heap after
{Heap after GC invocations=25 (full 0):
 garbage-first heap   total 260096K, used 131992K [0x0000000080000000, 0x0000000100000000)
  region size 1024K, 2 young (2048K), 2 survivors (2048K)
 Metaspace       used 120763K, capacity 123569K, committed 125388K, reserved 1159168K
  class space    used 14807K, capacity 15818K, committed 16332K, reserved 1048576K
}
Event: 6599.760 GC heap before
{Heap before GC invocations=25 (full 0):
 garbage-first heap   total 260096K, used 207768K [0x0000000080000000, 0x0000000100000000)
  region size 1024K, 77 young (78848K), 2 survivors (2048K)
 Metaspace       used 123556K, capacity 126274K, committed 128076K, reserved 1161216K
  class space    used 15125K, capacity 16120K, committed 16716K, reserved 1048576K
}
Event: 6599.771 GC heap after
{Heap after GC invocations=26 (full 0):
 garbage-first heap   total 260096K, used 133324K [0x0000000080000000, 0x0000000100000000)
  region size 1024K, 3 young (3072K), 3 survivors (3072K)
 Metaspace       used 123556K, capacity 126274K, committed 128076K, reserved 1161216K
  class space    used 15125K, capacity 16120K, committed 16716K, reserved 1048576K
}

Deoptimization events (20 events):
Event: 6600.411 Thread 0x0000016a365a9800 Uncommon trap: trap_request=0xffffff4d fr.pc=0x0000016a27071aa4 relative=0x00000000000004e4
Event: 6600.411 Thread 0x0000016a365a9800 Uncommon trap: reason=unstable_if action=reinterpret pc=0x0000016a27071aa4 method=org.apache.xerces.dom.ParentNode.nodeListItem(I)Lorg/w3c/dom/Node; @ 26 c2
Event: 6600.411 Thread 0x0000016a365a9800 DEOPT PACKING pc=0x0000016a27071aa4 sp=0x000000552b0fdd60
Event: 6600.411 Thread 0x0000016a365a9800 DEOPT UNPACKING pc=0x0000016a1ea883af sp=0x000000552b0fdd20 mode 2
Event: 6600.648 Thread 0x0000016a3b59c000 Uncommon trap: trap_request=0xfffffff4 fr.pc=0x0000016a270f6e7c relative=0x000000000000153c
Event: 6600.648 Thread 0x0000016a3b59c000 Uncommon trap: reason=null_check action=make_not_entrant pc=0x0000016a270f6e7c method=org.gradle.tooling.internal.provider.runner.SubtreeFilteringBuildOperationListener.started(Lorg/gradle/internal/operations/BuildOperationDescriptor;Lorg/gradle/internal/
Event: 6600.648 Thread 0x0000016a3b59c000 DEOPT PACKING pc=0x0000016a270f6e7c sp=0x00000055298fbb80
Event: 6600.648 Thread 0x0000016a3b59c000 DEOPT UNPACKING pc=0x0000016a1ea883af sp=0x00000055298fbb50 mode 2
Event: 6600.733 Thread 0x0000016a3b59d000 Uncommon trap: trap_request=0xffffffdc fr.pc=0x0000016a27105a14 relative=0x0000000000000254
Event: 6600.733 Thread 0x0000016a3b59d000 Uncommon trap: reason=class_check action=make_not_entrant pc=0x0000016a27105a14 method=java.util.ArrayDeque.toArray(Ljava/lang/Class;)[Ljava/lang/Object; @ 45 c2
Event: 6600.733 Thread 0x0000016a3b59d000 DEOPT PACKING pc=0x0000016a27105a14 sp=0x0000005529bfbd50
Event: 6600.733 Thread 0x0000016a3b59d000 DEOPT UNPACKING pc=0x0000016a1ea883af sp=0x0000005529bfbd00 mode 2
Event: 6600.828 Thread 0x0000016a3ef62800 Uncommon trap: trap_request=0xffffff4d fr.pc=0x0000016a266a0214 relative=0x0000000000000cd4
Event: 6600.828 Thread 0x0000016a3ef62800 Uncommon trap: reason=unstable_if action=reinterpret pc=0x0000016a266a0214 method=org.gradle.internal.snapshot.PathUtil.compareDifferentCharsIgnoringCase(CC)I @ 12 c2
Event: 6600.828 Thread 0x0000016a3ef62800 DEOPT PACKING pc=0x0000016a266a0214 sp=0x0000005527cf9180
Event: 6600.828 Thread 0x0000016a3ef62800 DEOPT UNPACKING pc=0x0000016a1ea883af sp=0x0000005527cf9020 mode 2
Event: 6600.832 Thread 0x0000016a3ef62800 Uncommon trap: trap_request=0xffffff4d fr.pc=0x0000016a2661cf78 relative=0x0000000000000398
Event: 6600.832 Thread 0x0000016a3ef62800 Uncommon trap: reason=unstable_if action=reinterpret pc=0x0000016a2661cf78 method=org.gradle.internal.snapshot.PathUtil.compareDifferentCharsIgnoringCase(CC)I @ 12 c2
Event: 6600.832 Thread 0x0000016a3ef62800 DEOPT PACKING pc=0x0000016a2661cf78 sp=0x0000005527cf7970
Event: 6600.832 Thread 0x0000016a3ef62800 DEOPT UNPACKING pc=0x0000016a1ea883af sp=0x0000005527cf7890 mode 2

Classes redefined (0 events):
No events

Internal exceptions (20 events):
Event: 6595.795 Thread 0x0000016a3ef62800 Exception <a 'java/lang/NoSuchMethodError'{0x000000008a00de50}: <clinit>> (0x000000008a00de50) thrown at [./src/hotspot/share/prims/jni.cpp, line 1362]
Event: 6595.797 Thread 0x0000016a3ef62800 Exception <a 'java/lang/NoSuchMethodError'{0x000000008a0273f0}: <clinit>> (0x000000008a0273f0) thrown at [./src/hotspot/share/prims/jni.cpp, line 1362]
Event: 6597.352 Thread 0x0000016a3ef62800 Implicit null exception at 0x0000016a270aa2e9 to 0x0000016a270af610
Event: 6597.352 Thread 0x0000016a3ef62800 Implicit null exception at 0x0000016a270aa2e9 to 0x0000016a270af610
Event: 6597.456 Thread 0x0000016a3ef62800 Implicit null exception at 0x0000016a270aa2e9 to 0x0000016a270af610
Event: 6597.552 Thread 0x0000016a3ef62800 Exception <a 'java/lang/NoSuchMethodError'{0x000000008f2cc028}: <clinit>> (0x000000008f2cc028) thrown at [./src/hotspot/share/prims/jni.cpp, line 1362]
Event: 6597.641 Thread 0x0000016a365ac800 Implicit null exception at 0x0000016a268005ce to 0x0000016a26800b74
Event: 6598.458 Thread 0x0000016a365ab000 Implicit null exception at 0x0000016a269251f0 to 0x0000016a26925830
Event: 6598.527 Thread 0x0000016a365ab000 Implicit null exception at 0x0000016a269770c9 to 0x0000016a26977648
Event: 6598.728 Thread 0x0000016a365ab000 Exception <a 'sun/nio/fs/WindowsException'{0x000000008d681028}> (0x000000008d681028) thrown at [./src/hotspot/share/prims/jni.cpp, line 615]
Event: 6598.728 Thread 0x0000016a365ab000 Exception <a 'sun/nio/fs/WindowsException'{0x000000008d682100}> (0x000000008d682100) thrown at [./src/hotspot/share/prims/jni.cpp, line 615]
Event: 6598.728 Thread 0x0000016a365ab000 Exception <a 'sun/nio/fs/WindowsException'{0x000000008d682388}> (0x000000008d682388) thrown at [./src/hotspot/share/prims/jni.cpp, line 615]
Event: 6598.728 Thread 0x0000016a365ab000 Exception <a 'sun/nio/fs/WindowsException'{0x000000008d6831e0}> (0x000000008d6831e0) thrown at [./src/hotspot/share/prims/jni.cpp, line 615]
Event: 6598.729 Thread 0x0000016a365ab000 Exception <a 'sun/nio/fs/WindowsException'{0x000000008d683440}> (0x000000008d683440) thrown at [./src/hotspot/share/prims/jni.cpp, line 615]
Event: 6598.729 Thread 0x0000016a365ab000 Exception <a 'sun/nio/fs/WindowsException'{0x000000008d684280}> (0x000000008d684280) thrown at [./src/hotspot/share/prims/jni.cpp, line 615]
Event: 6598.730 Thread 0x0000016a365ab000 Implicit null exception at 0x0000016a269e6c60 to 0x0000016a269e952c
Event: 6599.388 Thread 0x0000016a365ab000 Implicit null exception at 0x0000016a269e21e0 to 0x0000016a269e4aa0
Event: 6600.404 Thread 0x0000016a365a9800 Implicit null exception at 0x0000016a26a26cfb to 0x0000016a26a2b548
Event: 6600.412 Thread 0x0000016a3ef64800 Exception <a 'java/lang/NoSuchMethodError'{0x000000008deaeae8}: <clinit>> (0x000000008deaeae8) thrown at [./src/hotspot/share/prims/jni.cpp, line 1362]
Event: 6600.648 Thread 0x0000016a3b59c000 Implicit null exception at 0x0000016a270f5ab4 to 0x0000016a270f6e58

Events (20 events):
Event: 6601.008 loading class com/android/builder/packaging/DexPackagingMode
Event: 6601.008 loading class com/android/builder/packaging/DexPackagingMode done
Event: 6601.011 loading class org/gradle/internal/fingerprint/CurrentFileCollectionFingerprint
Event: 6601.011 loading class org/gradle/internal/fingerprint/CurrentFileCollectionFingerprint done
Event: 6601.012 loading class org/gradle/internal/fingerprint/CurrentFileCollectionFingerprint
Event: 6601.012 loading class org/gradle/internal/fingerprint/CurrentFileCollectionFingerprint done
Event: 6601.015 loading class org/gradle/internal/execution/history/changes/NonIncrementalInputChanges$RebuildFileChange
Event: 6601.015 loading class org/gradle/internal/execution/history/changes/NonIncrementalInputChanges$RebuildFileChange done
Event: 6601.016 loading class org/gradle/internal/execution/history/changes/DefaultFileChange
Event: 6601.016 loading class org/gradle/internal/execution/history/changes/DefaultFileChange done
Event: 6601.018 loading class org/gradle/internal/execution/history/changes/DefaultFileChange$1
Event: 6601.018 loading class org/gradle/internal/execution/history/changes/DefaultFileChange$1 done
Event: 6601.019 loading class org/gradle/api/file/FileType
Event: 6601.019 loading class org/gradle/api/file/FileType done
Event: 6601.028 loading class org/gradle/api/file/FileType
Event: 6601.028 loading class org/gradle/api/file/FileType done
Event: 6601.035 Executing VM operation: RevokeBias
Event: 6601.035 Executing VM operation: RevokeBias done
Event: 6601.040 loading class org/gradle/api/specs/OrSpec
Event: 6601.040 loading class org/gradle/api/specs/OrSpec done


Dynamic libraries:
0x00007ff617be0000 - 0x00007ff617bea000 	C:\Program Files\Android\Android Studio\jre\bin\java.exe
0x00007ffe221d0000 - 0x00007ffe223c5000 	C:\Windows\SYSTEM32\ntdll.dll
0x00007ffe215e0000 - 0x00007ffe2169e000 	C:\Windows\System32\KERNEL32.DLL
0x00007ffe1fc50000 - 0x00007ffe1ff18000 	C:\Windows\System32\KERNELBASE.dll
0x00007ffe1f8f0000 - 0x00007ffe1f9f0000 	C:\Windows\System32\ucrtbase.dll
0x00007ffe0bf60000 - 0x00007ffe0bf79000 	C:\Program Files\Android\Android Studio\jre\bin\jli.dll
0x00007ffddc1f0000 - 0x00007ffddc207000 	C:\Program Files\Android\Android Studio\jre\bin\VCRUNTIME140.dll
0x00007ffe21f20000 - 0x00007ffe220c1000 	C:\Windows\System32\USER32.dll
0x00007ffe1faf0000 - 0x00007ffe1fb12000 	C:\Windows\System32\win32u.dll
0x00007ffe214e0000 - 0x00007ffe2150b000 	C:\Windows\System32\GDI32.dll
0x00007ffdf6070000 - 0x00007ffdf630a000 	C:\Windows\WinSxS\amd64_microsoft.windows.common-controls_6595b64144ccf1df_6.0.19041.1110_none_60b5254171f9507e\COMCTL32.dll
0x00007ffe1ffb0000 - 0x00007ffe200bb000 	C:\Windows\System32\gdi32full.dll
0x00007ffe21140000 - 0x00007ffe211de000 	C:\Windows\System32\msvcrt.dll
0x00007ffe1fb20000 - 0x00007ffe1fbbd000 	C:\Windows\System32\msvcp_win.dll
0x00007ffe21b30000 - 0x00007ffe21b60000 	C:\Windows\System32\IMM32.DLL
0x00007ffdda190000 - 0x00007ffdda22d000 	C:\Program Files\Android\Android Studio\jre\bin\msvcp140.dll
0x00007ffdba040000 - 0x00007ffdbab0f000 	C:\Program Files\Android\Android Studio\jre\bin\server\jvm.dll
0x00007ffe21510000 - 0x00007ffe215bc000 	C:\Windows\System32\ADVAPI32.dll
0x00007ffe20d40000 - 0x00007ffe20ddb000 	C:\Windows\System32\sechost.dll
0x00007ffe21df0000 - 0x00007ffe21f1a000 	C:\Windows\System32\RPCRT4.dll
0x00007ffe21390000 - 0x00007ffe21398000 	C:\Windows\System32\PSAPI.DLL
0x00007ffdf88a0000 - 0x00007ffdf88a9000 	C:\Windows\SYSTEM32\WSOCK32.dll
0x00007ffe05b90000 - 0x00007ffe05bb7000 	C:\Windows\SYSTEM32\WINMM.dll
0x00007ffe211e0000 - 0x00007ffe2124b000 	C:\Windows\System32\WS2_32.dll
0x00007ffe196a0000 - 0x00007ffe196aa000 	C:\Windows\SYSTEM32\VERSION.dll
0x00007ffe1e1c0000 - 0x00007ffe1e1d2000 	C:\Windows\SYSTEM32\kernel.appcore.dll
0x00007ffdda480000 - 0x00007ffdda491000 	C:\Program Files\Android\Android Studio\jre\bin\verify.dll
0x00007ffe1d6f0000 - 0x00007ffe1d8d4000 	C:\Windows\SYSTEM32\DBGHELP.DLL
0x00007ffe06080000 - 0x00007ffe060ac000 	C:\Windows\SYSTEM32\dbgcore.DLL
0x00007ffe1ff20000 - 0x00007ffe1ffa3000 	C:\Windows\System32\bcryptPrimitives.dll
0x00007ffdd7eb0000 - 0x00007ffdd7ed9000 	C:\Program Files\Android\Android Studio\jre\bin\java.dll
0x00007ffe18a50000 - 0x00007ffe18a5b000 	C:\Program Files\Android\Android Studio\jre\bin\jimage.dll
0x00007ffdd9a50000 - 0x00007ffdd9a68000 	C:\Program Files\Android\Android Studio\jre\bin\zip.dll
0x00007ffe20600000 - 0x00007ffe20d3f000 	C:\Windows\System32\SHELL32.dll
0x00007ffe1d8e0000 - 0x00007ffe1e070000 	C:\Windows\SYSTEM32\windows.storage.dll
0x00007ffe202a0000 - 0x00007ffe205f5000 	C:\Windows\System32\combase.dll
0x00007ffe1f340000 - 0x00007ffe1f36e000 	C:\Windows\SYSTEM32\Wldp.dll
0x00007ffe21090000 - 0x00007ffe2113d000 	C:\Windows\System32\SHCORE.dll
0x00007ffe220d0000 - 0x00007ffe22125000 	C:\Windows\System32\shlwapi.dll
0x00007ffe1f830000 - 0x00007ffe1f84f000 	C:\Windows\SYSTEM32\profapi.dll
0x00007ffdd99e0000 - 0x00007ffdd99fa000 	C:\Program Files\Android\Android Studio\jre\bin\net.dll
0x00007ffe155c0000 - 0x00007ffe156cc000 	C:\Windows\SYSTEM32\WINHTTP.dll
0x00007ffe1f0a0000 - 0x00007ffe1f10a000 	C:\Windows\system32\mswsock.dll
0x00007ffdd7f90000 - 0x00007ffdd7fa4000 	C:\Program Files\Android\Android Studio\jre\bin\nio.dll
0x00007ffe18c10000 - 0x00007ffe18c37000 	C:\Users\hp\.gradle\native\8bec1ad78214c89d9ad589b4d07fe93259594b29d510b10fafb7a158f7737e5d\windows-amd64\native-platform.dll
0x00007ffdc1910000 - 0x00007ffdc1a4d000 	C:\Users\hp\.gradle\native\53dbd7edfb1c66fb8903c78663c9afc45aea4f116125fa6feffd364cf09443e8\windows-amd64\native-platform-file-events.dll
0x00007ffe124c0000 - 0x00007ffe124ca000 	C:\Program Files\Android\Android Studio\jre\bin\management.dll
0x00007ffe11bf0000 - 0x00007ffe11bfc000 	C:\Program Files\Android\Android Studio\jre\bin\management_ext.dll
0x00007ffe1f290000 - 0x00007ffe1f2a8000 	C:\Windows\SYSTEM32\CRYPTSP.dll
0x00007ffe1e950000 - 0x00007ffe1e984000 	C:\Windows\system32\rsaenh.dll
0x00007ffe1fbc0000 - 0x00007ffe1fbe7000 	C:\Windows\System32\bcrypt.dll
0x00007ffe1f7b0000 - 0x00007ffe1f7de000 	C:\Windows\SYSTEM32\USERENV.dll
0x00007ffe1f2b0000 - 0x00007ffe1f2bc000 	C:\Windows\SYSTEM32\CRYPTBASE.dll
0x00007ffe1ed20000 - 0x00007ffe1ed5b000 	C:\Windows\SYSTEM32\IPHLPAPI.DLL
0x00007ffe21b20000 - 0x00007ffe21b28000 	C:\Windows\System32\NSI.dll
0x00007ffe19540000 - 0x00007ffe19557000 	C:\Windows\SYSTEM32\dhcpcsvc6.DLL
0x00007ffe19520000 - 0x00007ffe1953d000 	C:\Windows\SYSTEM32\dhcpcsvc.DLL
0x00007ffe1ed60000 - 0x00007ffe1ee2b000 	C:\Windows\SYSTEM32\DNSAPI.dll
0x00007ffdc5090000 - 0x00007ffdc50b7000 	C:\Program Files\Android\Android Studio\jre\bin\sunec.dll
0x00007ffe142a0000 - 0x00007ffe142aa000 	C:\Windows\System32\rasadhlp.dll
0x00007ffe141c0000 - 0x00007ffe1423f000 	C:\Windows\System32\fwpuclnt.dll
0x00007ffe1e5e0000 - 0x00007ffe1e613000 	C:\Windows\SYSTEM32\ntmarta.dll

dbghelp: loaded successfully - version: 4.0.5 - missing functions: none
symbol engine: initialized successfully - sym options: 0x614 - pdb path: .;C:\Program Files\Android\Android Studio\jre\bin;C:\Windows\SYSTEM32;C:\Windows\WinSxS\amd64_microsoft.windows.common-controls_6595b64144ccf1df_6.0.19041.1110_none_60b5254171f9507e;C:\Program Files\Android\Android Studio\jre\bin\server;C:\Users\hp\.gradle\native\8bec1ad78214c89d9ad589b4d07fe93259594b29d510b10fafb7a158f7737e5d\windows-amd64;C:\Users\hp\.gradle\native\53dbd7edfb1c66fb8903c78663c9afc45aea4f116125fa6feffd364cf09443e8\windows-amd64

VM Arguments:
jvm_args: --add-opens=java.base/java.util=ALL-UNNAMED --add-opens=java.base/java.lang=ALL-UNNAMED --add-opens=java.base/java.lang.invoke=ALL-UNNAMED --add-opens=java.base/java.util=ALL-UNNAMED --add-opens=java.prefs/java.util.prefs=ALL-UNNAMED --add-opens=java.prefs/java.util.prefs=ALL-UNNAMED --add-opens=java.base/java.nio.charset=ALL-UNNAMED --add-opens=java.base/java.net=ALL-UNNAMED --add-opens=java.base/java.util.concurrent.atomic=ALL-UNNAMED -Xmx2048m -Dfile.encoding=UTF-8 -Duser.country=US -Duser.language=en -Duser.variant 
java_command: org.gradle.launcher.daemon.bootstrap.GradleDaemon 7.0.2
java_class_path (initial): C:\Users\hp\.gradle\wrapper\dists\gradle-7.0.2-bin\857tjihv64xamwrf0h14cai3r\gradle-7.0.2\lib\gradle-launcher-7.0.2.jar
Launcher Type: SUN_STANDARD

[Global flags]
     intx CICompilerCount                          = 4                                         {product} {ergonomic}
     uint ConcGCThreads                            = 2                                         {product} {ergonomic}
     uint G1ConcRefinementThreads                  = 8                                         {product} {ergonomic}
   size_t G1HeapRegionSize                         = 1048576                                   {product} {ergonomic}
    uintx GCDrainStackTargetSize                   = 64                                        {product} {ergonomic}
   size_t InitialHeapSize                          = 266338304                                 {product} {ergonomic}
   size_t MarkStackSize                            = 4194304                                   {product} {ergonomic}
   size_t MaxHeapSize                              = 2147483648                                {product} {command line}
   size_t MaxNewSize                               = 1287651328                                {product} {ergonomic}
   size_t MinHeapDeltaBytes                        = 1048576                                   {product} {ergonomic}
    uintx NonNMethodCodeHeapSize                   = 5836300                                {pd product} {ergonomic}
    uintx NonProfiledCodeHeapSize                  = 122910970                              {pd product} {ergonomic}
    uintx ProfiledCodeHeapSize                     = 122910970                              {pd product} {ergonomic}
    uintx ReservedCodeCacheSize                    = 251658240                              {pd product} {ergonomic}
     bool SegmentedCodeCache                       = true                                      {product} {ergonomic}
     bool UseCompressedClassPointers               = true                                 {lp64_product} {ergonomic}
     bool UseCompressedOops                        = true                                 {lp64_product} {ergonomic}
     bool UseG1GC                                  = true                                      {product} {ergonomic}
     bool UseLargePagesIndividualAllocation        = false                                  {pd product} {ergonomic}

Logging:
Log output configuration:
 #0: stdout all=warning uptime,level,tags
 #1: stderr all=off uptime,level,tags

Environment Variables:
JAVA_HOME=C:\Program Files\Java\jdk1.8.0_202
PATH=C:\Program Files (x86)\Common Files\Oracle\Java\javapath;C:\Program Files\Common Files\Oracle\Java\javapath;C:\Program Files\Microsoft MPI\Bin\;C:\Program Files (x86)\Common Files\Intel\Shared Libraries\redist\intel64\compiler;C:\oraclexe\app\oracle\product\11.2.0\server\bin;C:\Windows\system32;C:\Windows;C:\Windows\System32\Wbem;C:\Windows\System32\WindowsPowerShell\v1.0\;C:\Windows\System32\OpenSSH\;C:\Program Files\dotnet\;C:\Program Files\Microsoft SQL Server\130\Tools\Binn\;C:\Program Files (x86)\QuickTime\QTSystem\;C:\Program Files\Microsoft SQL Server\Client SDK\ODBC\170\Tools\Binn\;C:\Program Files (x86)\Microsoft SQL Server\150\Tools\Binn\;C:\Program Files\Microsoft SQL Server\150\Tools\Binn\;C:\Program Files\Microsoft SQL Server\150\DTS\Binn\;C:\Program Files (x86)\Microsoft SQL Server\150\DTS\Binn\;C:\Program Files\Azure Data Studio\bin;C:\Program Files\nodejs\;C:\Program Files\Git\cmd;C:\Program Files (x86)\Java\apache-maven-3.8.2\bin;C:\Program Files\Java\jdk1.8.0_202\bin;C:\Users\hp\AppData\Local\Microsoft\WindowsApps;C:\Users\hp\.dotnet\tools;C:\Program Files\Azure Data Studio\bin;C:\Users\hp\AppData\Local\Programs\Microsoft VS Code\bin;C:\Users\hp\AppData\Roaming\npm;C:\Users\hp\AppData\Local\GitHubDesktop\bin;C:\Program Files\JetBrains\IntelliJ IDEA 2021.2\bin;;
USERNAME=Rodriguez
OS=Windows_NT
PROCESSOR_IDENTIFIER=Intel64 Family 6 Model 126 Stepping 5, GenuineIntel



---------------  S Y S T E M  ---------------

OS: Windows 10 , 64 bit Build 19041 (10.0.19041.1348)
OS uptime: 1 days 12:21 hours

CPU:total 8 (initial active 8) (4 cores per cpu, 2 threads per core) family 6 model 126 stepping 5 microcode 0x96, cmov, cx8, fxsr, mmx, sse, sse2, sse3, ssse3, sse4.1, sse4.2, popcnt, avx, avx2, aes, clmul, erms, 3dnowpref, lzcnt, ht, tsc, tscinvbit, bmi1, bmi2, adx, evex, sha, fma

Memory: 4k page, system-wide physical 16165M (2672M free)
TotalPageFile size 16165M (AvailPageFile size 0M)
current process WorkingSet (physical memory assigned to process): 546M, peak: 553M
current process commit charge ("private bytes"): 642M, peak: 645M

vm_info: OpenJDK 64-Bit Server VM (11.0.10+0-b96-7249189) for windows-amd64 JRE (11.0.10+0-b96-7249189), built on Mar 31 2021 21:44:00 by "builder" with MS VC++ 14.0 (VS2015)

END.
