#
# There is insufficient memory for the Java Runtime Environment to continue.
# Native memory allocation (malloc) failed to allocate 59696 bytes for Chunk::new
# Possible reasons:
#   The system is out of physical RAM or swap space
#   The process is running with CompressedOops enabled, and the Java Heap may be blocking the growth of the native heap
# Possible solutions:
#   Reduce memory load on the system
#   Increase physical memory or swap space
#   Check if swap backing store is full
#   Decrease Java heap size (-Xmx/-Xms)
#   Decrease number of Java threads
#   Decrease Java thread stack sizes (-Xss)
#   Set larger code cache with -XX:ReservedCodeCacheSize=
#   JVM is running with Unscaled Compressed Oops mode in which the Java heap is
#     placed in the first 4GB address space. The Java Heap base address is the
#     maximum limit for the native heap growth. Please use -XX:HeapBaseMinAddress
#     to set the Java Heap base and to place the Java Heap above 4GB virtual address.
# This output file may be truncated or incomplete.
#
#  Out of Memory Error (./src/hotspot/share/memory/arena.cpp:197), pid=13828, tid=17016
#
# JRE version: OpenJDK Runtime Environment (11.0.10) (build 11.0.10+0-b96-7249189)
# Java VM: OpenJDK 64-Bit Server VM (11.0.10+0-b96-7249189, mixed mode, tiered, compressed oops, g1 gc, windows-amd64)
# No core dump will be written. Minidumps are not enabled by default on client versions of Windows
#

---------------  S U M M A R Y ------------

Command Line: --add-opens=java.base/java.util=ALL-UNNAMED --add-opens=java.base/java.lang=ALL-UNNAMED --add-opens=java.base/java.lang.invoke=ALL-UNNAMED --add-opens=java.base/java.util=ALL-UNNAMED --add-opens=java.prefs/java.util.prefs=ALL-UNNAMED --add-opens=java.prefs/java.util.prefs=ALL-UNNAMED --add-opens=java.base/java.nio.charset=ALL-UNNAMED --add-opens=java.base/java.net=ALL-UNNAMED --add-opens=java.base/java.util.concurrent.atomic=ALL-UNNAMED -Xmx2048m -Dfile.encoding=UTF-8 -Duser.country=US -Duser.language=en -Duser.variant org.gradle.launcher.daemon.bootstrap.GradleDaemon 7.0.2

Host: Intel(R) Core(TM) i5-1035G1 CPU @ 1.00GHz, 8 cores, 15G,  Windows 10 , 64 bit Build 19041 (10.0.19041.1348)
Time: Fri Dec  3 13:42:53 2021 SA Pacific Standard Time elapsed time: 6660.496920 seconds (0d 1h 51m 0s)

---------------  T H R E A D  ---------------

Current thread (0x000001e5ba04a000):  JavaThread "C2 CompilerThread0" daemon [_thread_in_native, id=17016, stack(0x000000a964d00000,0x000000a964e00000)]


Current CompileTask:
C2:6660496 24847       4       java.util.TimSort::countRunAndMakeAscending (128 bytes)

Stack: [0x000000a964d00000,0x000000a964e00000]
Native frames: (J=compiled Java code, j=interpreted, Vv=VM code, C=native code)
V  [jvm.dll+0x5ecfaa]
V  [jvm.dll+0x722bd5]
V  [jvm.dll+0x72412d]
V  [jvm.dll+0x7247e3]
V  [jvm.dll+0x242928]
V  [jvm.dll+0xbc4fc]
V  [jvm.dll+0xbca0c]
V  [jvm.dll+0x352d3b]
V  [jvm.dll+0x19800c]
V  [jvm.dll+0x1fb70e]
V  [jvm.dll+0x1fa7f4]
V  [jvm.dll+0x18354c]
V  [jvm.dll+0x208ee7]
V  [jvm.dll+0x207731]
V  [jvm.dll+0x6eb1cf]
V  [jvm.dll+0x6e3d45]
V  [jvm.dll+0x5ebe96]
C  [ucrtbase.dll+0x21bb2]
C  [KERNEL32.DLL+0x17034]
C  [ntdll.dll+0x52651]


---------------  P R O C E S S  ---------------

Threads class SMR info:
_java_thread_list=0x000001e5c6374aa0, length=57, elements={
0x000001e59f2ee000, 0x000001e5b9fdf000, 0x000001e5b9fe8800, 0x000001e5ba042000,
0x000001e5ba046000, 0x000001e5ba048000, 0x000001e5ba04a000, 0x000001e5ba04b800,
0x000001e5ba04c800, 0x000001e5ba1c4800, 0x000001e5bb4bc800, 0x000001e5bbbee000,
0x000001e5bc030800, 0x000001e5bccfa000, 0x000001e5bccf9000, 0x000001e5bccfa800,
0x000001e5bccf5800, 0x000001e5bccfc800, 0x000001e5bccf8000, 0x000001e5bccf6800,
0x000001e5bd70c800, 0x000001e5bd70e000, 0x000001e5bd711800, 0x000001e5bd70f000,
0x000001e5bd710000, 0x000001e5bd70d800, 0x000001e5bd715800, 0x000001e5bd714800,
0x000001e5bf787000, 0x000001e5bf784000, 0x000001e5bd719000, 0x000001e5bfe23800,
0x000001e5c3489800, 0x000001e5bfe1e800, 0x000001e5bfe20000, 0x000001e5bfe1a800,
0x000001e5bfe1d800, 0x000001e5bfe1f000, 0x000001e5bfe21000, 0x000001e5bfe1b000,
0x000001e5bfe21800, 0x000001e5bfe1c000, 0x000001e5bfe1d000, 0x000001e5bfe25800,
0x000001e5bfe24000, 0x000001e5bfe27800, 0x000001e5bfe25000, 0x000001e5bfe22800,
0x000001e5bfe26800, 0x000001e5bfe28000, 0x000001e5c3483000, 0x000001e5c3486000,
0x000001e5c3487000, 0x000001e5c3484800, 0x000001e5c3485800, 0x000001e5c7c7b800,
0x000001e5c5e67800
}

Java Threads: ( => current thread )
  0x000001e59f2ee000 JavaThread "main" [_thread_blocked, id=14424, stack(0x000000a964100000,0x000000a964200000)]
  0x000001e5b9fdf000 JavaThread "Reference Handler" daemon [_thread_blocked, id=15668, stack(0x000000a964800000,0x000000a964900000)]
  0x000001e5b9fe8800 JavaThread "Finalizer" daemon [_thread_blocked, id=16900, stack(0x000000a964900000,0x000000a964a00000)]
  0x000001e5ba042000 JavaThread "Signal Dispatcher" daemon [_thread_blocked, id=18304, stack(0x000000a964a00000,0x000000a964b00000)]
  0x000001e5ba046000 JavaThread "Attach Listener" daemon [_thread_blocked, id=17540, stack(0x000000a964b00000,0x000000a964c00000)]
  0x000001e5ba048000 JavaThread "Service Thread" daemon [_thread_blocked, id=21184, stack(0x000000a964c00000,0x000000a964d00000)]
=>0x000001e5ba04a000 JavaThread "C2 CompilerThread0" daemon [_thread_in_native, id=17016, stack(0x000000a964d00000,0x000000a964e00000)]
  0x000001e5ba04b800 JavaThread "C1 CompilerThread0" daemon [_thread_blocked, id=9832, stack(0x000000a964e00000,0x000000a964f00000)]
  0x000001e5ba04c800 JavaThread "Sweeper thread" daemon [_thread_blocked, id=14388, stack(0x000000a964f00000,0x000000a965000000)]
  0x000001e5ba1c4800 JavaThread "Common-Cleaner" daemon [_thread_blocked, id=19836, stack(0x000000a965000000,0x000000a965100000)]
  0x000001e5bb4bc800 JavaThread "Daemon health stats" [_thread_blocked, id=18048, stack(0x000000a965900000,0x000000a965a00000)]
  0x000001e5bbbee000 JavaThread "Incoming local TCP Connector on port 65422" [_thread_in_native, id=21012, stack(0x000000a965200000,0x000000a965300000)]
  0x000001e5bc030800 JavaThread "Daemon periodic checks" [_thread_blocked, id=22336, stack(0x000000a965800000,0x000000a965900000)]
  0x000001e5bccfa000 JavaThread "Cache worker for file hash cache (C:\Users\hp\.gradle\caches\7.0.2\fileHashes)" [_thread_blocked, id=22432, stack(0x000000a966100000,0x000000a966200000)]
  0x000001e5bccf9000 JavaThread "File lock request listener" [_thread_in_native, id=19256, stack(0x000000a966200000,0x000000a966300000)]
  0x000001e5bccfa800 JavaThread "Cache worker for journal cache (C:\Users\hp\.gradle\caches\journal-1)" [_thread_blocked, id=9940, stack(0x000000a966600000,0x000000a966700000)]
  0x000001e5bccf5800 JavaThread "File watcher server" daemon [_thread_in_native, id=13388, stack(0x000000a966700000,0x000000a966800000)]
  0x000001e5bccfc800 JavaThread "File watcher consumer" daemon [_thread_blocked, id=10700, stack(0x000000a966900000,0x000000a966a00000)]
  0x000001e5bccf8000 JavaThread "jar transforms" [_thread_blocked, id=15488, stack(0x000000a966a00000,0x000000a966b00000)]
  0x000001e5bccf6800 JavaThread "jar transforms Thread 2" [_thread_blocked, id=19788, stack(0x000000a966b00000,0x000000a966c00000)]
  0x000001e5bd70c800 JavaThread "jar transforms Thread 3" [_thread_blocked, id=5480, stack(0x000000a966c00000,0x000000a966d00000)]
  0x000001e5bd70e000 JavaThread "jar transforms Thread 4" [_thread_blocked, id=21636, stack(0x000000a966d00000,0x000000a966e00000)]
  0x000001e5bd711800 JavaThread "jar transforms Thread 5" [_thread_blocked, id=5540, stack(0x000000a966f00000,0x000000a967000000)]
  0x000001e5bd70f000 JavaThread "jar transforms Thread 6" [_thread_blocked, id=9868, stack(0x000000a967000000,0x000000a967100000)]
  0x000001e5bd710000 JavaThread "jar transforms Thread 7" [_thread_blocked, id=16300, stack(0x000000a967100000,0x000000a967200000)]
  0x000001e5bd70d800 JavaThread "jar transforms Thread 8" [_thread_blocked, id=12748, stack(0x000000a967300000,0x000000a967400000)]
  0x000001e5bd715800 JavaThread "Cache worker for execution history cache (C:\Users\hp\.gradle\caches\7.0.2\executionHistory)" [_thread_blocked, id=21920, stack(0x000000a967700000,0x000000a967800000)]
  0x000001e5bd714800 JavaThread "Cache worker for file content cache (C:\Users\hp\.gradle\caches\7.0.2\fileContent)" [_thread_blocked, id=2624, stack(0x000000a967800000,0x000000a967900000)]
  0x000001e5bf787000 JavaThread "Memory manager" [_thread_blocked, id=3876, stack(0x000000a968300000,0x000000a968400000)]
  0x000001e5bf784000 JavaThread "pool-3-thread-1" [_thread_blocked, id=18852, stack(0x000000a968400000,0x000000a968500000)]
  0x000001e5bd719000 JavaThread "pool-6-thread-1" [_thread_blocked, id=22076, stack(0x000000a968700000,0x000000a968800000)]
  0x000001e5bfe23800 JavaThread "Cache worker for Java compile cache (C:\Users\hp\.gradle\caches\7.0.2\javaCompile)" [_thread_blocked, id=10172, stack(0x000000a969400000,0x000000a969500000)]
  0x000001e5c3489800 JavaThread "ForkJoinPool.commonPool-worker-13" daemon [_thread_blocked, id=17080, stack(0x000000a96a500000,0x000000a96a600000)]
  0x000001e5bfe1e800 JavaThread "pool-11-thread-1" [_thread_blocked, id=18272, stack(0x000000a968000000,0x000000a968100000)]
  0x000001e5bfe20000 JavaThread "Daemon Thread 3" [_thread_blocked, id=18552, stack(0x000000a963e00000,0x000000a963f00000)]
  0x000001e5bfe1a800 JavaThread "Handler for socket connection from /127.0.0.1:65422 to /127.0.0.1:58597" [_thread_in_native, id=17980, stack(0x000000a963f00000,0x000000a964000000)]
  0x000001e5bfe1d800 JavaThread "Cancel handler" [_thread_blocked, id=14452, stack(0x000000a964000000,0x000000a964100000)]
  0x000001e5bfe1f000 JavaThread "Daemon worker Thread 3" [_thread_in_Java, id=21296, stack(0x000000a965a00000,0x000000a965b00000)]
  0x000001e5bfe21000 JavaThread "Asynchronous log dispatcher for DefaultDaemonConnection: socket connection from /127.0.0.1:65422 to /127.0.0.1:58597" [_thread_blocked, id=18496, stack(0x000000a965b00000,0x000000a965c00000)]
  0x000001e5bfe1b000 JavaThread "Stdin handler" [_thread_blocked, id=19528, stack(0x000000a965c00000,0x000000a965d00000)]
  0x000001e5bfe21800 JavaThread "Daemon client event forwarder" [_thread_blocked, id=19508, stack(0x000000a965d00000,0x000000a965e00000)]
  0x000001e5bfe1c000 JavaThread "Cache worker for file hash cache (C:\ViajaPeru\.gradle\7.0.2\fileHashes)" [_thread_blocked, id=144, stack(0x000000a965e00000,0x000000a965f00000)]
  0x000001e5bfe1d000 JavaThread "Cache worker for checksums cache (C:\ViajaPeru\.gradle\checksums)" [_thread_blocked, id=6712, stack(0x000000a965f00000,0x000000a966000000)]
  0x000001e5bfe25800 JavaThread "Cache worker for cache directory md-supplier (C:\Users\hp\.gradle\caches\7.0.2\md-supplier)" [_thread_blocked, id=444, stack(0x000000a966000000,0x000000a966100000)]
  0x000001e5bfe24000 JavaThread "Cache worker for cache directory md-rule (C:\Users\hp\.gradle\caches\7.0.2\md-rule)" [_thread_blocked, id=9916, stack(0x000000a966800000,0x000000a966900000)]
  0x000001e5bfe27800 JavaThread "Cache worker for dependencies-accessors (C:\ViajaPeru\.gradle\7.0.2\dependencies-accessors)" [_thread_blocked, id=9656, stack(0x000000a967200000,0x000000a967300000)]
  0x000001e5bfe25000 JavaThread "Cache worker for Build Output Cleanup Cache (C:\ViajaPeru\.gradle\buildOutputCleanup)" [_thread_blocked, id=13632, stack(0x000000a967400000,0x000000a967500000)]
  0x000001e5bfe22800 JavaThread "Build operations" [_thread_blocked, id=2652, stack(0x000000a967500000,0x000000a967600000)]
  0x000001e5bfe26800 JavaThread "Build operations Thread 2" [_thread_blocked, id=9816, stack(0x000000a967600000,0x000000a967700000)]
  0x000001e5bfe28000 JavaThread "Build operations Thread 3" [_thread_blocked, id=7512, stack(0x000000a967900000,0x000000a967a00000)]
  0x000001e5c3483000 JavaThread "Build operations Thread 4" [_thread_blocked, id=11520, stack(0x000000a967a00000,0x000000a967b00000)]
  0x000001e5c3486000 JavaThread "Build operations Thread 5" [_thread_blocked, id=16996, stack(0x000000a967b00000,0x000000a967c00000)]
  0x000001e5c3487000 JavaThread "Build operations Thread 6" [_thread_blocked, id=11368, stack(0x000000a967c00000,0x000000a967d00000)]
  0x000001e5c3484800 JavaThread "Build operations Thread 7" [_thread_blocked, id=18176, stack(0x000000a967d00000,0x000000a967e00000)]
  0x000001e5c3485800 JavaThread "Build operations Thread 8" [_thread_blocked, id=5488, stack(0x000000a967e00000,0x000000a967f00000)]
  0x000001e5c7c7b800 JavaThread "C2 CompilerThread1" daemon [_thread_in_native, id=16032, stack(0x000000a966e00000,0x000000a966f00000)]
  0x000001e5c5e67800 JavaThread "C2 CompilerThread2" daemon [_thread_in_native, id=14912, stack(0x000000a967f00000,0x000000a968000000)]

Other Threads:
  0x000001e5b9fda800 VMThread "VM Thread" [stack: 0x000000a964700000,0x000000a964800000] [id=14296]
  0x000001e5ba1f7800 WatcherThread [stack: 0x000000a965100000,0x000000a965200000] [id=22180]
  0x000001e59f305800 GCTaskThread "GC Thread#0" [stack: 0x000000a964200000,0x000000a964300000] [id=9440]
  0x000001e5ba9c4000 GCTaskThread "GC Thread#1" [stack: 0x000000a965300000,0x000000a965400000] [id=12516]
  0x000001e5ba70b000 GCTaskThread "GC Thread#2" [stack: 0x000000a965400000,0x000000a965500000] [id=4648]
  0x000001e5ba5a7000 GCTaskThread "GC Thread#3" [stack: 0x000000a965500000,0x000000a965600000] [id=20400]
  0x000001e5bae20800 GCTaskThread "GC Thread#4" [stack: 0x000000a965600000,0x000000a965700000] [id=21320]
  0x000001e5baeb4000 GCTaskThread "GC Thread#5" [stack: 0x000000a965700000,0x000000a965800000] [id=11176]
  0x000001e5bc285800 GCTaskThread "GC Thread#6" [stack: 0x000000a966300000,0x000000a966400000] [id=10108]
  0x000001e5bce4d800 GCTaskThread "GC Thread#7" [stack: 0x000000a966400000,0x000000a966500000] [id=19616]
  0x000001e59f338800 ConcurrentGCThread "G1 Main Marker" [stack: 0x000000a964300000,0x000000a964400000] [id=8508]
  0x000001e59f33a000 ConcurrentGCThread "G1 Conc#0" [stack: 0x000000a964400000,0x000000a964500000] [id=10204]
  0x000001e5bae0f000 ConcurrentGCThread "G1 Conc#1" [stack: 0x000000a966500000,0x000000a966600000] [id=21556]
  0x000001e59f3cd800 ConcurrentGCThread "G1 Refine#0" [stack: 0x000000a964500000,0x000000a964600000] [id=11988]
  0x000001e5c1927000 ConcurrentGCThread "G1 Refine#1" [stack: 0x000000a96a200000,0x000000a96a300000] [id=17204]
  0x000001e5c192c800 ConcurrentGCThread "G1 Refine#2" [stack: 0x000000a96a300000,0x000000a96a400000] [id=19004]
  0x000001e5c192f000 ConcurrentGCThread "G1 Refine#3" [stack: 0x000000a96a400000,0x000000a96a500000] [id=19680]
  0x000001e59f3ce800 ConcurrentGCThread "G1 Young RemSet Sampling" [stack: 0x000000a964600000,0x000000a964700000] [id=19896]

Threads with active compile tasks:
C2 CompilerThread06660541 24847       4       java.util.TimSort::countRunAndMakeAscending (128 bytes)
C2 CompilerThread16660541 24864       4       java.io.ObjectOutputStream::writeClassDesc (60 bytes)
C2 CompilerThread26660541 24868       4       java.io.ObjectStreamClass$FieldReflector::getObjFieldValues (99 bytes)

VM state:not at safepoint (normal execution)

VM Mutex/Monitor currently owned by a thread: None

OutOfMemory and StackOverflow Exception counts:
OutOfMemoryError java_heap_errors=5
LinkageErrors=267

Heap address: 0x0000000080000000, size: 2048 MB, Compressed Oops mode: 32-bit
Narrow klass base: 0x0000000000000000, Narrow klass shift: 3
Compressed class space size: 1073741824 Address: 0x0000000100000000

Heap:
 garbage-first heap   total 390144K, used 260406K [0x0000000080000000, 0x0000000100000000)
  region size 1024K, 123 young (125952K), 4 survivors (4096K)
 Metaspace       used 154332K, capacity 158086K, committed 159692K, reserved 1187840K
  class space    used 19156K, capacity 20560K, committed 20940K, reserved 1048576K
Heap Regions: E=young(eden), S=young(survivor), O=old, HS=humongous(starts), HC=humongous(continues), CS=collection set, F=free, A=archive, TAMS=top-at-mark-start (previous, next)
|   0|0x0000000080000000, 0x0000000080100000, 0x0000000080100000|100%| O|  |TAMS 0x0000000080100000, 0x0000000080000000| Untracked 
|   1|0x0000000080100000, 0x0000000080200000, 0x0000000080200000|100%| O|  |TAMS 0x0000000080200000, 0x0000000080100000| Untracked 
|   2|0x0000000080200000, 0x0000000080300000, 0x0000000080300000|100%| O|  |TAMS 0x0000000080300000, 0x0000000080200000| Untracked 
|   3|0x0000000080300000, 0x0000000080400000, 0x0000000080400000|100%|HS|  |TAMS 0x0000000080400000, 0x0000000080300000| Complete 
|   4|0x0000000080400000, 0x0000000080500000, 0x0000000080500000|100%|HC|  |TAMS 0x0000000080500000, 0x0000000080400000| Complete 
|   5|0x0000000080500000, 0x0000000080600000, 0x0000000080600000|100%|HC|  |TAMS 0x0000000080600000, 0x0000000080500000| Complete 
|   6|0x0000000080600000, 0x0000000080700000, 0x0000000080700000|100%| O|  |TAMS 0x0000000080700000, 0x0000000080600000| Untracked 
|   7|0x0000000080700000, 0x0000000080800000, 0x0000000080800000|100%| O|  |TAMS 0x0000000080800000, 0x0000000080700000| Untracked 
|   8|0x0000000080800000, 0x0000000080900000, 0x0000000080900000|100%| O|  |TAMS 0x0000000080900000, 0x0000000080800000| Complete 
|   9|0x0000000080900000, 0x0000000080a00000, 0x0000000080a00000|100%| O|  |TAMS 0x0000000080a00000, 0x0000000080900000| Untracked 
|  10|0x0000000080a00000, 0x0000000080b00000, 0x0000000080b00000|100%| O|  |TAMS 0x0000000080b00000, 0x0000000080a00000| Untracked 
|  11|0x0000000080b00000, 0x0000000080c00000, 0x0000000080c00000|100%| O|  |TAMS 0x0000000080c00000, 0x0000000080b00000| Complete 
|  12|0x0000000080c00000, 0x0000000080d00000, 0x0000000080d00000|100%| O|  |TAMS 0x0000000080d00000, 0x0000000080c00000| Untracked 
|  13|0x0000000080d00000, 0x0000000080e00000, 0x0000000080e00000|100%| O|  |TAMS 0x0000000080e00000, 0x0000000080d00000| Untracked 
|  14|0x0000000080e00000, 0x0000000080f00000, 0x0000000080f00000|100%| O|  |TAMS 0x0000000080f00000, 0x0000000080e00000| Complete 
|  15|0x0000000080f00000, 0x0000000081000000, 0x0000000081000000|100%| O|  |TAMS 0x0000000081000000, 0x0000000080f00000| Untracked 
|  16|0x0000000081000000, 0x0000000081100000, 0x0000000081100000|100%| O|  |TAMS 0x0000000081100000, 0x0000000081000000| Complete 
|  17|0x0000000081100000, 0x0000000081200000, 0x0000000081200000|100%|HS|  |TAMS 0x0000000081200000, 0x0000000081100000| Complete 
|  18|0x0000000081200000, 0x0000000081300000, 0x0000000081300000|100%|HC|  |TAMS 0x0000000081300000, 0x0000000081200000| Complete 
|  19|0x0000000081300000, 0x0000000081400000, 0x0000000081400000|100%|HS|  |TAMS 0x0000000081400000, 0x0000000081300000| Complete 
|  20|0x0000000081400000, 0x0000000081500000, 0x0000000081500000|100%|HC|  |TAMS 0x0000000081500000, 0x0000000081400000| Complete 
|  21|0x0000000081500000, 0x0000000081600000, 0x0000000081600000|100%|HC|  |TAMS 0x0000000081600000, 0x0000000081500000| Complete 
|  22|0x0000000081600000, 0x0000000081700000, 0x0000000081700000|100%|HS|  |TAMS 0x0000000081700000, 0x0000000081600000| Complete 
|  23|0x0000000081700000, 0x0000000081800000, 0x0000000081800000|100%|HC|  |TAMS 0x0000000081800000, 0x0000000081700000| Complete 
|  24|0x0000000081800000, 0x0000000081900000, 0x0000000081900000|100%|HC|  |TAMS 0x0000000081900000, 0x0000000081800000| Complete 
|  25|0x0000000081900000, 0x0000000081a00000, 0x0000000081a00000|100%|HC|  |TAMS 0x0000000081a00000, 0x0000000081900000| Complete 
|  26|0x0000000081a00000, 0x0000000081b00000, 0x0000000081b00000|100%|HC|  |TAMS 0x0000000081b00000, 0x0000000081a00000| Complete 
|  27|0x0000000081b00000, 0x0000000081c00000, 0x0000000081c00000|100%|HS|  |TAMS 0x0000000081c00000, 0x0000000081b00000| Complete 
|  28|0x0000000081c00000, 0x0000000081d00000, 0x0000000081d00000|100%|HC|  |TAMS 0x0000000081d00000, 0x0000000081c00000| Complete 
|  29|0x0000000081d00000, 0x0000000081e00000, 0x0000000081e00000|100%|HC|  |TAMS 0x0000000081e00000, 0x0000000081d00000| Complete 
|  30|0x0000000081e00000, 0x0000000081f00000, 0x0000000081f00000|100%|HS|  |TAMS 0x0000000081f00000, 0x0000000081e00000| Complete 
|  31|0x0000000081f00000, 0x0000000082000000, 0x0000000082000000|100%|HC|  |TAMS 0x0000000082000000, 0x0000000081f00000| Complete 
|  32|0x0000000082000000, 0x0000000082100000, 0x0000000082100000|100%|HC|  |TAMS 0x0000000082100000, 0x0000000082000000| Complete 
|  33|0x0000000082100000, 0x0000000082200000, 0x0000000082200000|100%|HC|  |TAMS 0x0000000082200000, 0x0000000082100000| Complete 
|  34|0x0000000082200000, 0x0000000082300000, 0x0000000082300000|100%|HC|  |TAMS 0x0000000082300000, 0x0000000082200000| Complete 
|  35|0x0000000082300000, 0x0000000082400000, 0x0000000082400000|100%| O|  |TAMS 0x0000000082400000, 0x0000000082300000| Complete 
|  36|0x0000000082400000, 0x0000000082500000, 0x0000000082500000|100%| O|  |TAMS 0x0000000082500000, 0x0000000082400000| Untracked 
|  37|0x0000000082500000, 0x0000000082600000, 0x0000000082600000|100%| O|  |TAMS 0x0000000082600000, 0x0000000082500000| Untracked 
|  38|0x0000000082600000, 0x0000000082700000, 0x0000000082700000|100%| O|  |TAMS 0x0000000082700000, 0x0000000082600000| Complete 
|  39|0x0000000082700000, 0x0000000082800000, 0x0000000082800000|100%| O|  |TAMS 0x0000000082800000, 0x0000000082700000| Complete 
|  40|0x0000000082800000, 0x0000000082900000, 0x0000000082900000|100%| O|  |TAMS 0x0000000082900000, 0x0000000082800000| Complete 
|  41|0x0000000082900000, 0x0000000082a00000, 0x0000000082a00000|100%| O|  |TAMS 0x0000000082a00000, 0x0000000082900000| Complete 
|  42|0x0000000082a00000, 0x0000000082b00000, 0x0000000082b00000|100%| O|  |TAMS 0x0000000082b00000, 0x0000000082a00000| Complete 
|  43|0x0000000082b00000, 0x0000000082c00000, 0x0000000082c00000|100%|HS|  |TAMS 0x0000000082c00000, 0x0000000082b00000| Complete 
|  44|0x0000000082c00000, 0x0000000082d00000, 0x0000000082d00000|100%|HS|  |TAMS 0x0000000082d00000, 0x0000000082c00000| Complete 
|  45|0x0000000082d00000, 0x0000000082e00000, 0x0000000082e00000|100%|HS|  |TAMS 0x0000000082e00000, 0x0000000082d00000| Complete 
|  46|0x0000000082e00000, 0x0000000082f00000, 0x0000000082f00000|100%|HC|  |TAMS 0x0000000082f00000, 0x0000000082e00000| Complete 
|  47|0x0000000082f00000, 0x0000000083000000, 0x0000000083000000|100%| O|  |TAMS 0x0000000083000000, 0x0000000082f00000| Complete 
|  48|0x0000000083000000, 0x0000000083100000, 0x0000000083100000|100%| O|  |TAMS 0x0000000083100000, 0x0000000083000000| Untracked 
|  49|0x0000000083100000, 0x0000000083200000, 0x0000000083200000|100%| O|  |TAMS 0x0000000083200000, 0x0000000083100000| Untracked 
|  50|0x0000000083200000, 0x0000000083300000, 0x0000000083300000|100%| O|  |TAMS 0x0000000083300000, 0x0000000083200000| Complete 
|  51|0x0000000083300000, 0x0000000083400000, 0x0000000083400000|100%| O|  |TAMS 0x0000000083400000, 0x0000000083300000| Complete 
|  52|0x0000000083400000, 0x0000000083500000, 0x0000000083500000|100%| O|  |TAMS 0x0000000083500000, 0x0000000083400000| Complete 
|  53|0x0000000083500000, 0x0000000083600000, 0x0000000083600000|100%| O|  |TAMS 0x0000000083600000, 0x0000000083500000| Complete 
|  54|0x0000000083600000, 0x0000000083700000, 0x0000000083700000|100%| O|  |TAMS 0x0000000083700000, 0x0000000083600000| Complete 
|  55|0x0000000083700000, 0x0000000083800000, 0x0000000083800000|100%| O|  |TAMS 0x0000000083800000, 0x0000000083700000| Complete 
|  56|0x0000000083800000, 0x0000000083900000, 0x0000000083900000|100%| O|  |TAMS 0x0000000083900000, 0x0000000083800000| Complete 
|  57|0x0000000083900000, 0x0000000083a00000, 0x0000000083a00000|100%| O|  |TAMS 0x0000000083a00000, 0x0000000083900000| Complete 
|  58|0x0000000083a00000, 0x0000000083b00000, 0x0000000083b00000|100%| O|  |TAMS 0x0000000083b00000, 0x0000000083a00000| Complete 
|  59|0x0000000083b00000, 0x0000000083c00000, 0x0000000083c00000|100%| O|  |TAMS 0x0000000083c00000, 0x0000000083b00000| Untracked 
|  60|0x0000000083c00000, 0x0000000083d00000, 0x0000000083d00000|100%| O|  |TAMS 0x0000000083d00000, 0x0000000083c00000| Complete 
|  61|0x0000000083d00000, 0x0000000083e00000, 0x0000000083e00000|100%| O|  |TAMS 0x0000000083e00000, 0x0000000083d00000| Complete 
|  62|0x0000000083e00000, 0x0000000083f00000, 0x0000000083f00000|100%| O|  |TAMS 0x0000000083f00000, 0x0000000083e00000| Complete 
|  63|0x0000000083f00000, 0x0000000084000000, 0x0000000084000000|100%| O|  |TAMS 0x0000000084000000, 0x0000000083f00000| Complete 
|  64|0x0000000084000000, 0x0000000084100000, 0x0000000084100000|100%| O|  |TAMS 0x0000000084100000, 0x0000000084000000| Complete 
|  65|0x0000000084100000, 0x0000000084200000, 0x0000000084200000|100%| O|  |TAMS 0x0000000084200000, 0x0000000084100000| Complete 
|  66|0x0000000084200000, 0x0000000084300000, 0x0000000084300000|100%| O|  |TAMS 0x0000000084300000, 0x0000000084200000| Complete 
|  67|0x0000000084300000, 0x0000000084400000, 0x0000000084400000|100%| O|  |TAMS 0x0000000084400000, 0x0000000084300000| Complete 
|  68|0x0000000084400000, 0x0000000084500000, 0x0000000084500000|100%| O|  |TAMS 0x0000000084500000, 0x0000000084400000| Complete 
|  69|0x0000000084500000, 0x0000000084600000, 0x0000000084600000|100%| O|  |TAMS 0x0000000084600000, 0x0000000084500000| Complete 
|  70|0x0000000084600000, 0x0000000084700000, 0x0000000084700000|100%| O|  |TAMS 0x0000000084700000, 0x0000000084600000| Complete 
|  71|0x0000000084700000, 0x0000000084800000, 0x0000000084800000|100%| O|  |TAMS 0x0000000084800000, 0x0000000084700000| Untracked 
|  72|0x0000000084800000, 0x0000000084900000, 0x0000000084900000|100%| O|  |TAMS 0x0000000084900000, 0x0000000084800000| Untracked 
|  73|0x0000000084900000, 0x0000000084a00000, 0x0000000084a00000|100%| O|  |TAMS 0x0000000084a00000, 0x0000000084900000| Complete 
|  74|0x0000000084a00000, 0x0000000084b00000, 0x0000000084b00000|100%| O|  |TAMS 0x0000000084b00000, 0x0000000084a00000| Complete 
|  75|0x0000000084b00000, 0x0000000084c00000, 0x0000000084c00000|100%| O|  |TAMS 0x0000000084c00000, 0x0000000084b00000| Complete 
|  76|0x0000000084c00000, 0x0000000084d00000, 0x0000000084d00000|100%| O|  |TAMS 0x0000000084d00000, 0x0000000084c00000| Complete 
|  77|0x0000000084d00000, 0x0000000084e00000, 0x0000000084e00000|100%| O|  |TAMS 0x0000000084e00000, 0x0000000084d00000| Complete 
|  78|0x0000000084e00000, 0x0000000084f00000, 0x0000000084f00000|100%| O|  |TAMS 0x0000000084f00000, 0x0000000084e00000| Complete 
|  79|0x0000000084f00000, 0x0000000085000000, 0x0000000085000000|100%| O|  |TAMS 0x0000000085000000, 0x0000000084f00000| Complete 
|  80|0x0000000085000000, 0x0000000085100000, 0x0000000085100000|100%| O|  |TAMS 0x0000000085100000, 0x0000000085000000| Complete 
|  81|0x0000000085100000, 0x0000000085200000, 0x0000000085200000|100%| O|  |TAMS 0x0000000085200000, 0x0000000085100000| Complete 
|  82|0x0000000085200000, 0x0000000085300000, 0x0000000085300000|100%| O|  |TAMS 0x0000000085300000, 0x0000000085200000| Complete 
|  83|0x0000000085300000, 0x0000000085400000, 0x0000000085400000|100%| O|  |TAMS 0x0000000085400000, 0x0000000085300000| Untracked 
|  84|0x0000000085400000, 0x0000000085500000, 0x0000000085500000|100%| O|  |TAMS 0x0000000085500000, 0x0000000085400000| Complete 
|  85|0x0000000085500000, 0x0000000085600000, 0x0000000085600000|100%| O|  |TAMS 0x0000000085600000, 0x0000000085500000| Untracked 
|  86|0x0000000085600000, 0x0000000085700000, 0x0000000085700000|100%| O|  |TAMS 0x0000000085700000, 0x0000000085600000| Complete 
|  87|0x0000000085700000, 0x0000000085800000, 0x0000000085800000|100%| O|  |TAMS 0x0000000085800000, 0x0000000085700000| Complete 
|  88|0x0000000085800000, 0x0000000085900000, 0x0000000085900000|100%| O|  |TAMS 0x0000000085900000, 0x0000000085800000| Complete 
|  89|0x0000000085900000, 0x0000000085a00000, 0x0000000085a00000|100%| O|  |TAMS 0x0000000085a00000, 0x0000000085900000| Complete 
|  90|0x0000000085a00000, 0x0000000085b00000, 0x0000000085b00000|100%| O|  |TAMS 0x0000000085b00000, 0x0000000085a00000| Complete 
|  91|0x0000000085b00000, 0x0000000085c00000, 0x0000000085c00000|100%| O|  |TAMS 0x0000000085c00000, 0x0000000085b00000| Complete 
|  92|0x0000000085c00000, 0x0000000085d00000, 0x0000000085d00000|100%| O|  |TAMS 0x0000000085d00000, 0x0000000085c00000| Complete 
|  93|0x0000000085d00000, 0x0000000085e00000, 0x0000000085e00000|100%| O|  |TAMS 0x0000000085e00000, 0x0000000085d00000| Complete 
|  94|0x0000000085e00000, 0x0000000085e12e00, 0x0000000085f00000|  7%| O|  |TAMS 0x0000000085e12e00, 0x0000000085e00000| Untracked 
|  95|0x0000000085f00000, 0x0000000086000000, 0x0000000086000000|100%|HS|  |TAMS 0x0000000085f00000, 0x0000000085f00000| Complete 
|  96|0x0000000086000000, 0x0000000086100000, 0x0000000086100000|100%| O|  |TAMS 0x0000000086100000, 0x0000000086000000| Complete 
|  97|0x0000000086100000, 0x0000000086200000, 0x0000000086200000|100%| O|  |TAMS 0x0000000086200000, 0x0000000086100000| Complete 
|  98|0x0000000086200000, 0x0000000086300000, 0x0000000086300000|100%| O|  |TAMS 0x0000000086300000, 0x0000000086200000| Complete 
|  99|0x0000000086300000, 0x0000000086400000, 0x0000000086400000|100%| O|  |TAMS 0x0000000086400000, 0x0000000086300000| Complete 
| 100|0x0000000086400000, 0x0000000086500000, 0x0000000086500000|100%| O|  |TAMS 0x0000000086500000, 0x0000000086400000| Untracked 
| 101|0x0000000086500000, 0x0000000086600000, 0x0000000086600000|100%| O|  |TAMS 0x0000000086600000, 0x0000000086500000| Untracked 
| 102|0x0000000086600000, 0x0000000086700000, 0x0000000086700000|100%| O|  |TAMS 0x0000000086700000, 0x0000000086600000| Complete 
| 103|0x0000000086700000, 0x0000000086800000, 0x0000000086800000|100%| O|  |TAMS 0x0000000086800000, 0x0000000086700000| Complete 
| 104|0x0000000086800000, 0x0000000086900000, 0x0000000086900000|100%| O|  |TAMS 0x0000000086900000, 0x0000000086800000| Complete 
| 105|0x0000000086900000, 0x0000000086a00000, 0x0000000086a00000|100%| O|  |TAMS 0x0000000086a00000, 0x0000000086900000| Complete 
| 106|0x0000000086a00000, 0x0000000086b00000, 0x0000000086b00000|100%| O|  |TAMS 0x0000000086b00000, 0x0000000086a00000| Untracked 
| 107|0x0000000086b00000, 0x0000000086c00000, 0x0000000086c00000|100%| O|  |TAMS 0x0000000086c00000, 0x0000000086b00000| Complete 
| 108|0x0000000086c00000, 0x0000000086d00000, 0x0000000086d00000|100%| O|  |TAMS 0x0000000086d00000, 0x0000000086c00000| Complete 
| 109|0x0000000086d00000, 0x0000000086e00000, 0x0000000086e00000|100%| O|  |TAMS 0x0000000086e00000, 0x0000000086d00000| Untracked 
| 110|0x0000000086e00000, 0x0000000086f00000, 0x0000000086f00000|100%| O|  |TAMS 0x0000000086f00000, 0x0000000086e00000| Untracked 
| 111|0x0000000086f00000, 0x0000000087000000, 0x0000000087000000|100%| O|  |TAMS 0x0000000087000000, 0x0000000086f00000| Untracked 
| 112|0x0000000087000000, 0x0000000087100000, 0x0000000087100000|100%| O|  |TAMS 0x0000000087100000, 0x0000000087000000| Complete 
| 113|0x0000000087100000, 0x0000000087200000, 0x0000000087200000|100%| O|  |TAMS 0x0000000087200000, 0x0000000087100000| Complete 
| 114|0x0000000087200000, 0x0000000087300000, 0x0000000087300000|100%| O|  |TAMS 0x0000000087300000, 0x0000000087200000| Complete 
| 115|0x0000000087300000, 0x0000000087400000, 0x0000000087400000|100%| O|  |TAMS 0x0000000087400000, 0x0000000087300000| Untracked 
| 116|0x0000000087400000, 0x0000000087500000, 0x0000000087500000|100%|HS|  |TAMS 0x0000000087400000, 0x0000000087400000| Complete 
| 117|0x0000000087500000, 0x0000000087500000, 0x0000000087600000|  0%| F|  |TAMS 0x0000000087500000, 0x0000000087500000| Untracked 
| 118|0x0000000087600000, 0x0000000087700000, 0x0000000087700000|100%| O|  |TAMS 0x0000000087700000, 0x0000000087600000| Complete 
| 119|0x0000000087700000, 0x0000000087800000, 0x0000000087800000|100%| O|  |TAMS 0x0000000087800000, 0x0000000087700000| Complete 
| 120|0x0000000087800000, 0x0000000087800000, 0x0000000087900000|  0%| F|  |TAMS 0x0000000087800000, 0x0000000087800000| Untracked 
| 121|0x0000000087900000, 0x0000000087900000, 0x0000000087a00000|  0%| F|  |TAMS 0x0000000087900000, 0x0000000087900000| Untracked 
| 122|0x0000000087a00000, 0x0000000087a00000, 0x0000000087b00000|  0%| F|  |TAMS 0x0000000087a00000, 0x0000000087a00000| Untracked 
| 123|0x0000000087b00000, 0x0000000087b00000, 0x0000000087c00000|  0%| F|  |TAMS 0x0000000087b00000, 0x0000000087b00000| Untracked 
| 124|0x0000000087c00000, 0x0000000087c00000, 0x0000000087d00000|  0%| F|  |TAMS 0x0000000087c00000, 0x0000000087c00000| Untracked 
| 125|0x0000000087d00000, 0x0000000087d00000, 0x0000000087e00000|  0%| F|  |TAMS 0x0000000087d00000, 0x0000000087d00000| Untracked 
| 126|0x0000000087e00000, 0x0000000087e00000, 0x0000000087f00000|  0%| F|  |TAMS 0x0000000087e00000, 0x0000000087e00000| Untracked 
| 127|0x0000000087f00000, 0x0000000087f00000, 0x0000000088000000|  0%| F|  |TAMS 0x0000000087f00000, 0x0000000087f00000| Untracked 
| 128|0x0000000088000000, 0x0000000088000000, 0x0000000088100000|  0%| F|  |TAMS 0x0000000088000000, 0x0000000088000000| Untracked 
| 129|0x0000000088100000, 0x0000000088200000, 0x0000000088200000|100%| O|  |TAMS 0x0000000088200000, 0x0000000088100000| Complete 
| 130|0x0000000088200000, 0x0000000088200000, 0x0000000088300000|  0%| F|  |TAMS 0x0000000088200000, 0x0000000088200000| Untracked 
| 131|0x0000000088300000, 0x0000000088300000, 0x0000000088400000|  0%| F|  |TAMS 0x0000000088300000, 0x0000000088300000| Untracked 
| 132|0x0000000088400000, 0x0000000088400000, 0x0000000088500000|  0%| F|  |TAMS 0x0000000088400000, 0x0000000088400000| Untracked 
| 133|0x0000000088500000, 0x0000000088500000, 0x0000000088600000|  0%| F|  |TAMS 0x0000000088500000, 0x0000000088500000| Untracked 
| 134|0x0000000088600000, 0x0000000088600000, 0x0000000088700000|  0%| F|  |TAMS 0x0000000088600000, 0x0000000088600000| Untracked 
| 135|0x0000000088700000, 0x0000000088700000, 0x0000000088800000|  0%| F|  |TAMS 0x0000000088700000, 0x0000000088700000| Untracked 
| 136|0x0000000088800000, 0x0000000088900000, 0x0000000088900000|100%| O|  |TAMS 0x0000000088900000, 0x0000000088800000| Complete 
| 137|0x0000000088900000, 0x0000000088a00000, 0x0000000088a00000|100%| O|  |TAMS 0x0000000088a00000, 0x0000000088900000| Complete 
| 138|0x0000000088a00000, 0x0000000088b00000, 0x0000000088b00000|100%| O|  |TAMS 0x0000000088b00000, 0x0000000088a00000| Complete 
| 139|0x0000000088b00000, 0x0000000088c00000, 0x0000000088c00000|100%| O|  |TAMS 0x0000000088c00000, 0x0000000088b00000| Complete 
| 140|0x0000000088c00000, 0x0000000088d00000, 0x0000000088d00000|100%| O|  |TAMS 0x0000000088d00000, 0x0000000088c00000| Complete 
| 141|0x0000000088d00000, 0x0000000088e00000, 0x0000000088e00000|100%| O|  |TAMS 0x0000000088e00000, 0x0000000088d00000| Complete 
| 142|0x0000000088e00000, 0x0000000088f00000, 0x0000000088f00000|100%| O|  |TAMS 0x0000000088f00000, 0x0000000088e00000| Complete 
| 143|0x0000000088f00000, 0x0000000089000000, 0x0000000089000000|100%| O|  |TAMS 0x0000000089000000, 0x0000000088f00000| Complete 
| 144|0x0000000089000000, 0x0000000089000000, 0x0000000089100000|  0%| F|  |TAMS 0x0000000089000000, 0x0000000089000000| Untracked 
| 145|0x0000000089100000, 0x0000000089200000, 0x0000000089200000|100%| O|  |TAMS 0x0000000089200000, 0x0000000089100000| Complete 
| 146|0x0000000089200000, 0x0000000089200000, 0x0000000089300000|  0%| F|  |TAMS 0x0000000089200000, 0x0000000089200000| Untracked 
| 147|0x0000000089300000, 0x0000000089300000, 0x0000000089400000|  0%| F|  |TAMS 0x0000000089300000, 0x0000000089300000| Untracked 
| 148|0x0000000089400000, 0x0000000089400000, 0x0000000089500000|  0%| F|  |TAMS 0x0000000089400000, 0x0000000089400000| Untracked 
| 149|0x0000000089500000, 0x0000000089500000, 0x0000000089600000|  0%| F|  |TAMS 0x0000000089500000, 0x0000000089500000| Untracked 
| 150|0x0000000089600000, 0x0000000089600000, 0x0000000089700000|  0%| F|  |TAMS 0x0000000089600000, 0x0000000089600000| Untracked 
| 151|0x0000000089700000, 0x0000000089700000, 0x0000000089800000|  0%| F|  |TAMS 0x0000000089700000, 0x0000000089700000| Untracked 
| 152|0x0000000089800000, 0x0000000089800000, 0x0000000089900000|  0%| F|  |TAMS 0x0000000089800000, 0x0000000089800000| Untracked 
| 153|0x0000000089900000, 0x0000000089900000, 0x0000000089a00000|  0%| F|  |TAMS 0x0000000089900000, 0x0000000089900000| Untracked 
| 154|0x0000000089a00000, 0x0000000089a00000, 0x0000000089b00000|  0%| F|  |TAMS 0x0000000089a00000, 0x0000000089a00000| Untracked 
| 155|0x0000000089b00000, 0x0000000089b00000, 0x0000000089c00000|  0%| F|  |TAMS 0x0000000089b00000, 0x0000000089b00000| Untracked 
| 156|0x0000000089c00000, 0x0000000089c00000, 0x0000000089d00000|  0%| F|  |TAMS 0x0000000089c00000, 0x0000000089c00000| Untracked 
| 157|0x0000000089d00000, 0x0000000089d00000, 0x0000000089e00000|  0%| F|  |TAMS 0x0000000089d00000, 0x0000000089d00000| Untracked 
| 158|0x0000000089e00000, 0x0000000089e00000, 0x0000000089f00000|  0%| F|  |TAMS 0x0000000089e00000, 0x0000000089e00000| Untracked 
| 159|0x0000000089f00000, 0x0000000089f00000, 0x000000008a000000|  0%| F|  |TAMS 0x0000000089f00000, 0x0000000089f00000| Untracked 
| 160|0x000000008a000000, 0x000000008a000000, 0x000000008a100000|  0%| F|  |TAMS 0x000000008a000000, 0x000000008a000000| Untracked 
| 161|0x000000008a100000, 0x000000008a100000, 0x000000008a200000|  0%| F|  |TAMS 0x000000008a100000, 0x000000008a100000| Untracked 
| 162|0x000000008a200000, 0x000000008a200000, 0x000000008a300000|  0%| F|  |TAMS 0x000000008a200000, 0x000000008a200000| Untracked 
| 163|0x000000008a300000, 0x000000008a300000, 0x000000008a400000|  0%| F|  |TAMS 0x000000008a300000, 0x000000008a300000| Untracked 
| 164|0x000000008a400000, 0x000000008a500000, 0x000000008a500000|100%| O|  |TAMS 0x000000008a500000, 0x000000008a400000| Complete 
| 165|0x000000008a500000, 0x000000008a500000, 0x000000008a600000|  0%| F|  |TAMS 0x000000008a500000, 0x000000008a500000| Untracked 
| 166|0x000000008a600000, 0x000000008a700000, 0x000000008a700000|100%| O|  |TAMS 0x000000008a700000, 0x000000008a600000| Complete 
| 167|0x000000008a700000, 0x000000008a800000, 0x000000008a800000|100%| O|  |TAMS 0x000000008a800000, 0x000000008a700000| Complete 
| 168|0x000000008a800000, 0x000000008a800000, 0x000000008a900000|  0%| F|  |TAMS 0x000000008a800000, 0x000000008a800000| Untracked 
| 169|0x000000008a900000, 0x000000008a900000, 0x000000008aa00000|  0%| F|  |TAMS 0x000000008a900000, 0x000000008a900000| Untracked 
| 170|0x000000008aa00000, 0x000000008aa00000, 0x000000008ab00000|  0%| F|  |TAMS 0x000000008aa00000, 0x000000008aa00000| Untracked 
| 171|0x000000008ab00000, 0x000000008ac00000, 0x000000008ac00000|100%| O|  |TAMS 0x000000008ac00000, 0x000000008ab00000| Complete 
| 172|0x000000008ac00000, 0x000000008ad00000, 0x000000008ad00000|100%| O|  |TAMS 0x000000008ad00000, 0x000000008ac00000| Complete 
| 173|0x000000008ad00000, 0x000000008ad00000, 0x000000008ae00000|  0%| F|  |TAMS 0x000000008ad00000, 0x000000008ad00000| Untracked 
| 174|0x000000008ae00000, 0x000000008ae00000, 0x000000008af00000|  0%| F|  |TAMS 0x000000008ae00000, 0x000000008ae00000| Untracked 
| 175|0x000000008af00000, 0x000000008af00000, 0x000000008b000000|  0%| F|  |TAMS 0x000000008af00000, 0x000000008af00000| Untracked 
| 176|0x000000008b000000, 0x000000008b000000, 0x000000008b100000|  0%| F|  |TAMS 0x000000008b000000, 0x000000008b000000| Untracked 
| 177|0x000000008b100000, 0x000000008b100000, 0x000000008b200000|  0%| F|  |TAMS 0x000000008b100000, 0x000000008b100000| Untracked 
| 178|0x000000008b200000, 0x000000008b200000, 0x000000008b300000|  0%| F|  |TAMS 0x000000008b200000, 0x000000008b200000| Untracked 
| 179|0x000000008b300000, 0x000000008b300000, 0x000000008b400000|  0%| F|  |TAMS 0x000000008b300000, 0x000000008b300000| Untracked 
| 180|0x000000008b400000, 0x000000008b400000, 0x000000008b500000|  0%| F|  |TAMS 0x000000008b400000, 0x000000008b400000| Untracked 
| 181|0x000000008b500000, 0x000000008b500000, 0x000000008b600000|  0%| F|  |TAMS 0x000000008b500000, 0x000000008b500000| Untracked 
| 182|0x000000008b600000, 0x000000008b600000, 0x000000008b700000|  0%| F|  |TAMS 0x000000008b600000, 0x000000008b600000| Untracked 
| 183|0x000000008b700000, 0x000000008b700000, 0x000000008b800000|  0%| F|  |TAMS 0x000000008b700000, 0x000000008b700000| Untracked 
| 184|0x000000008b800000, 0x000000008b800000, 0x000000008b900000|  0%| F|  |TAMS 0x000000008b800000, 0x000000008b800000| Untracked 
| 185|0x000000008b900000, 0x000000008b900000, 0x000000008ba00000|  0%| F|  |TAMS 0x000000008b900000, 0x000000008b900000| Untracked 
| 186|0x000000008ba00000, 0x000000008ba00000, 0x000000008bb00000|  0%| F|  |TAMS 0x000000008ba00000, 0x000000008ba00000| Untracked 
| 187|0x000000008bb00000, 0x000000008bb00000, 0x000000008bc00000|  0%| F|  |TAMS 0x000000008bb00000, 0x000000008bb00000| Untracked 
| 188|0x000000008bc00000, 0x000000008bc00000, 0x000000008bd00000|  0%| F|  |TAMS 0x000000008bc00000, 0x000000008bc00000| Untracked 
| 189|0x000000008bd00000, 0x000000008bd00000, 0x000000008be00000|  0%| F|  |TAMS 0x000000008bd00000, 0x000000008bd00000| Untracked 
| 190|0x000000008be00000, 0x000000008bf00000, 0x000000008bf00000|100%| O|  |TAMS 0x000000008bf00000, 0x000000008be00000| Complete 
| 191|0x000000008bf00000, 0x000000008bf00000, 0x000000008c000000|  0%| F|  |TAMS 0x000000008bf00000, 0x000000008bf00000| Untracked 
| 192|0x000000008c000000, 0x000000008c000000, 0x000000008c100000|  0%| F|  |TAMS 0x000000008c000000, 0x000000008c000000| Untracked 
| 193|0x000000008c100000, 0x000000008c100000, 0x000000008c200000|  0%| F|  |TAMS 0x000000008c100000, 0x000000008c100000| Untracked 
| 194|0x000000008c200000, 0x000000008c200000, 0x000000008c300000|  0%| F|  |TAMS 0x000000008c200000, 0x000000008c200000| Untracked 
| 195|0x000000008c300000, 0x000000008c300000, 0x000000008c400000|  0%| F|  |TAMS 0x000000008c300000, 0x000000008c300000| Untracked 
| 196|0x000000008c400000, 0x000000008c400000, 0x000000008c500000|  0%| F|  |TAMS 0x000000008c400000, 0x000000008c400000| Untracked 
| 197|0x000000008c500000, 0x000000008c500000, 0x000000008c600000|  0%| F|  |TAMS 0x000000008c500000, 0x000000008c500000| Untracked 
| 198|0x000000008c600000, 0x000000008c600000, 0x000000008c700000|  0%| F|  |TAMS 0x000000008c600000, 0x000000008c600000| Untracked 
| 199|0x000000008c700000, 0x000000008c700000, 0x000000008c800000|  0%| F|  |TAMS 0x000000008c700000, 0x000000008c700000| Untracked 
| 200|0x000000008c800000, 0x000000008c800000, 0x000000008c900000|  0%| F|  |TAMS 0x000000008c800000, 0x000000008c800000| Untracked 
| 201|0x000000008c900000, 0x000000008c900000, 0x000000008ca00000|  0%| F|  |TAMS 0x000000008c900000, 0x000000008c900000| Untracked 
| 202|0x000000008ca00000, 0x000000008ca00000, 0x000000008cb00000|  0%| F|  |TAMS 0x000000008ca00000, 0x000000008ca00000| Untracked 
| 203|0x000000008cb00000, 0x000000008cb00000, 0x000000008cc00000|  0%| F|  |TAMS 0x000000008cb00000, 0x000000008cb00000| Untracked 
| 204|0x000000008cc00000, 0x000000008cc00000, 0x000000008cd00000|  0%| F|  |TAMS 0x000000008cc00000, 0x000000008cc00000| Untracked 
| 205|0x000000008cd00000, 0x000000008cd00000, 0x000000008ce00000|  0%| F|  |TAMS 0x000000008cd00000, 0x000000008cd00000| Untracked 
| 206|0x000000008ce00000, 0x000000008ce00000, 0x000000008cf00000|  0%| F|  |TAMS 0x000000008ce00000, 0x000000008ce00000| Untracked 
| 207|0x000000008cf00000, 0x000000008cf00000, 0x000000008d000000|  0%| F|  |TAMS 0x000000008cf00000, 0x000000008cf00000| Untracked 
| 208|0x000000008d000000, 0x000000008d000000, 0x000000008d100000|  0%| F|  |TAMS 0x000000008d000000, 0x000000008d000000| Untracked 
| 209|0x000000008d100000, 0x000000008d100000, 0x000000008d200000|  0%| F|  |TAMS 0x000000008d100000, 0x000000008d100000| Untracked 
| 210|0x000000008d200000, 0x000000008d200000, 0x000000008d300000|  0%| F|  |TAMS 0x000000008d200000, 0x000000008d200000| Untracked 
| 211|0x000000008d300000, 0x000000008d300000, 0x000000008d400000|  0%| F|  |TAMS 0x000000008d300000, 0x000000008d300000| Untracked 
| 212|0x000000008d400000, 0x000000008d400000, 0x000000008d500000|  0%| F|  |TAMS 0x000000008d400000, 0x000000008d400000| Untracked 
| 213|0x000000008d500000, 0x000000008d500000, 0x000000008d600000|  0%| F|  |TAMS 0x000000008d500000, 0x000000008d500000| Untracked 
| 214|0x000000008d600000, 0x000000008d600000, 0x000000008d700000|  0%| F|  |TAMS 0x000000008d600000, 0x000000008d600000| Untracked 
| 215|0x000000008d700000, 0x000000008d700000, 0x000000008d800000|  0%| F|  |TAMS 0x000000008d700000, 0x000000008d700000| Untracked 
| 216|0x000000008d800000, 0x000000008d800000, 0x000000008d900000|  0%| F|  |TAMS 0x000000008d800000, 0x000000008d800000| Untracked 
| 217|0x000000008d900000, 0x000000008d900000, 0x000000008da00000|  0%| F|  |TAMS 0x000000008d900000, 0x000000008d900000| Untracked 
| 218|0x000000008da00000, 0x000000008da00000, 0x000000008db00000|  0%| F|  |TAMS 0x000000008da00000, 0x000000008da00000| Untracked 
| 219|0x000000008db00000, 0x000000008db00000, 0x000000008dc00000|  0%| F|  |TAMS 0x000000008db00000, 0x000000008db00000| Untracked 
| 220|0x000000008dc00000, 0x000000008dc00000, 0x000000008dd00000|  0%| F|  |TAMS 0x000000008dc00000, 0x000000008dc00000| Untracked 
| 221|0x000000008dd00000, 0x000000008dd00000, 0x000000008de00000|  0%| F|  |TAMS 0x000000008dd00000, 0x000000008dd00000| Untracked 
| 222|0x000000008de00000, 0x000000008de00000, 0x000000008df00000|  0%| F|  |TAMS 0x000000008de00000, 0x000000008de00000| Untracked 
| 223|0x000000008df00000, 0x000000008df00000, 0x000000008e000000|  0%| F|  |TAMS 0x000000008df00000, 0x000000008df00000| Untracked 
| 224|0x000000008e000000, 0x000000008e000000, 0x000000008e100000|  0%| F|  |TAMS 0x000000008e000000, 0x000000008e000000| Untracked 
| 225|0x000000008e100000, 0x000000008e100000, 0x000000008e200000|  0%| F|  |TAMS 0x000000008e100000, 0x000000008e100000| Untracked 
| 226|0x000000008e200000, 0x000000008e200000, 0x000000008e300000|  0%| F|  |TAMS 0x000000008e200000, 0x000000008e200000| Untracked 
| 227|0x000000008e300000, 0x000000008e300000, 0x000000008e400000|  0%| F|  |TAMS 0x000000008e300000, 0x000000008e300000| Untracked 
| 228|0x000000008e400000, 0x000000008e400000, 0x000000008e500000|  0%| F|  |TAMS 0x000000008e400000, 0x000000008e400000| Untracked 
| 229|0x000000008e500000, 0x000000008e500000, 0x000000008e600000|  0%| F|  |TAMS 0x000000008e500000, 0x000000008e500000| Untracked 
| 230|0x000000008e600000, 0x000000008e600000, 0x000000008e700000|  0%| F|  |TAMS 0x000000008e600000, 0x000000008e600000| Untracked 
| 231|0x000000008e700000, 0x000000008e700000, 0x000000008e800000|  0%| F|  |TAMS 0x000000008e700000, 0x000000008e700000| Untracked 
| 232|0x000000008e800000, 0x000000008e800000, 0x000000008e900000|  0%| F|  |TAMS 0x000000008e800000, 0x000000008e800000| Untracked 
| 233|0x000000008e900000, 0x000000008e900000, 0x000000008ea00000|  0%| F|  |TAMS 0x000000008e900000, 0x000000008e900000| Untracked 
| 234|0x000000008ea00000, 0x000000008ea00000, 0x000000008eb00000|  0%| F|  |TAMS 0x000000008ea00000, 0x000000008ea00000| Untracked 
| 235|0x000000008eb00000, 0x000000008eb00000, 0x000000008ec00000|  0%| F|  |TAMS 0x000000008eb00000, 0x000000008eb00000| Untracked 
| 236|0x000000008ec00000, 0x000000008ec00000, 0x000000008ed00000|  0%| F|  |TAMS 0x000000008ec00000, 0x000000008ec00000| Untracked 
| 237|0x000000008ed00000, 0x000000008ed00000, 0x000000008ee00000|  0%| F|  |TAMS 0x000000008ed00000, 0x000000008ed00000| Untracked 
| 238|0x000000008ee00000, 0x000000008ee00000, 0x000000008ef00000|  0%| F|  |TAMS 0x000000008ee00000, 0x000000008ee00000| Untracked 
| 239|0x000000008ef00000, 0x000000008ef00000, 0x000000008f000000|  0%| F|  |TAMS 0x000000008ef00000, 0x000000008ef00000| Untracked 
| 240|0x000000008f000000, 0x000000008f000000, 0x000000008f100000|  0%| F|  |TAMS 0x000000008f000000, 0x000000008f000000| Untracked 
| 241|0x000000008f100000, 0x000000008f100000, 0x000000008f200000|  0%| F|  |TAMS 0x000000008f100000, 0x000000008f100000| Untracked 
| 242|0x000000008f200000, 0x000000008f200000, 0x000000008f300000|  0%| F|  |TAMS 0x000000008f200000, 0x000000008f200000| Untracked 
| 243|0x000000008f300000, 0x000000008f300000, 0x000000008f400000|  0%| F|  |TAMS 0x000000008f300000, 0x000000008f300000| Untracked 
| 244|0x000000008f400000, 0x000000008f400000, 0x000000008f500000|  0%| F|  |TAMS 0x000000008f400000, 0x000000008f400000| Untracked 
| 245|0x000000008f500000, 0x000000008f500000, 0x000000008f600000|  0%| F|  |TAMS 0x000000008f500000, 0x000000008f500000| Untracked 
| 246|0x000000008f600000, 0x000000008f600000, 0x000000008f700000|  0%| F|  |TAMS 0x000000008f600000, 0x000000008f600000| Untracked 
| 247|0x000000008f700000, 0x000000008f700000, 0x000000008f800000|  0%| F|  |TAMS 0x000000008f700000, 0x000000008f700000| Untracked 
| 248|0x000000008f800000, 0x000000008f800000, 0x000000008f900000|  0%| F|  |TAMS 0x000000008f800000, 0x000000008f800000| Untracked 
| 249|0x000000008f900000, 0x000000008f900000, 0x000000008fa00000|  0%| F|  |TAMS 0x000000008f900000, 0x000000008f900000| Untracked 
| 250|0x000000008fa00000, 0x000000008fa00000, 0x000000008fb00000|  0%| F|  |TAMS 0x000000008fa00000, 0x000000008fa00000| Untracked 
| 251|0x000000008fb00000, 0x000000008fb00000, 0x000000008fc00000|  0%| F|  |TAMS 0x000000008fb00000, 0x000000008fb00000| Untracked 
| 252|0x000000008fc00000, 0x000000008fc00000, 0x000000008fd00000|  0%| F|  |TAMS 0x000000008fc00000, 0x000000008fc00000| Untracked 
| 253|0x000000008fd00000, 0x000000008fd00000, 0x000000008fe00000|  0%| F|  |TAMS 0x000000008fd00000, 0x000000008fd00000| Untracked 
| 254|0x000000008fe00000, 0x000000008fe00000, 0x000000008ff00000|  0%| F|  |TAMS 0x000000008fe00000, 0x000000008fe00000| Untracked 
| 255|0x000000008ff00000, 0x000000008ff00000, 0x0000000090000000|  0%| F|  |TAMS 0x000000008ff00000, 0x000000008ff00000| Untracked 
| 256|0x0000000090000000, 0x0000000090000000, 0x0000000090100000|  0%| F|  |TAMS 0x0000000090000000, 0x0000000090000000| Untracked 
| 257|0x0000000090100000, 0x0000000090100000, 0x0000000090200000|  0%| F|  |TAMS 0x0000000090100000, 0x0000000090100000| Untracked 
| 258|0x0000000090200000, 0x0000000090300000, 0x0000000090300000|100%| E|  |TAMS 0x0000000090200000, 0x0000000090200000| Complete 
| 259|0x0000000090300000, 0x0000000090400000, 0x0000000090400000|100%| E|CS|TAMS 0x0000000090300000, 0x0000000090300000| Complete 
| 260|0x0000000090400000, 0x0000000090500000, 0x0000000090500000|100%| E|CS|TAMS 0x0000000090400000, 0x0000000090400000| Complete 
| 261|0x0000000090500000, 0x0000000090600000, 0x0000000090600000|100%| E|  |TAMS 0x0000000090500000, 0x0000000090500000| Complete 
| 262|0x0000000090600000, 0x0000000090700000, 0x0000000090700000|100%| E|CS|TAMS 0x0000000090600000, 0x0000000090600000| Complete 
| 263|0x0000000090700000, 0x0000000090800000, 0x0000000090800000|100%| E|CS|TAMS 0x0000000090700000, 0x0000000090700000| Complete 
| 264|0x0000000090800000, 0x0000000090900000, 0x0000000090900000|100%| E|CS|TAMS 0x0000000090800000, 0x0000000090800000| Complete 
| 265|0x0000000090900000, 0x0000000090a00000, 0x0000000090a00000|100%| E|CS|TAMS 0x0000000090900000, 0x0000000090900000| Complete 
| 266|0x0000000090a00000, 0x0000000090b00000, 0x0000000090b00000|100%| E|CS|TAMS 0x0000000090a00000, 0x0000000090a00000| Complete 
| 267|0x0000000090b00000, 0x0000000090c00000, 0x0000000090c00000|100%| E|CS|TAMS 0x0000000090b00000, 0x0000000090b00000| Complete 
| 268|0x0000000090c00000, 0x0000000090d00000, 0x0000000090d00000|100%| E|CS|TAMS 0x0000000090c00000, 0x0000000090c00000| Complete 
| 269|0x0000000090d00000, 0x0000000090e00000, 0x0000000090e00000|100%| E|CS|TAMS 0x0000000090d00000, 0x0000000090d00000| Complete 
| 270|0x0000000090e00000, 0x0000000090f00000, 0x0000000090f00000|100%| E|CS|TAMS 0x0000000090e00000, 0x0000000090e00000| Complete 
| 271|0x0000000090f00000, 0x0000000091000000, 0x0000000091000000|100%| E|CS|TAMS 0x0000000090f00000, 0x0000000090f00000| Complete 
| 272|0x0000000091000000, 0x0000000091100000, 0x0000000091100000|100%| E|CS|TAMS 0x0000000091000000, 0x0000000091000000| Complete 
| 273|0x0000000091100000, 0x0000000091200000, 0x0000000091200000|100%| E|CS|TAMS 0x0000000091100000, 0x0000000091100000| Complete 
| 274|0x0000000091200000, 0x0000000091300000, 0x0000000091300000|100%| E|CS|TAMS 0x0000000091200000, 0x0000000091200000| Complete 
| 275|0x0000000091300000, 0x0000000091400000, 0x0000000091400000|100%| E|CS|TAMS 0x0000000091300000, 0x0000000091300000| Complete 
| 276|0x0000000091400000, 0x0000000091500000, 0x0000000091500000|100%| E|CS|TAMS 0x0000000091400000, 0x0000000091400000| Complete 
| 277|0x0000000091500000, 0x0000000091600000, 0x0000000091600000|100%| E|CS|TAMS 0x0000000091500000, 0x0000000091500000| Complete 
| 278|0x0000000091600000, 0x0000000091700000, 0x0000000091700000|100%| E|CS|TAMS 0x0000000091600000, 0x0000000091600000| Complete 
| 279|0x0000000091700000, 0x0000000091800000, 0x0000000091800000|100%| E|CS|TAMS 0x0000000091700000, 0x0000000091700000| Complete 
| 280|0x0000000091800000, 0x0000000091900000, 0x0000000091900000|100%| E|CS|TAMS 0x0000000091800000, 0x0000000091800000| Complete 
| 281|0x0000000091900000, 0x0000000091a00000, 0x0000000091a00000|100%| E|CS|TAMS 0x0000000091900000, 0x0000000091900000| Complete 
| 282|0x0000000091a00000, 0x0000000091b00000, 0x0000000091b00000|100%| E|CS|TAMS 0x0000000091a00000, 0x0000000091a00000| Complete 
| 283|0x0000000091b00000, 0x0000000091c00000, 0x0000000091c00000|100%| E|CS|TAMS 0x0000000091b00000, 0x0000000091b00000| Complete 
| 284|0x0000000091c00000, 0x0000000091d00000, 0x0000000091d00000|100%| E|CS|TAMS 0x0000000091c00000, 0x0000000091c00000| Complete 
| 285|0x0000000091d00000, 0x0000000091e00000, 0x0000000091e00000|100%| E|CS|TAMS 0x0000000091d00000, 0x0000000091d00000| Complete 
| 286|0x0000000091e00000, 0x0000000091f00000, 0x0000000091f00000|100%| E|CS|TAMS 0x0000000091e00000, 0x0000000091e00000| Complete 
| 287|0x0000000091f00000, 0x0000000092000000, 0x0000000092000000|100%| E|CS|TAMS 0x0000000091f00000, 0x0000000091f00000| Complete 
| 288|0x0000000092000000, 0x000000009203acb0, 0x0000000092100000| 22%| S|CS|TAMS 0x0000000092000000, 0x0000000092000000| Complete 
| 289|0x0000000092100000, 0x0000000092200000, 0x0000000092200000|100%| S|CS|TAMS 0x0000000092100000, 0x0000000092100000| Complete 
| 290|0x0000000092200000, 0x0000000092300000, 0x0000000092300000|100%| S|CS|TAMS 0x0000000092200000, 0x0000000092200000| Complete 
| 291|0x0000000092300000, 0x0000000092400000, 0x0000000092400000|100%| S|CS|TAMS 0x0000000092300000, 0x0000000092300000| Complete 
| 292|0x0000000092400000, 0x0000000092500000, 0x0000000092500000|100%| E|CS|TAMS 0x0000000092400000, 0x0000000092400000| Complete 
| 293|0x0000000092500000, 0x0000000092600000, 0x0000000092600000|100%| E|CS|TAMS 0x0000000092500000, 0x0000000092500000| Complete 
| 294|0x0000000092600000, 0x0000000092700000, 0x0000000092700000|100%| E|CS|TAMS 0x0000000092600000, 0x0000000092600000| Complete 
| 295|0x0000000092700000, 0x0000000092800000, 0x0000000092800000|100%| E|CS|TAMS 0x0000000092700000, 0x0000000092700000| Complete 
| 296|0x0000000092800000, 0x0000000092900000, 0x0000000092900000|100%| E|CS|TAMS 0x0000000092800000, 0x0000000092800000| Complete 
| 297|0x0000000092900000, 0x0000000092a00000, 0x0000000092a00000|100%| E|CS|TAMS 0x0000000092900000, 0x0000000092900000| Complete 
| 298|0x0000000092a00000, 0x0000000092b00000, 0x0000000092b00000|100%| E|CS|TAMS 0x0000000092a00000, 0x0000000092a00000| Complete 
| 299|0x0000000092b00000, 0x0000000092c00000, 0x0000000092c00000|100%| E|CS|TAMS 0x0000000092b00000, 0x0000000092b00000| Complete 
| 300|0x0000000092c00000, 0x0000000092d00000, 0x0000000092d00000|100%| E|CS|TAMS 0x0000000092c00000, 0x0000000092c00000| Complete 
| 301|0x0000000092d00000, 0x0000000092e00000, 0x0000000092e00000|100%| E|CS|TAMS 0x0000000092d00000, 0x0000000092d00000| Complete 
| 302|0x0000000092e00000, 0x0000000092f00000, 0x0000000092f00000|100%| E|CS|TAMS 0x0000000092e00000, 0x0000000092e00000| Complete 
| 303|0x0000000092f00000, 0x0000000093000000, 0x0000000093000000|100%| E|CS|TAMS 0x0000000092f00000, 0x0000000092f00000| Complete 
| 304|0x0000000093000000, 0x0000000093100000, 0x0000000093100000|100%| E|CS|TAMS 0x0000000093000000, 0x0000000093000000| Complete 
| 305|0x0000000093100000, 0x0000000093200000, 0x0000000093200000|100%| E|CS|TAMS 0x0000000093100000, 0x0000000093100000| Complete 
| 306|0x0000000093200000, 0x0000000093300000, 0x0000000093300000|100%| E|CS|TAMS 0x0000000093200000, 0x0000000093200000| Complete 
| 307|0x0000000093300000, 0x0000000093400000, 0x0000000093400000|100%| E|CS|TAMS 0x0000000093300000, 0x0000000093300000| Complete 
| 308|0x0000000093400000, 0x0000000093500000, 0x0000000093500000|100%| E|CS|TAMS 0x0000000093400000, 0x0000000093400000| Complete 
| 309|0x0000000093500000, 0x0000000093600000, 0x0000000093600000|100%| E|CS|TAMS 0x0000000093500000, 0x0000000093500000| Complete 
| 310|0x0000000093600000, 0x0000000093700000, 0x0000000093700000|100%| E|CS|TAMS 0x0000000093600000, 0x0000000093600000| Complete 
| 311|0x0000000093700000, 0x0000000093800000, 0x0000000093800000|100%| E|CS|TAMS 0x0000000093700000, 0x0000000093700000| Complete 
| 312|0x0000000093800000, 0x0000000093900000, 0x0000000093900000|100%| E|CS|TAMS 0x0000000093800000, 0x0000000093800000| Complete 
| 313|0x0000000093900000, 0x0000000093a00000, 0x0000000093a00000|100%| E|CS|TAMS 0x0000000093900000, 0x0000000093900000| Complete 
| 314|0x0000000093a00000, 0x0000000093b00000, 0x0000000093b00000|100%| E|CS|TAMS 0x0000000093a00000, 0x0000000093a00000| Complete 
| 315|0x0000000093b00000, 0x0000000093c00000, 0x0000000093c00000|100%| E|CS|TAMS 0x0000000093b00000, 0x0000000093b00000| Complete 
| 316|0x0000000093c00000, 0x0000000093d00000, 0x0000000093d00000|100%| E|CS|TAMS 0x0000000093c00000, 0x0000000093c00000| Complete 
| 317|0x0000000093d00000, 0x0000000093e00000, 0x0000000093e00000|100%| E|CS|TAMS 0x0000000093d00000, 0x0000000093d00000| Complete 
| 318|0x0000000093e00000, 0x0000000093f00000, 0x0000000093f00000|100%| E|CS|TAMS 0x0000000093e00000, 0x0000000093e00000| Complete 
| 319|0x0000000093f00000, 0x0000000094000000, 0x0000000094000000|100%| E|CS|TAMS 0x0000000093f00000, 0x0000000093f00000| Complete 
| 320|0x0000000094000000, 0x0000000094100000, 0x0000000094100000|100%| E|CS|TAMS 0x0000000094000000, 0x0000000094000000| Complete 
| 321|0x0000000094100000, 0x0000000094200000, 0x0000000094200000|100%| E|CS|TAMS 0x0000000094100000, 0x0000000094100000| Complete 
| 322|0x0000000094200000, 0x0000000094300000, 0x0000000094300000|100%| E|CS|TAMS 0x0000000094200000, 0x0000000094200000| Complete 
| 323|0x0000000094300000, 0x0000000094400000, 0x0000000094400000|100%| E|CS|TAMS 0x0000000094300000, 0x0000000094300000| Complete 
| 324|0x0000000094400000, 0x0000000094500000, 0x0000000094500000|100%| E|CS|TAMS 0x0000000094400000, 0x0000000094400000| Complete 
| 325|0x0000000094500000, 0x0000000094600000, 0x0000000094600000|100%| E|CS|TAMS 0x0000000094500000, 0x0000000094500000| Complete 
| 326|0x0000000094600000, 0x0000000094700000, 0x0000000094700000|100%| E|CS|TAMS 0x0000000094600000, 0x0000000094600000| Complete 
| 327|0x0000000094700000, 0x0000000094800000, 0x0000000094800000|100%| E|CS|TAMS 0x0000000094700000, 0x0000000094700000| Complete 
| 328|0x0000000094800000, 0x0000000094900000, 0x0000000094900000|100%| E|CS|TAMS 0x0000000094800000, 0x0000000094800000| Complete 
| 329|0x0000000094900000, 0x0000000094a00000, 0x0000000094a00000|100%| E|CS|TAMS 0x0000000094900000, 0x0000000094900000| Complete 
| 330|0x0000000094a00000, 0x0000000094b00000, 0x0000000094b00000|100%| E|CS|TAMS 0x0000000094a00000, 0x0000000094a00000| Complete 
| 331|0x0000000094b00000, 0x0000000094c00000, 0x0000000094c00000|100%| E|CS|TAMS 0x0000000094b00000, 0x0000000094b00000| Complete 
| 332|0x0000000094c00000, 0x0000000094d00000, 0x0000000094d00000|100%| E|CS|TAMS 0x0000000094c00000, 0x0000000094c00000| Complete 
| 333|0x0000000094d00000, 0x0000000094e00000, 0x0000000094e00000|100%| E|CS|TAMS 0x0000000094d00000, 0x0000000094d00000| Complete 
| 334|0x0000000094e00000, 0x0000000094f00000, 0x0000000094f00000|100%| E|CS|TAMS 0x0000000094e00000, 0x0000000094e00000| Complete 
| 335|0x0000000094f00000, 0x0000000095000000, 0x0000000095000000|100%| E|CS|TAMS 0x0000000094f00000, 0x0000000094f00000| Complete 
| 336|0x0000000095000000, 0x0000000095100000, 0x0000000095100000|100%| E|CS|TAMS 0x0000000095000000, 0x0000000095000000| Complete 
| 337|0x0000000095100000, 0x0000000095200000, 0x0000000095200000|100%| E|CS|TAMS 0x0000000095100000, 0x0000000095100000| Complete 
| 338|0x0000000095200000, 0x0000000095300000, 0x0000000095300000|100%| E|CS|TAMS 0x0000000095200000, 0x0000000095200000| Complete 
| 339|0x0000000095300000, 0x0000000095400000, 0x0000000095400000|100%| E|CS|TAMS 0x0000000095300000, 0x0000000095300000| Complete 
| 340|0x0000000095400000, 0x0000000095500000, 0x0000000095500000|100%| E|CS|TAMS 0x0000000095400000, 0x0000000095400000| Complete 
| 341|0x0000000095500000, 0x0000000095600000, 0x0000000095600000|100%| E|CS|TAMS 0x0000000095500000, 0x0000000095500000| Complete 
| 342|0x0000000095600000, 0x0000000095700000, 0x0000000095700000|100%| E|CS|TAMS 0x0000000095600000, 0x0000000095600000| Complete 
| 343|0x0000000095700000, 0x0000000095800000, 0x0000000095800000|100%| E|CS|TAMS 0x0000000095700000, 0x0000000095700000| Complete 
| 344|0x0000000095800000, 0x0000000095900000, 0x0000000095900000|100%| E|CS|TAMS 0x0000000095800000, 0x0000000095800000| Complete 
| 345|0x0000000095900000, 0x0000000095a00000, 0x0000000095a00000|100%| E|CS|TAMS 0x0000000095900000, 0x0000000095900000| Complete 
| 346|0x0000000095a00000, 0x0000000095b00000, 0x0000000095b00000|100%| E|CS|TAMS 0x0000000095a00000, 0x0000000095a00000| Complete 
| 347|0x0000000095b00000, 0x0000000095c00000, 0x0000000095c00000|100%| E|CS|TAMS 0x0000000095b00000, 0x0000000095b00000| Complete 
| 348|0x0000000095c00000, 0x0000000095d00000, 0x0000000095d00000|100%| E|CS|TAMS 0x0000000095c00000, 0x0000000095c00000| Complete 
| 349|0x0000000095d00000, 0x0000000095e00000, 0x0000000095e00000|100%| E|CS|TAMS 0x0000000095d00000, 0x0000000095d00000| Complete 
| 350|0x0000000095e00000, 0x0000000095f00000, 0x0000000095f00000|100%| E|CS|TAMS 0x0000000095e00000, 0x0000000095e00000| Complete 
| 351|0x0000000095f00000, 0x0000000096000000, 0x0000000096000000|100%| E|CS|TAMS 0x0000000095f00000, 0x0000000095f00000| Complete 
| 352|0x0000000096000000, 0x0000000096100000, 0x0000000096100000|100%| E|CS|TAMS 0x0000000096000000, 0x0000000096000000| Complete 
| 353|0x0000000096100000, 0x0000000096200000, 0x0000000096200000|100%| E|CS|TAMS 0x0000000096100000, 0x0000000096100000| Complete 
| 354|0x0000000096200000, 0x0000000096300000, 0x0000000096300000|100%| E|CS|TAMS 0x0000000096200000, 0x0000000096200000| Complete 
| 355|0x0000000096300000, 0x0000000096400000, 0x0000000096400000|100%| E|CS|TAMS 0x0000000096300000, 0x0000000096300000| Complete 
| 356|0x0000000096400000, 0x0000000096500000, 0x0000000096500000|100%| E|CS|TAMS 0x0000000096400000, 0x0000000096400000| Complete 
| 357|0x0000000096500000, 0x0000000096600000, 0x0000000096600000|100%| E|CS|TAMS 0x0000000096500000, 0x0000000096500000| Complete 
| 358|0x0000000096600000, 0x0000000096700000, 0x0000000096700000|100%| E|CS|TAMS 0x0000000096600000, 0x0000000096600000| Complete 
| 359|0x0000000096700000, 0x0000000096800000, 0x0000000096800000|100%| E|CS|TAMS 0x0000000096700000, 0x0000000096700000| Complete 
| 360|0x0000000096800000, 0x0000000096900000, 0x0000000096900000|100%| E|CS|TAMS 0x0000000096800000, 0x0000000096800000| Complete 
| 361|0x0000000096900000, 0x0000000096a00000, 0x0000000096a00000|100%| E|CS|TAMS 0x0000000096900000, 0x0000000096900000| Complete 
| 362|0x0000000096a00000, 0x0000000096b00000, 0x0000000096b00000|100%| E|CS|TAMS 0x0000000096a00000, 0x0000000096a00000| Complete 
| 363|0x0000000096b00000, 0x0000000096c00000, 0x0000000096c00000|100%| E|CS|TAMS 0x0000000096b00000, 0x0000000096b00000| Complete 
| 364|0x0000000096c00000, 0x0000000096d00000, 0x0000000096d00000|100%| E|CS|TAMS 0x0000000096c00000, 0x0000000096c00000| Complete 
| 365|0x0000000096d00000, 0x0000000096e00000, 0x0000000096e00000|100%| E|CS|TAMS 0x0000000096d00000, 0x0000000096d00000| Complete 
| 366|0x0000000096e00000, 0x0000000096f00000, 0x0000000096f00000|100%| E|CS|TAMS 0x0000000096e00000, 0x0000000096e00000| Complete 
| 367|0x0000000096f00000, 0x0000000097000000, 0x0000000097000000|100%| E|CS|TAMS 0x0000000096f00000, 0x0000000096f00000| Complete 
| 368|0x0000000097000000, 0x0000000097100000, 0x0000000097100000|100%| E|CS|TAMS 0x0000000097000000, 0x0000000097000000| Complete 
| 369|0x0000000097100000, 0x0000000097200000, 0x0000000097200000|100%| E|CS|TAMS 0x0000000097100000, 0x0000000097100000| Complete 
| 370|0x0000000097200000, 0x0000000097300000, 0x0000000097300000|100%| E|CS|TAMS 0x0000000097200000, 0x0000000097200000| Complete 
| 371|0x0000000097300000, 0x0000000097400000, 0x0000000097400000|100%| E|CS|TAMS 0x0000000097300000, 0x0000000097300000| Complete 
| 372|0x0000000097400000, 0x0000000097500000, 0x0000000097500000|100%| E|CS|TAMS 0x0000000097400000, 0x0000000097400000| Complete 
| 373|0x0000000097500000, 0x0000000097600000, 0x0000000097600000|100%| E|CS|TAMS 0x0000000097500000, 0x0000000097500000| Complete 
| 374|0x0000000097600000, 0x0000000097700000, 0x0000000097700000|100%| E|CS|TAMS 0x0000000097600000, 0x0000000097600000| Complete 
| 375|0x0000000097700000, 0x0000000097800000, 0x0000000097800000|100%| E|CS|TAMS 0x0000000097700000, 0x0000000097700000| Complete 
| 376|0x0000000097800000, 0x0000000097900000, 0x0000000097900000|100%| E|CS|TAMS 0x0000000097800000, 0x0000000097800000| Complete 
| 377|0x0000000097900000, 0x0000000097a00000, 0x0000000097a00000|100%| E|CS|TAMS 0x0000000097900000, 0x0000000097900000| Complete 
| 378|0x0000000097a00000, 0x0000000097b00000, 0x0000000097b00000|100%| E|CS|TAMS 0x0000000097a00000, 0x0000000097a00000| Complete 
| 379|0x0000000097b00000, 0x0000000097c00000, 0x0000000097c00000|100%| E|CS|TAMS 0x0000000097b00000, 0x0000000097b00000| Complete 
| 380|0x0000000097c00000, 0x0000000097d00000, 0x0000000097d00000|100%| E|CS|TAMS 0x0000000097c00000, 0x0000000097c00000| Complete 

Card table byte_map: [0x000001e5b2520000,0x000001e5b2920000] _byte_map_base: 0x000001e5b2120000

Marking Bits (Prev, Next): (CMBitMap*) 0x000001e59f32fb78, (CMBitMap*) 0x000001e59f32fbb0
 Prev Bits: [0x000001e5b2d20000, 0x000001e5b4d20000)
 Next Bits: [0x000001e5b4d20000, 0x000001e5b6d20000)

Polling page: 0x000001e59d470000

Metaspace:

Usage:
  Non-class:    134.30 MB capacity,   132.01 MB ( 98%) used,     1.84 MB (  1%) free+waste,   466.56 KB ( <1%) overhead. 
      Class:     20.08 MB capacity,    18.71 MB ( 93%) used,     1.17 MB (  6%) free+waste,   202.56 KB ( <1%) overhead. 
       Both:    154.38 MB capacity,   150.72 MB ( 98%) used,     3.01 MB (  2%) free+waste,   669.13 KB ( <1%) overhead. 

Virtual space:
  Non-class space:      136.00 MB reserved,     135.50 MB (>99%) committed 
      Class space:        1.00 GB reserved,      20.45 MB (  2%) committed 
             Both:        1.13 GB reserved,     155.95 MB ( 13%) committed 

Chunk freelists:
   Non-Class:  1.07 MB
       Class:  368.00 KB
        Both:  1.43 MB

MaxMetaspaceSize: 17179869184.00 GB
CompressedClassSpaceSize: 1.00 GB

CodeHeap 'non-profiled nmethods': size=120000Kb used=16644Kb max_used=16644Kb free=103355Kb
 bounds [0x000001e5aa8b0000, 0x000001e5ab900000, 0x000001e5b1de0000]
CodeHeap 'profiled nmethods': size=120000Kb used=47574Kb max_used=47574Kb free=72426Kb
 bounds [0x000001e5a3380000, 0x000001e5a6220000, 0x000001e5aa8b0000]
CodeHeap 'non-nmethods': size=5760Kb used=2395Kb max_used=2463Kb free=3364Kb
 bounds [0x000001e5a2de0000, 0x000001e5a3060000, 0x000001e5a3380000]
 total_blobs=23097 nmethods=22086 adapters=921
 compilation: enabled
              stopped_count=0, restarted_count=0
 full_count=0

Compilation events (20 events):
Event: 6660.477 Thread 0x000001e5ba04b800 nmethod 24841 0x000001e5a61f5d90 code [0x000001e5a61f6020, 0x000001e5a61f68c8]
Event: 6660.477 Thread 0x000001e5ba04b800 24842       3       java.io.ObjectStreamClass::getSerialFields (59 bytes)
Event: 6660.479 Thread 0x000001e5ba04b800 nmethod 24842 0x000001e5a61f6d90 code [0x000001e5a61f70e0, 0x000001e5a61f8408]
Event: 6660.479 Thread 0x000001e5ba04b800 24843       3       java.io.ObjectStreamClass::getProtectionDomains (150 bytes)
Event: 6660.481 Thread 0x000001e5ba04b800 nmethod 24843 0x000001e5a61f8a90 code [0x000001e5a61f8e80, 0x000001e5a61fad78]
Event: 6660.481 Thread 0x000001e5ba04b800 24844       3       java.lang.IncompatibleClassChangeError::<init> (6 bytes)
Event: 6660.481 Thread 0x000001e5ba04b800 nmethod 24844 0x000001e5a61fb790 code [0x000001e5a61fb960, 0x000001e5a61fbb48]
Event: 6660.481 Thread 0x000001e5ba04b800 24845       3       sun.security.provider.DigestBase::<init> (27 bytes)
Event: 6660.481 Thread 0x000001e5ba04b800 nmethod 24845 0x000001e5a61fbc10 code [0x000001e5a61fbde0, 0x000001e5a61fc0f8]
Event: 6660.482 Thread 0x000001e5ba04b800 24846       3       java.lang.String::subSequence (7 bytes)
Event: 6660.483 Thread 0x000001e5ba04b800 nmethod 24846 0x000001e5a61fc210 code [0x000001e5a61fc3c0, 0x000001e5a61fc4e8]
Event: 6660.484 Thread 0x000001e5ba04a000 24847       4       java.util.TimSort::countRunAndMakeAscending (128 bytes)
Event: 6660.484 Thread 0x000001e5ba04b800 24848       3       org.codehaus.groovy.runtime.StackTraceUtils::isApplicationClass (84 bytes)
Event: 6660.485 Thread 0x000001e5ba04b800 nmethod 24848 0x000001e5a61fc590 code [0x000001e5a61fc7e0, 0x000001e5a61fd1f8]
Event: 6660.485 Thread 0x000001e5ba04b800 24850   !   3       java.io.ObjectStreamClass::lookup (334 bytes)
Event: 6660.489 Thread 0x000001e5ba04b800 nmethod 24850 0x000001e5a61fd590 code [0x000001e5a61fdae0, 0x000001e5a6200e88]
Event: 6660.489 Thread 0x000001e5ba04b800 24851       3       java.security.Provider$ServiceKey::matches (22 bytes)
Event: 6660.489 Thread 0x000001e5ba04b800 nmethod 24851 0x000001e5a6201c10 code [0x000001e5a6201dc0, 0x000001e5a6201f58]
Event: 6660.493 Thread 0x000001e5ba04b800 24852       3       org.gradle.internal.logging.text.AbstractStyledTextOutput::style (20 bytes)
Event: 6660.493 Thread 0x000001e5ba04b800 nmethod 24852 0x000001e5a6202010 code [0x000001e5a62021e0, 0x000001e5a6202448]

GC Heap History (20 events):
Event: 67.654 GC heap before
{Heap before GC invocations=49 (full 0):
 garbage-first heap   total 390144K, used 223216K [0x0000000080000000, 0x0000000100000000)
  region size 1024K, 39 young (39936K), 4 survivors (4096K)
 Metaspace       used 128270K, capacity 131893K, committed 132172K, reserved 1163264K
  class space    used 16092K, capacity 17425K, committed 17484K, reserved 1048576K
}
Event: 67.662 GC heap after
{Heap after GC invocations=50 (full 0):
 garbage-first heap   total 390144K, used 195139K [0x0000000080000000, 0x0000000100000000)
  region size 1024K, 10 young (10240K), 10 survivors (10240K)
 Metaspace       used 128270K, capacity 131893K, committed 132172K, reserved 1163264K
  class space    used 16092K, capacity 17425K, committed 17484K, reserved 1048576K
}
Event: 68.378 GC heap before
{Heap before GC invocations=51 (full 0):
 garbage-first heap   total 390144K, used 252483K [0x0000000080000000, 0x0000000100000000)
  region size 1024K, 62 young (63488K), 10 survivors (10240K)
 Metaspace       used 128589K, capacity 132344K, committed 132428K, reserved 1165312K
  class space    used 16122K, capacity 17468K, committed 17484K, reserved 1048576K
}
Event: 68.388 GC heap after
{Heap after GC invocations=52 (full 0):
 garbage-first heap   total 390144K, used 195286K [0x0000000080000000, 0x0000000100000000)
  region size 1024K, 1 young (1024K), 1 survivors (1024K)
 Metaspace       used 128589K, capacity 132344K, committed 132428K, reserved 1165312K
  class space    used 16122K, capacity 17468K, committed 17484K, reserved 1048576K
}
Event: 69.152 GC heap before
{Heap before GC invocations=53 (full 0):
 garbage-first heap   total 390144K, used 280278K [0x0000000080000000, 0x0000000100000000)
  region size 1024K, 82 young (83968K), 1 survivors (1024K)
 Metaspace       used 128711K, capacity 132385K, committed 132428K, reserved 1165312K
  class space    used 16131K, capacity 17478K, committed 17484K, reserved 1048576K
}
Event: 69.155 GC heap after
{Heap after GC invocations=54 (full 0):
 garbage-first heap   total 390144K, used 197774K [0x0000000080000000, 0x0000000100000000)
  region size 1024K, 2 young (2048K), 2 survivors (2048K)
 Metaspace       used 128711K, capacity 132385K, committed 132428K, reserved 1165312K
  class space    used 16131K, capacity 17478K, committed 17484K, reserved 1048576K
}
Event: 69.834 GC heap before
{Heap before GC invocations=54 (full 0):
 garbage-first heap   total 390144K, used 286862K [0x0000000080000000, 0x0000000100000000)
  region size 1024K, 89 young (91136K), 2 survivors (2048K)
 Metaspace       used 129538K, capacity 133253K, committed 133452K, reserved 1165312K
  class space    used 16256K, capacity 17613K, committed 17740K, reserved 1048576K
}
Event: 69.837 GC heap after
{Heap after GC invocations=55 (full 0):
 garbage-first heap   total 390144K, used 195305K [0x0000000080000000, 0x0000000100000000)
  region size 1024K, 1 young (1024K), 1 survivors (1024K)
 Metaspace       used 129538K, capacity 133253K, committed 133452K, reserved 1165312K
  class space    used 16256K, capacity 17613K, committed 17740K, reserved 1048576K
}
Event: 73.184 GC heap before
{Heap before GC invocations=56 (full 0):
 garbage-first heap   total 390144K, used 279273K [0x0000000080000000, 0x0000000100000000)
  region size 1024K, 97 young (99328K), 1 survivors (1024K)
 Metaspace       used 137925K, capacity 141789K, committed 142028K, reserved 1173504K
  class space    used 17255K, capacity 18633K, committed 18636K, reserved 1048576K
}
Event: 73.196 GC heap after
{Heap after GC invocations=57 (full 0):
 garbage-first heap   total 390144K, used 183842K [0x0000000080000000, 0x0000000100000000)
  region size 1024K, 5 young (5120K), 5 survivors (5120K)
 Metaspace       used 137925K, capacity 141789K, committed 142028K, reserved 1173504K
  class space    used 17255K, capacity 18633K, committed 18636K, reserved 1048576K
}
Event: 73.318 GC heap before
{Heap before GC invocations=57 (full 0):
 garbage-first heap   total 390144K, used 197154K [0x0000000080000000, 0x0000000100000000)
  region size 1024K, 19 young (19456K), 5 survivors (5120K)
 Metaspace       used 138407K, capacity 142331K, committed 142412K, reserved 1173504K
  class space    used 17317K, capacity 18707K, committed 18764K, reserved 1048576K
}
Event: 73.330 GC heap after
{Heap after GC invocations=58 (full 0):
 garbage-first heap   total 390144K, used 178737K [0x0000000080000000, 0x0000000100000000)
  region size 1024K, 3 young (3072K), 3 survivors (3072K)
 Metaspace       used 138407K, capacity 142331K, committed 142412K, reserved 1173504K
  class space    used 17317K, capacity 18707K, committed 18764K, reserved 1048576K
}
Event: 75.015 GC heap before
{Heap before GC invocations=58 (full 0):
 garbage-first heap   total 390144K, used 292401K [0x0000000080000000, 0x0000000100000000)
  region size 1024K, 112 young (114688K), 3 survivors (3072K)
 Metaspace       used 142751K, capacity 146913K, committed 147148K, reserved 1177600K
  class space    used 17830K, capacity 19326K, committed 19404K, reserved 1048576K
}
Event: 75.023 GC heap after
{Heap after GC invocations=59 (full 0):
 garbage-first heap   total 390144K, used 177261K [0x0000000080000000, 0x0000000100000000)
  region size 1024K, 2 young (2048K), 2 survivors (2048K)
 Metaspace       used 142751K, capacity 146913K, committed 147148K, reserved 1177600K
  class space    used 17830K, capacity 19326K, committed 19404K, reserved 1048576K
}
Event: 2140.303 GC heap before
{Heap before GC invocations=60 (full 0):
 garbage-first heap   total 390144K, used 296045K [0x0000000080000000, 0x0000000100000000)
  region size 1024K, 119 young (121856K), 2 survivors (2048K)
 Metaspace       used 144431K, capacity 148657K, committed 148812K, reserved 1179648K
  class space    used 17983K, capacity 19517K, committed 19532K, reserved 1048576K
}
Event: 2140.308 GC heap after
{Heap after GC invocations=61 (full 0):
 garbage-first heap   total 390144K, used 160904K [0x0000000080000000, 0x0000000100000000)
  region size 1024K, 2 young (2048K), 2 survivors (2048K)
 Metaspace       used 144431K, capacity 148657K, committed 148812K, reserved 1179648K
  class space    used 17983K, capacity 19517K, committed 19532K, reserved 1048576K
}
Event: 3065.377 GC heap before
{Heap before GC invocations=61 (full 0):
 garbage-first heap   total 390144K, used 177288K [0x0000000080000000, 0x0000000100000000)
  region size 1024K, 19 young (19456K), 2 survivors (2048K)
 Metaspace       used 144450K, capacity 148721K, committed 148812K, reserved 1179648K
  class space    used 17983K, capacity 19517K, committed 19532K, reserved 1048576K
}
Event: 3065.384 GC heap after
{Heap after GC invocations=62 (full 0):
 garbage-first heap   total 390144K, used 136655K [0x0000000080000000, 0x0000000100000000)
  region size 1024K, 2 young (2048K), 2 survivors (2048K)
 Metaspace       used 144450K, capacity 148721K, committed 148812K, reserved 1179648K
  class space    used 17983K, capacity 19517K, committed 19532K, reserved 1048576K
}
Event: 6657.827 GC heap before
{Heap before GC invocations=62 (full 0):
 garbage-first heap   total 390144K, used 223695K [0x0000000080000000, 0x0000000100000000)
  region size 1024K, 89 young (91136K), 2 survivors (2048K)
 Metaspace       used 144576K, capacity 148879K, committed 149196K, reserved 1179648K
  class space    used 18003K, capacity 19542K, committed 19660K, reserved 1048576K
}
Event: 6657.845 GC heap after
{Heap after GC invocations=63 (full 0):
 garbage-first heap   total 390144K, used 138550K [0x0000000080000000, 0x0000000100000000)
  region size 1024K, 4 young (4096K), 4 survivors (4096K)
 Metaspace       used 144576K, capacity 148879K, committed 149196K, reserved 1179648K
  class space    used 18003K, capacity 19542K, committed 19660K, reserved 1048576K
}

Deoptimization events (20 events):
Event: 6660.475 Thread 0x000001e5bfe21800 Uncommon trap: trap_request=0xffffffd6 fr.pc=0x000001e5aae326d0 relative=0x0000000000000690
Event: 6660.475 Thread 0x000001e5bfe21800 Uncommon trap: reason=array_check action=maybe_recompile pc=0x000001e5aae326d0 method=java.util.TimSort.reverseRange([Ljava/lang/Object;II)V @ 20 c2
Event: 6660.475 Thread 0x000001e5bfe21800 DEOPT PACKING pc=0x000001e5aae326d0 sp=0x000000a965dfca30
Event: 6660.475 Thread 0x000001e5bfe21800 DEOPT UNPACKING pc=0x000001e5a2de83af sp=0x000000a965dfc970 mode 2
Event: 6660.475 Thread 0x000001e5bfe21800 Uncommon trap: trap_request=0xffffffd6 fr.pc=0x000001e5aae326d0 relative=0x0000000000000690
Event: 6660.475 Thread 0x000001e5bfe21800 Uncommon trap: reason=array_check action=maybe_recompile pc=0x000001e5aae326d0 method=java.util.TimSort.reverseRange([Ljava/lang/Object;II)V @ 20 c2
Event: 6660.475 Thread 0x000001e5bfe21800 DEOPT PACKING pc=0x000001e5aae326d0 sp=0x000000a965dfca30
Event: 6660.475 Thread 0x000001e5bfe21800 DEOPT UNPACKING pc=0x000001e5a2de83af sp=0x000000a965dfc970 mode 2
Event: 6660.492 Thread 0x000001e5bfe1f000 Uncommon trap: trap_request=0xffffff4d fr.pc=0x000001e5ab7ed658 relative=0x0000000000003558
Event: 6660.492 Thread 0x000001e5bfe1f000 Uncommon trap: reason=unstable_if action=reinterpret pc=0x000001e5ab7ed658 method=org.gradle.internal.logging.sink.LogEventDispatcher.onOutput(Lorg/gradle/internal/logging/events/OutputEvent;)V @ 35 c2
Event: 6660.492 Thread 0x000001e5bfe1f000 DEOPT PACKING pc=0x000001e5ab7ed658 sp=0x000000a965afbe90
Event: 6660.492 Thread 0x000001e5bfe1f000 DEOPT UNPACKING pc=0x000001e5a2de83af sp=0x000000a965afbe60 mode 2
Event: 6660.493 Thread 0x000001e5bfe1f000 Uncommon trap: trap_request=0xffffff4d fr.pc=0x000001e5ab81cb38 relative=0x0000000000000c98
Event: 6660.493 Thread 0x000001e5bfe1f000 Uncommon trap: reason=unstable_if action=reinterpret pc=0x000001e5ab81cb38 method=org.gradle.internal.logging.sink.OutputEventRenderer$3.onOutput(Lorg/gradle/internal/logging/events/OutputEvent;)V @ 37 c2
Event: 6660.493 Thread 0x000001e5bfe1f000 DEOPT PACKING pc=0x000001e5ab81cb38 sp=0x000000a965afbf00
Event: 6660.493 Thread 0x000001e5bfe1f000 DEOPT UNPACKING pc=0x000001e5a2de83af sp=0x000000a965afbd78 mode 2
Event: 6660.493 Thread 0x000001e5bfe1f000 Uncommon trap: trap_request=0xffffff4d fr.pc=0x000001e5ab81e2c4 relative=0x0000000000000b44
Event: 6660.493 Thread 0x000001e5bfe1f000 Uncommon trap: reason=unstable_if action=reinterpret pc=0x000001e5ab81e2c4 method=org.gradle.internal.logging.sink.OutputEventRenderer$3.onOutput(Lorg/gradle/internal/logging/events/OutputEvent;)V @ 37 c2
Event: 6660.493 Thread 0x000001e5bfe1f000 DEOPT PACKING pc=0x000001e5ab81e2c4 sp=0x000000a965afbe70
Event: 6660.493 Thread 0x000001e5bfe1f000 DEOPT UNPACKING pc=0x000001e5a2de83af sp=0x000000a965afbd68 mode 2

Classes redefined (0 events):
No events

Internal exceptions (20 events):
Event: 6660.282 Thread 0x000001e5bfe1f000 Implicit null exception at 0x000001e5ab8e0bb9 to 0x000001e5ab8e0cf1
Event: 6660.460 Thread 0x000001e5bfe1f000 Exception <a 'java/lang/OutOfMemoryError'{0x000000009070c5a0}> (0x000000009070c5a0) thrown at [./src/hotspot/share/prims/jni.cpp, line 636]
Event: 6660.460 Thread 0x000001e5bfe1f000 Exception <a 'java/lang/OutOfMemoryError'{0x000000009070c5a0}> (0x000000009070c5a0) thrown at [./src/hotspot/share/prims/jvm.cpp, line 1310]
Event: 6660.463 Thread 0x000001e5bfe1f000 Exception <a 'java/lang/OutOfMemoryError'{0x000000009071e950}> (0x000000009071e950) thrown at [./src/hotspot/share/prims/jni.cpp, line 636]
Event: 6660.463 Thread 0x000001e5bfe1f000 Exception <a 'java/lang/OutOfMemoryError'{0x000000009071e950}> (0x000000009071e950) thrown at [./src/hotspot/share/prims/jvm.cpp, line 1310]
Event: 6660.463 Thread 0x000001e5bfe1f000 Exception <a 'java/lang/OutOfMemoryError'{0x000000009071e950}> (0x000000009071e950) thrown at [./src/hotspot/share/oops/instanceKlass.cpp, line 1029]
Event: 6660.464 Thread 0x000001e5bfe1f000 Implicit null exception at 0x000001e5aabbb1c0 to 0x000001e5aabbdae0
Event: 6660.474 Thread 0x000001e5bfe21800 Exception <a 'java/lang/NoSuchMethodError'{0x0000000097c0f320}: <clinit>> (0x0000000097c0f320) thrown at [./src/hotspot/share/prims/jni.cpp, line 1362]
Event: 6660.474 Thread 0x000001e5bfe21800 Exception <a 'java/lang/NoSuchMethodError'{0x0000000097c112f8}: <clinit>> (0x0000000097c112f8) thrown at [./src/hotspot/share/prims/jni.cpp, line 1362]
Event: 6660.475 Thread 0x000001e5bfe21800 Exception <a 'java/lang/NoSuchMethodError'{0x0000000090508cc8}: <clinit>> (0x0000000090508cc8) thrown at [./src/hotspot/share/prims/jni.cpp, line 1362]
Event: 6660.476 Thread 0x000001e5bfe21800 Exception <a 'java/lang/NoSuchMethodError'{0x000000009050ab18}: <clinit>> (0x000000009050ab18) thrown at [./src/hotspot/share/prims/jni.cpp, line 1362]
Event: 6660.477 Thread 0x000001e5bfe21800 Exception <a 'java/lang/NoSuchMethodError'{0x0000000090519a78}: <clinit>> (0x0000000090519a78) thrown at [./src/hotspot/share/prims/jni.cpp, line 1362]
Event: 6660.480 Thread 0x000001e5bfe21800 Exception <a 'java/lang/NoSuchMethodError'{0x000000009053dde0}: <clinit>> (0x000000009053dde0) thrown at [./src/hotspot/share/prims/jni.cpp, line 1362]
Event: 6660.480 Thread 0x000001e5bfe21800 Exception <a 'java/lang/NoSuchMethodError'{0x000000009053f040}: <clinit>> (0x000000009053f040) thrown at [./src/hotspot/share/prims/jni.cpp, line 1362]
Event: 6660.480 Thread 0x000001e5bfe21800 Exception <a 'java/lang/NoSuchMethodError'{0x0000000090540348}: <clinit>> (0x0000000090540348) thrown at [./src/hotspot/share/prims/jni.cpp, line 1362]
Event: 6660.480 Thread 0x000001e5bfe21800 Exception <a 'java/lang/NoSuchMethodError'{0x0000000090543878}: <clinit>> (0x0000000090543878) thrown at [./src/hotspot/share/prims/jni.cpp, line 1362]
Event: 6660.482 Thread 0x000001e5bfe21800 Exception <a 'java/lang/NoSuchMethodError'{0x0000000090557588}: <clinit>> (0x0000000090557588) thrown at [./src/hotspot/share/prims/jni.cpp, line 1362]
Event: 6660.482 Thread 0x000001e5bfe21800 Exception <a 'java/lang/NoSuchMethodError'{0x00000000904909a8}: <clinit>> (0x00000000904909a8) thrown at [./src/hotspot/share/prims/jni.cpp, line 1362]
Event: 6660.484 Thread 0x000001e5bfe21800 Exception <a 'java/lang/NoSuchMethodError'{0x00000000904a40c8}: <clinit>> (0x00000000904a40c8) thrown at [./src/hotspot/share/prims/jni.cpp, line 1362]
Event: 6660.486 Thread 0x000001e5bfe21800 Exception <a 'java/lang/NoSuchMethodError'{0x00000000904bfb60}: <clinit>> (0x00000000904bfb60) thrown at [./src/hotspot/share/prims/jni.cpp, line 1362]

Events (20 events):
Event: 6660.480 loading class org/codehaus/groovy/runtime/StackTraceUtils
Event: 6660.480 loading class org/codehaus/groovy/runtime/StackTraceUtils done
Event: 6660.483 loading class java/util/logging/LogRecord
Event: 6660.484 loading class java/util/logging/LogRecord done
Event: 6660.485 loading class org/gradle/internal/buildevents/BuildExceptionReporter$FailureDetails
Event: 6660.485 loading class org/gradle/internal/buildevents/BuildExceptionReporter$FailureDetails done
Event: 6660.485 loading class org/gradle/internal/logging/text/BufferingStyledTextOutput
Event: 6660.485 loading class org/gradle/internal/logging/text/BufferingStyledTextOutput done
Event: 6660.486 loading class org/gradle/internal/buildevents/BuildExceptionReporter$ExceptionStyle
Event: 6660.486 loading class org/gradle/internal/buildevents/BuildExceptionReporter$ExceptionStyle done
Event: 6660.487 loading class org/gradle/internal/logging/text/BufferingStyledTextOutput$1
Event: 6660.487 loading class org/gradle/internal/logging/text/BufferingStyledTextOutput$1 done
Event: 6660.487 loading class org/gradle/internal/logging/text/BufferingStyledTextOutput$ChangeStyleAction
Event: 6660.487 loading class org/gradle/internal/logging/text/BufferingStyledTextOutput$ChangeStyleAction done
Event: 6660.489 loading class org/gradle/internal/logging/text/LinePrefixingStyledTextOutput
Event: 6660.489 loading class org/gradle/internal/logging/text/LinePrefixingStyledTextOutput done
Event: 6660.489 Executing VM operation: Deoptimize
Event: 6660.492 Executing VM operation: Deoptimize done
Event: 6660.493 loading class org/gradle/internal/buildevents/BuildExceptionReporter$1
Event: 6660.493 loading class org/gradle/internal/buildevents/BuildExceptionReporter$1 done


Dynamic libraries:
0x00007ff78c5b0000 - 0x00007ff78c5ba000 	C:\Program Files\Android\Android Studio\jre\bin\java.exe
0x00007ffe221d0000 - 0x00007ffe223c5000 	C:\Windows\SYSTEM32\ntdll.dll
0x00007ffe215e0000 - 0x00007ffe2169e000 	C:\Windows\System32\KERNEL32.DLL
0x00007ffe1fc50000 - 0x00007ffe1ff18000 	C:\Windows\System32\KERNELBASE.dll
0x00007ffe1f8f0000 - 0x00007ffe1f9f0000 	C:\Windows\System32\ucrtbase.dll
0x00007ffe18e10000 - 0x00007ffe18e29000 	C:\Program Files\Android\Android Studio\jre\bin\jli.dll
0x00007ffe122e0000 - 0x00007ffe122f7000 	C:\Program Files\Android\Android Studio\jre\bin\VCRUNTIME140.dll
0x00007ffe21f20000 - 0x00007ffe220c1000 	C:\Windows\System32\USER32.dll
0x00007ffe1faf0000 - 0x00007ffe1fb12000 	C:\Windows\System32\win32u.dll
0x00007ffe214e0000 - 0x00007ffe2150b000 	C:\Windows\System32\GDI32.dll
0x00007ffe1ffb0000 - 0x00007ffe200bb000 	C:\Windows\System32\gdi32full.dll
0x00007ffdf6070000 - 0x00007ffdf630a000 	C:\Windows\WinSxS\amd64_microsoft.windows.common-controls_6595b64144ccf1df_6.0.19041.1110_none_60b5254171f9507e\COMCTL32.dll
0x00007ffe1fb20000 - 0x00007ffe1fbbd000 	C:\Windows\System32\msvcp_win.dll
0x00007ffe21140000 - 0x00007ffe211de000 	C:\Windows\System32\msvcrt.dll
0x00007ffe21b30000 - 0x00007ffe21b60000 	C:\Windows\System32\IMM32.DLL
0x00007ffddc2b0000 - 0x00007ffddc34d000 	C:\Program Files\Android\Android Studio\jre\bin\msvcp140.dll
0x00007ffdd0250000 - 0x00007ffdd0d1f000 	C:\Program Files\Android\Android Studio\jre\bin\server\jvm.dll
0x00007ffe21510000 - 0x00007ffe215bc000 	C:\Windows\System32\ADVAPI32.dll
0x00007ffe20d40000 - 0x00007ffe20ddb000 	C:\Windows\System32\sechost.dll
0x00007ffe21df0000 - 0x00007ffe21f1a000 	C:\Windows\System32\RPCRT4.dll
0x00007ffe21390000 - 0x00007ffe21398000 	C:\Windows\System32\PSAPI.DLL
0x00007ffe196a0000 - 0x00007ffe196aa000 	C:\Windows\SYSTEM32\VERSION.dll
0x00007ffdf88a0000 - 0x00007ffdf88a9000 	C:\Windows\SYSTEM32\WSOCK32.dll
0x00007ffe05b90000 - 0x00007ffe05bb7000 	C:\Windows\SYSTEM32\WINMM.dll
0x00007ffe211e0000 - 0x00007ffe2124b000 	C:\Windows\System32\WS2_32.dll
0x00007ffe1e1c0000 - 0x00007ffe1e1d2000 	C:\Windows\SYSTEM32\kernel.appcore.dll
0x00007ffe0c6c0000 - 0x00007ffe0c6d1000 	C:\Program Files\Android\Android Studio\jre\bin\verify.dll
0x00007ffe1d6f0000 - 0x00007ffe1d8d4000 	C:\Windows\SYSTEM32\DBGHELP.DLL
0x00007ffe06080000 - 0x00007ffe060ac000 	C:\Windows\SYSTEM32\dbgcore.DLL
0x00007ffe1ff20000 - 0x00007ffe1ffa3000 	C:\Windows\System32\bcryptPrimitives.dll
0x00007ffde57f0000 - 0x00007ffde5819000 	C:\Program Files\Android\Android Studio\jre\bin\java.dll
0x00007ffe1a3d0000 - 0x00007ffe1a3db000 	C:\Program Files\Android\Android Studio\jre\bin\jimage.dll
0x00007ffdf8d60000 - 0x00007ffdf8d78000 	C:\Program Files\Android\Android Studio\jre\bin\zip.dll
0x00007ffe20600000 - 0x00007ffe20d3f000 	C:\Windows\System32\SHELL32.dll
0x00007ffe1d8e0000 - 0x00007ffe1e070000 	C:\Windows\SYSTEM32\windows.storage.dll
0x00007ffe202a0000 - 0x00007ffe205f5000 	C:\Windows\System32\combase.dll
0x00007ffe1f340000 - 0x00007ffe1f36e000 	C:\Windows\SYSTEM32\Wldp.dll
0x00007ffe21090000 - 0x00007ffe2113d000 	C:\Windows\System32\SHCORE.dll
0x00007ffe220d0000 - 0x00007ffe22125000 	C:\Windows\System32\shlwapi.dll
0x00007ffe1f830000 - 0x00007ffe1f84f000 	C:\Windows\SYSTEM32\profapi.dll
0x00007ffdeab70000 - 0x00007ffdeab8a000 	C:\Program Files\Android\Android Studio\jre\bin\net.dll
0x00007ffe155c0000 - 0x00007ffe156cc000 	C:\Windows\SYSTEM32\WINHTTP.dll
0x00007ffe1f0a0000 - 0x00007ffe1f10a000 	C:\Windows\system32\mswsock.dll
0x00007ffde70a0000 - 0x00007ffde70b4000 	C:\Program Files\Android\Android Studio\jre\bin\nio.dll
0x00007ffe0b580000 - 0x00007ffe0b5a7000 	C:\Users\hp\.gradle\native\8bec1ad78214c89d9ad589b4d07fe93259594b29d510b10fafb7a158f7737e5d\windows-amd64\native-platform.dll
0x00007ffdd5fe0000 - 0x00007ffdd611d000 	C:\Users\hp\.gradle\native\53dbd7edfb1c66fb8903c78663c9afc45aea4f116125fa6feffd364cf09443e8\windows-amd64\native-platform-file-events.dll
0x00007ffe11e70000 - 0x00007ffe11e7a000 	C:\Program Files\Android\Android Studio\jre\bin\management.dll
0x00007ffe0e360000 - 0x00007ffe0e36c000 	C:\Program Files\Android\Android Studio\jre\bin\management_ext.dll
0x00007ffe1f290000 - 0x00007ffe1f2a8000 	C:\Windows\SYSTEM32\CRYPTSP.dll
0x00007ffe1e950000 - 0x00007ffe1e984000 	C:\Windows\system32\rsaenh.dll
0x00007ffe1fbc0000 - 0x00007ffe1fbe7000 	C:\Windows\System32\bcrypt.dll
0x00007ffe1f7b0000 - 0x00007ffe1f7de000 	C:\Windows\SYSTEM32\USERENV.dll
0x00007ffe1f2b0000 - 0x00007ffe1f2bc000 	C:\Windows\SYSTEM32\CRYPTBASE.dll
0x00007ffe1ed20000 - 0x00007ffe1ed5b000 	C:\Windows\SYSTEM32\IPHLPAPI.DLL
0x00007ffe21b20000 - 0x00007ffe21b28000 	C:\Windows\System32\NSI.dll
0x00007ffe19540000 - 0x00007ffe19557000 	C:\Windows\SYSTEM32\dhcpcsvc6.DLL
0x00007ffe19520000 - 0x00007ffe1953d000 	C:\Windows\SYSTEM32\dhcpcsvc.DLL
0x00007ffe1ed60000 - 0x00007ffe1ee2b000 	C:\Windows\SYSTEM32\DNSAPI.dll
0x00007ffde3e70000 - 0x00007ffde3e97000 	C:\Program Files\Android\Android Studio\jre\bin\sunec.dll

dbghelp: loaded successfully - version: 4.0.5 - missing functions: none
symbol engine: initialized successfully - sym options: 0x614 - pdb path: .;C:\Program Files\Android\Android Studio\jre\bin;C:\Windows\SYSTEM32;C:\Windows\WinSxS\amd64_microsoft.windows.common-controls_6595b64144ccf1df_6.0.19041.1110_none_60b5254171f9507e;C:\Program Files\Android\Android Studio\jre\bin\server;C:\Users\hp\.gradle\native\8bec1ad78214c89d9ad589b4d07fe93259594b29d510b10fafb7a158f7737e5d\windows-amd64;C:\Users\hp\.gradle\native\53dbd7edfb1c66fb8903c78663c9afc45aea4f116125fa6feffd364cf09443e8\windows-amd64

VM Arguments:
jvm_args: --add-opens=java.base/java.util=ALL-UNNAMED --add-opens=java.base/java.lang=ALL-UNNAMED --add-opens=java.base/java.lang.invoke=ALL-UNNAMED --add-opens=java.base/java.util=ALL-UNNAMED --add-opens=java.prefs/java.util.prefs=ALL-UNNAMED --add-opens=java.prefs/java.util.prefs=ALL-UNNAMED --add-opens=java.base/java.nio.charset=ALL-UNNAMED --add-opens=java.base/java.net=ALL-UNNAMED --add-opens=java.base/java.util.concurrent.atomic=ALL-UNNAMED -Xmx2048m -Dfile.encoding=UTF-8 -Duser.country=US -Duser.language=en -Duser.variant 
java_command: org.gradle.launcher.daemon.bootstrap.GradleDaemon 7.0.2
java_class_path (initial): C:\Users\hp\.gradle\wrapper\dists\gradle-7.0.2-bin\857tjihv64xamwrf0h14cai3r\gradle-7.0.2\lib\gradle-launcher-7.0.2.jar
Launcher Type: SUN_STANDARD

[Global flags]
     intx CICompilerCount                          = 4                                         {product} {ergonomic}
     uint ConcGCThreads                            = 2                                         {product} {ergonomic}
     uint G1ConcRefinementThreads                  = 8                                         {product} {ergonomic}
   size_t G1HeapRegionSize                         = 1048576                                   {product} {ergonomic}
    uintx GCDrainStackTargetSize                   = 64                                        {product} {ergonomic}
   size_t InitialHeapSize                          = 266338304                                 {product} {ergonomic}
   size_t MarkStackSize                            = 4194304                                   {product} {ergonomic}
   size_t MaxHeapSize                              = 2147483648                                {product} {command line}
   size_t MaxNewSize                               = 1287651328                                {product} {ergonomic}
   size_t MinHeapDeltaBytes                        = 1048576                                   {product} {ergonomic}
    uintx NonNMethodCodeHeapSize                   = 5836300                                {pd product} {ergonomic}
    uintx NonProfiledCodeHeapSize                  = 122910970                              {pd product} {ergonomic}
    uintx ProfiledCodeHeapSize                     = 122910970                              {pd product} {ergonomic}
    uintx ReservedCodeCacheSize                    = 251658240                              {pd product} {ergonomic}
     bool SegmentedCodeCache                       = true                                      {product} {ergonomic}
     bool UseCompressedClassPointers               = true                                 {lp64_product} {ergonomic}
     bool UseCompressedOops                        = true                                 {lp64_product} {ergonomic}
     bool UseG1GC                                  = true                                      {product} {ergonomic}
     bool UseLargePagesIndividualAllocation        = false                                  {pd product} {ergonomic}

Logging:
Log output configuration:
 #0: stdout all=warning uptime,level,tags
 #1: stderr all=off uptime,level,tags

Environment Variables:
JAVA_HOME=C:\Program Files\Java\jdk1.8.0_202
PATH=C:\Program Files (x86)\Common Files\Oracle\Java\javapath;C:\Program Files\Common Files\Oracle\Java\javapath;C:\Program Files\Microsoft MPI\Bin\;C:\Program Files (x86)\Common Files\Intel\Shared Libraries\redist\intel64\compiler;C:\oraclexe\app\oracle\product\11.2.0\server\bin;C:\Windows\system32;C:\Windows;C:\Windows\System32\Wbem;C:\Windows\System32\WindowsPowerShell\v1.0\;C:\Windows\System32\OpenSSH\;C:\Program Files\dotnet\;C:\Program Files\Microsoft SQL Server\130\Tools\Binn\;C:\Program Files (x86)\QuickTime\QTSystem\;C:\Program Files\Microsoft SQL Server\Client SDK\ODBC\170\Tools\Binn\;C:\Program Files (x86)\Microsoft SQL Server\150\Tools\Binn\;C:\Program Files\Microsoft SQL Server\150\Tools\Binn\;C:\Program Files\Microsoft SQL Server\150\DTS\Binn\;C:\Program Files (x86)\Microsoft SQL Server\150\DTS\Binn\;C:\Program Files\Azure Data Studio\bin;C:\Program Files\nodejs\;C:\Program Files\Git\cmd;C:\Program Files (x86)\Java\apache-maven-3.8.2\bin;C:\Program Files\Java\jdk1.8.0_202\bin;C:\Users\hp\AppData\Local\Microsoft\WindowsApps;C:\Users\hp\.dotnet\tools;C:\Program Files\Azure Data Studio\bin;C:\Users\hp\AppData\Local\Programs\Microsoft VS Code\bin;C:\Users\hp\AppData\Roaming\npm;C:\Users\hp\AppData\Local\GitHubDesktop\bin;C:\Program Files\JetBrains\IntelliJ IDEA 2021.2\bin;;
USERNAME=Rodriguez
OS=Windows_NT
PROCESSOR_IDENTIFIER=Intel64 Family 6 Model 126 Stepping 5, GenuineIntel



---------------  S Y S T E M  ---------------

OS: Windows 10 , 64 bit Build 19041 (10.0.19041.1348)
OS uptime: 2 days 2:59 hours

CPU:total 8 (initial active 8) (4 cores per cpu, 2 threads per core) family 6 model 126 stepping 5 microcode 0x96, cmov, cx8, fxsr, mmx, sse, sse2, sse3, ssse3, sse4.1, sse4.2, popcnt, avx, avx2, aes, clmul, erms, 3dnowpref, lzcnt, ht, tsc, tscinvbit, bmi1, bmi2, adx, evex, sha, fma

Memory: 4k page, system-wide physical 16165M (2669M free)
TotalPageFile size 16165M (AvailPageFile size 35M)
current process WorkingSet (physical memory assigned to process): 521M, peak: 786M
current process commit charge ("private bytes"): 790M, peak: 839M

vm_info: OpenJDK 64-Bit Server VM (11.0.10+0-b96-7249189) for windows-amd64 JRE (11.0.10+0-b96-7249189), built on Mar 31 2021 21:44:00 by "builder" with MS VC++ 14.0 (VS2015)

END.
